<?xml version="1.0" encoding="UTF-8"?>
<!-- Generated by org.testng.reporters.JUnitXMLReporter -->
<testsuite ignored="0" hostname="ENIC-LDUERO" failures="0" tests="2" name="Login Test" time="20.424" errors="0" timestamp="2024-12-20T14:35:37 GMT+08:00">
  <testcase classname="io.cucumber.testng.AbstractTestNGCucumberTests" name="runScenario" time="16.711"/>
  <testcase classname="io.cucumber.testng.AbstractTestNGCucumberTests" name="runScenario" time="3.226"/>
</testsuite> <!-- Login Test -->
