<?xml version="1.0" encoding="UTF-8"?>
<!-- Generated by org.testng.reporters.JUnitXMLReporter -->
<testsuite ignored="0" hostname="ENIC-LDUERO" failures="0" tests="6" name="Login" time="28.26" errors="0" timestamp="2025-01-07T08:33:37 GMT+08:00">
  <testcase classname="AutomationTesting.BillingTestSuite16th" name="UILoginValidation" time="1.226"/>
  <testcase classname="AutomationTesting.BillingTestSuite16th" name="ValidationOfLogin" time="0.692"/>
  <testcase classname="AutomationTesting.BillingTestSuite16th" name="NavigateBillingModule" time="0.257"/>
  <testcase classname="AutomationTesting.BillingTestSuite16th" name="searchHospital" time="19.57"/>
  <testcase classname="AutomationTesting.BillingTestSuite16th" name="validateBillingPeriodColumn" time="5.034"/>
  <testcase classname="AutomationTesting.BillingTestSuite16th" name="validateBillingDateColumn" time="0.021"/>
</testsuite> <!-- Login -->
