<?xml version="1.0" encoding="UTF-8"?>
<testng-results ignored="0" total="2" passed="2" failed="0" skipped="0">
  <reporter-output>
    <line>
      <![CDATA[Proceed to Login Page]]>
    </line>
    <line>
      <![CDATA[Entering valid credential]]>
    </line>
    <line>
      <![CDATA[Click login button]]>
    </line>
    <line>
      <![CDATA[Proceeding to Connect Page]]>
    </line>
    <line>
      <![CDATA[Closing the browser]]>
    </line>
    <line>
      <![CDATA[Proceed to URL]]>
    </line>
    <line>
      <![CDATA[Inputting Valid Credential]]>
    </line>
    <line>
      <![CDATA[Click Submit Button]]>
    </line>
  </reporter-output>
  <suite started-at="2024-12-20T14:35:17 GMT+08:00" name="Testing" finished-at="2024-12-20T14:35:37 GMT+08:00" duration-ms="20424">
    <groups>
      <group name="cucumber">
        <method signature="AbstractTestNGCucumberTests.runScenario(io.cucumber.testng.PickleWrapper,io.cucumber.testng.FeatureWrapper)[pri:0, instance:com.runner.TestNgRunner@7dc0f706]" name="runScenario" class="io.cucumber.testng.AbstractTestNGCucumberTests"/>
      </group> <!-- cucumber -->
    </groups>
    <test started-at="2024-12-20T14:35:17 GMT+08:00" name="Login Test" finished-at="2024-12-20T14:35:37 GMT+08:00" duration-ms="20424">
      <class name="com.runner.TestNgRunner">
        <test-method is-config="true" signature="setUpClass(org.testng.ITestContext)[pri:0, instance:com.runner.TestNgRunner@7dc0f706]" started-at="2024-12-20T14:35:17 GMT+08:00" name="setUpClass" finished-at="2024-12-20T14:35:17 GMT+08:00" duration-ms="436" status="PASS">
          <params>
            <param index="0">
              <value>
                <![CDATA[org.testng.TestRunner@69a2b3b6]]>
              </value>
            </param>
          </params>
          <reporter-output>
          </reporter-output>
        </test-method> <!-- setUpClass -->
        <test-method signature="runScenario(io.cucumber.testng.PickleWrapper,io.cucumber.testng.FeatureWrapper)[pri:0, instance:com.runner.TestNgRunner@7dc0f706]" started-at="2024-12-20T14:35:17 GMT+08:00" name="runScenario" description="Runs Cucumber Scenarios" data-provider="scenarios" finished-at="2024-12-20T14:35:34 GMT+08:00" duration-ms="16711" status="PASS">
          <params>
            <param index="0">
              <value>
                <![CDATA["Login with valid credentials"]]>
              </value>
            </param>
            <param index="1">
              <value>
                <![CDATA["Login Page Automation EC"]]>
              </value>
            </param>
          </params>
          <reporter-output>
            <line>
              <![CDATA[Proceed to Login Page]]>
            </line>
            <line>
              <![CDATA[Entering valid credential]]>
            </line>
            <line>
              <![CDATA[Click login button]]>
            </line>
            <line>
              <![CDATA[Proceeding to Connect Page]]>
            </line>
            <line>
              <![CDATA[Closing the browser]]>
            </line>
          </reporter-output>
        </test-method> <!-- runScenario -->
        <test-method signature="runScenario(io.cucumber.testng.PickleWrapper,io.cucumber.testng.FeatureWrapper)[pri:0, instance:com.runner.TestNgRunner@7dc0f706]" started-at="2024-12-20T14:35:34 GMT+08:00" name="runScenario" description="Runs Cucumber Scenarios" data-provider="scenarios" finished-at="2024-12-20T14:35:37 GMT+08:00" duration-ms="3226" status="PASS">
          <params>
            <param index="0">
              <value>
                <![CDATA["Successful registration"]]>
              </value>
            </param>
            <param index="1">
              <value>
                <![CDATA["User Registration"]]>
              </value>
            </param>
          </params>
          <reporter-output>
            <line>
              <![CDATA[Proceed to URL]]>
            </line>
            <line>
              <![CDATA[Inputting Valid Credential]]>
            </line>
            <line>
              <![CDATA[Click Submit Button]]>
            </line>
          </reporter-output>
        </test-method> <!-- runScenario -->
        <test-method is-config="true" signature="tearDownClass()[pri:0, instance:com.runner.TestNgRunner@7dc0f706]" started-at="2024-12-20T14:35:37 GMT+08:00" name="tearDownClass" finished-at="2024-12-20T14:35:37 GMT+08:00" duration-ms="15" status="PASS">
          <reporter-output>
          </reporter-output>
        </test-method> <!-- tearDownClass -->
      </class> <!-- com.runner.TestNgRunner -->
    </test> <!-- Login Test -->
  </suite> <!-- Testing -->
</testng-results>
