<?xml version="1.0" encoding="UTF-8"?>
<!-- Generated by org.testng.reporters.JUnitXMLReporter -->
<testsuite ignored="0" hostname="ENIC-LDUERO" failures="0" tests="34" name="Billing Test Suite Monthly" time="162.239" errors="0" timestamp="2025-01-23T10:31:50 GMT+08:00">
  <testcase classname="AutomationTesting.BillingTestSuite30th31st" name="LI01" time="1.406"/>
  <testcase classname="AutomationTesting.BillingTestSuite30th31st" name="LI02" time="1.423"/>
  <testcase classname="AutomationTesting.BillingTestSuite30th31st" name="CL01" time="17.071"/>
  <testcase classname="AutomationTesting.BillingTestSuite30th31st" name="BIL01" time="24.897"/>
  <testcase classname="AutomationTesting.BillingTestSuite30th31st" name="BIL02" time="0.038"/>
  <testcase classname="AutomationTesting.BillingTestSuite30th31st" name="BIL03" time="0.075"/>
  <testcase classname="AutomationTesting.BillingTestSuite30th31st" name="BIL04" time="0.034"/>
  <testcase classname="AutomationTesting.BillingTestSuite30th31st" name="COL01" time="42.732"/>
  <testcase classname="AutomationTesting.BillingTestSuite30th31st" name="COL02" time="10.14"/>
  <testcase classname="AutomationTesting.BillingTestSuite30th31st" name="COL03" time="3.064"/>
  <testcase classname="AutomationTesting.BillingTestSuite30th31st" name="AR01" time="10.259"/>
  <testcase classname="AutomationTesting.BillingTestSuite30th31st" name="AR02" time="0.016"/>
  <testcase classname="AutomationTesting.BillingTestSuite30th31st" name="AR03" time="0.016"/>
  <testcase classname="AutomationTesting.BillingTestSuite30th31st" name="BS01" time="17.274"/>
  <testcase classname="AutomationTesting.BillingTestSuite30th31st" name="BS02" time="3.208"/>
  <testcase classname="AutomationTesting.BillingTestSuite30th31st" name="BS03" time="0.032"/>
  <testcase classname="AutomationTesting.BillingTestSuite30th31st" name="BS04" time="0.031"/>
  <testcase classname="AutomationTesting.BillingTestSuite30th31st" name="BS05" time="0.015"/>
  <testcase classname="AutomationTesting.BillingTestSuite30th31st" name="BS06" time="0.039"/>
  <testcase classname="AutomationTesting.BillingTestSuite30th31st" name="SOA01" time="10.095"/>
  <testcase classname="AutomationTesting.BillingTestSuite30th31st" name="SOA02" time="0.016"/>
  <testcase classname="AutomationTesting.BillingTestSuite30th31st" name="SOA3" time="0.017"/>
  <testcase classname="AutomationTesting.BillingTestSuite30th31st" name="SOA4" time="9.177"/>
  <testcase classname="AutomationTesting.BillingTestSuite30th31st" name="SOA5" time="0.016"/>
  <testcase classname="AutomationTesting.BillingTestSuite30th31st" name="SOA6" time="0.029"/>
  <testcase classname="AutomationTesting.BillingTestSuite30th31st" name="SOA7" time="0.016"/>
  <testcase classname="AutomationTesting.BillingTestSuite30th31st" name="SOA8" time="0.018"/>
  <testcase classname="AutomationTesting.BillingTestSuite30th31st" name="SOA9" time="0.016"/>
  <testcase classname="AutomationTesting.BillingTestSuite30th31st" name="SOA10" time="0.013"/>
  <testcase classname="AutomationTesting.BillingTestSuite30th31st" name="SOA11" time="0.016"/>
  <testcase classname="AutomationTesting.BillingTestSuite30th31st" name="SOA12" time="0.016"/>
  <testcase classname="AutomationTesting.BillingTestSuite30th31st" name="SOA13" time="0.013"/>
  <testcase classname="AutomationTesting.BillingTestSuite30th31st" name="SOA14" time="0.018"/>
  <testcase classname="AutomationTesting.BillingTestSuite30th31st" name="SOA15" time="9.927"/>
</testsuite> <!-- Billing Test Suite Monthly -->
