<?xml version="1.0" encoding="UTF-8"?>
<testng-results ignored="0" total="10" passed="10" failed="0" skipped="0">
  <reporter-output>
    <line>
      <![CDATA[Start of Login Validation...)]]>
    </line>
    <line>
      <![CDATA[Start of Test ID (LI01)]]>
    </line>
    <line>
      <![CDATA[Navigating to URL...]]>
    </line>
    <line>
      <![CDATA[All Elements are loaded!]]>
    </line>
    <line>
      <![CDATA[Test ID (LI01) Passed ]]>
    </line>
    <line>
      <![CDATA[Start of Test ID (LI02)]]>
    </line>
    <line>
      <![CDATA[Inputting Valid Credential]]>
    </line>
    <line>
      <![CDATA[Test ID (LI02) Passed ]]>
    </line>
    <line>
      <![CDATA[End of Login Validation!]]>
    </line>
    <line>
      <![CDATA[Start of Billing Module Validation...]]>
    </line>
    <line>
      <![CDATA[Navigate to Billing Module...]]>
    </line>
    <line>
      <![CDATA[Kebab Icon successfully clicked]]>
    </line>
    <line>
      <![CDATA[Navigating to Hospital...]]>
    </line>
    <line>
      <![CDATA[Start of Test ID (BIL01)]]>
    </line>
    <line>
      <![CDATA[Test ID (BIL01) Passed ]]>
    </line>
    <line>
      <![CDATA[Billing Period is Valid which is: Dec 16, 2024 - Dec 31, 2024]]>
    </line>
    <line>
      <![CDATA[Start of Test ID (BIL02)]]>
    </line>
    <line>
      <![CDATA[Test ID (BIL02) Passed ]]>
    </line>
    <line>
      <![CDATA[Billing Date is Valid which is: Jan 01, 2025]]>
    </line>
    <line>
      <![CDATA[Start of Test ID (BIL03)]]>
    </line>
    <line>
      <![CDATA[Total Amouns is: Php 1,250.00]]>
    </line>
    <line>
      <![CDATA[Test ID (BIL03) Passed ]]>
    </line>
    <line>
      <![CDATA[Start of Test ID (BIL04)]]>
    </line>
    <line>
      <![CDATA[Test ID (BIL04) Passed ]]>
    </line>
    <line>
      <![CDATA[Soa Date is Valid which is: Dec 31, 2024]]>
    </line>
    <line>
      <![CDATA[End of Billing Module]]>
    </line>
    <line>
      <![CDATA[Start of Test ID (COL01)]]>
    </line>
    <line>
      <![CDATA[Start of Collection Module Validation...]]>
    </line>
    <line>
      <![CDATA[Navigate to Collection Module...]]>
    </line>
    <line>
      <![CDATA[Test ID (COL01) Passed ]]>
    </line>
    <line>
      <![CDATA[Billing Period is Valid which is: Dec 16, 2024 - Dec 31, 2024]]>
    </line>
    <line>
      <![CDATA[Total Claims is Valid which is: 125]]>
    </line>
    <line>
      <![CDATA[Total Amount is Valid which is: PHP 1,250.00]]>
    </line>
    <line>
      <![CDATA[Start of Test ID (COL02)]]>
    </line>
    <line>
      <![CDATA[Test ID (COL02) Passed ]]>
    </line>
    <line>
      <![CDATA[Billing Period is Valid which is: DEC 16, 2024 - DEC 31, 2024]]>
    </line>
    <line>
      <![CDATA[Start of Test ID (COL03)]]>
    </line>
    <line>
      <![CDATA[Test ID (COL03) Passed ]]>
    </line>
    <line>
      <![CDATA[Current Balance is correct which is: Php 1,250.00]]>
    </line>
    <line>
      <![CDATA[End of Collection Module]]>
    </line>
    <line>
      <![CDATA[Start of Test ID (AR01)]]>
    </line>
    <line>
      <![CDATA[Start of Account Receivable Module Validation...]]>
    </line>
  </reporter-output>
  <suite started-at="2025-01-09T16:40:45 GMT+08:00" name="Default suite" finished-at="2025-01-09T16:41:37 GMT+08:00" duration-ms="52400">
    <groups>
    </groups>
    <test started-at="2025-01-09T16:40:45 GMT+08:00" name="Default test" finished-at="2025-01-09T16:41:37 GMT+08:00" duration-ms="52400">
      <class name="AutomationTesting.BillingTestSuite16th">
        <test-method is-config="true" signature="setUp()[pri:0, instance:AutomationTesting.BillingTestSuite16th@76505305]" started-at="2025-01-09T16:40:45 GMT+08:00" name="setUp" finished-at="2025-01-09T16:40:46 GMT+08:00" duration-ms="1374" status="PASS">
          <reporter-output>
          </reporter-output>
        </test-method> <!-- setUp -->
        <test-method signature="LI01()[pri:0, instance:AutomationTesting.BillingTestSuite16th@76505305]" started-at="2025-01-09T16:40:46 GMT+08:00" name="LI01" finished-at="2025-01-09T16:40:47 GMT+08:00" duration-ms="1027" status="PASS">
          <reporter-output>
            <line>
              <![CDATA[Start of Login Validation...)]]>
            </line>
            <line>
              <![CDATA[Start of Test ID (LI01)]]>
            </line>
            <line>
              <![CDATA[Navigating to URL...]]>
            </line>
            <line>
              <![CDATA[All Elements are loaded!]]>
            </line>
            <line>
              <![CDATA[Test ID (LI01) Passed ]]>
            </line>
          </reporter-output>
        </test-method> <!-- LI01 -->
        <test-method signature="LI02()[pri:1, instance:AutomationTesting.BillingTestSuite16th@76505305]" started-at="2025-01-09T16:40:47 GMT+08:00" name="LI02" finished-at="2025-01-09T16:40:49 GMT+08:00" duration-ms="1456" status="PASS">
          <reporter-output>
            <line>
              <![CDATA[Start of Test ID (LI02)]]>
            </line>
            <line>
              <![CDATA[Inputting Valid Credential]]>
            </line>
            <line>
              <![CDATA[Test ID (LI02) Passed ]]>
            </line>
            <line>
              <![CDATA[End of Login Validation!]]>
            </line>
          </reporter-output>
        </test-method> <!-- LI02 -->
        <test-method signature="BIL01()[pri:2, instance:AutomationTesting.BillingTestSuite16th@76505305]" started-at="2025-01-09T16:40:49 GMT+08:00" name="BIL01" finished-at="2025-01-09T16:41:10 GMT+08:00" duration-ms="20909" status="PASS">
          <reporter-output>
            <line>
              <![CDATA[Start of Billing Module Validation...]]>
            </line>
            <line>
              <![CDATA[Navigate to Billing Module...]]>
            </line>
            <line>
              <![CDATA[Kebab Icon successfully clicked]]>
            </line>
            <line>
              <![CDATA[Navigating to Hospital...]]>
            </line>
            <line>
              <![CDATA[Start of Test ID (BIL01)]]>
            </line>
            <line>
              <![CDATA[Test ID (BIL01) Passed ]]>
            </line>
            <line>
              <![CDATA[Billing Period is Valid which is: Dec 16, 2024 - Dec 31, 2024]]>
            </line>
          </reporter-output>
        </test-method> <!-- BIL01 -->
        <test-method signature="BIL02()[pri:3, instance:AutomationTesting.BillingTestSuite16th@76505305]" started-at="2025-01-09T16:41:10 GMT+08:00" name="BIL02" finished-at="2025-01-09T16:41:10 GMT+08:00" duration-ms="20" status="PASS">
          <reporter-output>
            <line>
              <![CDATA[Start of Test ID (BIL02)]]>
            </line>
            <line>
              <![CDATA[Test ID (BIL02) Passed ]]>
            </line>
            <line>
              <![CDATA[Billing Date is Valid which is: Jan 01, 2025]]>
            </line>
          </reporter-output>
        </test-method> <!-- BIL02 -->
        <test-method signature="BIL03()[pri:4, instance:AutomationTesting.BillingTestSuite16th@76505305]" started-at="2025-01-09T16:41:10 GMT+08:00" name="BIL03" finished-at="2025-01-09T16:41:10 GMT+08:00" duration-ms="54" status="PASS">
          <reporter-output>
            <line>
              <![CDATA[Start of Test ID (BIL03)]]>
            </line>
            <line>
              <![CDATA[Total Amouns is: Php 1,250.00]]>
            </line>
            <line>
              <![CDATA[Test ID (BIL03) Passed ]]>
            </line>
          </reporter-output>
        </test-method> <!-- BIL03 -->
        <test-method signature="BIL04()[pri:5, instance:AutomationTesting.BillingTestSuite16th@76505305]" started-at="2025-01-09T16:41:10 GMT+08:00" name="BIL04" finished-at="2025-01-09T16:41:10 GMT+08:00" duration-ms="35" status="PASS">
          <reporter-output>
            <line>
              <![CDATA[Start of Test ID (BIL04)]]>
            </line>
            <line>
              <![CDATA[Test ID (BIL04) Passed ]]>
            </line>
            <line>
              <![CDATA[Soa Date is Valid which is: Dec 31, 2024]]>
            </line>
            <line>
              <![CDATA[End of Billing Module]]>
            </line>
          </reporter-output>
        </test-method> <!-- BIL04 -->
        <test-method signature="COL01()[pri:6, instance:AutomationTesting.BillingTestSuite16th@76505305]" started-at="2025-01-09T16:41:10 GMT+08:00" name="COL01" finished-at="2025-01-09T16:41:25 GMT+08:00" duration-ms="14762" status="PASS">
          <reporter-output>
            <line>
              <![CDATA[Start of Test ID (COL01)]]>
            </line>
            <line>
              <![CDATA[Start of Collection Module Validation...]]>
            </line>
            <line>
              <![CDATA[Navigate to Collection Module...]]>
            </line>
            <line>
              <![CDATA[Test ID (COL01) Passed ]]>
            </line>
            <line>
              <![CDATA[Billing Period is Valid which is: Dec 16, 2024 - Dec 31, 2024]]>
            </line>
            <line>
              <![CDATA[Total Claims is Valid which is: 125]]>
            </line>
            <line>
              <![CDATA[Total Amount is Valid which is: PHP 1,250.00]]>
            </line>
          </reporter-output>
        </test-method> <!-- COL01 -->
        <test-method signature="COL02()[pri:7, instance:AutomationTesting.BillingTestSuite16th@76505305]" started-at="2025-01-09T16:41:25 GMT+08:00" name="COL02" finished-at="2025-01-09T16:41:32 GMT+08:00" duration-ms="7091" status="PASS">
          <reporter-output>
            <line>
              <![CDATA[Start of Test ID (COL02)]]>
            </line>
            <line>
              <![CDATA[Test ID (COL02) Passed ]]>
            </line>
            <line>
              <![CDATA[Billing Period is Valid which is: DEC 16, 2024 - DEC 31, 2024]]>
            </line>
          </reporter-output>
        </test-method> <!-- COL02 -->
        <test-method signature="COL03()[pri:8, instance:AutomationTesting.BillingTestSuite16th@76505305]" started-at="2025-01-09T16:41:32 GMT+08:00" name="COL03" finished-at="2025-01-09T16:41:34 GMT+08:00" duration-ms="2098" status="PASS">
          <reporter-output>
            <line>
              <![CDATA[Start of Test ID (COL03)]]>
            </line>
            <line>
              <![CDATA[Test ID (COL03) Passed ]]>
            </line>
            <line>
              <![CDATA[Current Balance is correct which is: Php 1,250.00]]>
            </line>
            <line>
              <![CDATA[End of Collection Module]]>
            </line>
          </reporter-output>
        </test-method> <!-- COL03 -->
        <test-method signature="AR01()[pri:9, instance:AutomationTesting.BillingTestSuite16th@76505305]" started-at="2025-01-09T16:41:34 GMT+08:00" name="AR01" finished-at="2025-01-09T16:41:37 GMT+08:00" duration-ms="3403" status="PASS">
          <reporter-output>
            <line>
              <![CDATA[Start of Test ID (AR01)]]>
            </line>
            <line>
              <![CDATA[Start of Account Receivable Module Validation...]]>
            </line>
          </reporter-output>
        </test-method> <!-- AR01 -->
        <test-method is-config="true" signature="tearDown()[pri:0, instance:AutomationTesting.BillingTestSuite16th@76505305]" started-at="2025-01-09T16:41:37 GMT+08:00" name="tearDown" finished-at="2025-01-09T16:41:37 GMT+08:00" duration-ms="140" status="PASS">
          <reporter-output>
          </reporter-output>
        </test-method> <!-- tearDown -->
      </class> <!-- AutomationTesting.BillingTestSuite16th -->
    </test> <!-- Default test -->
  </suite> <!-- Default suite -->
</testng-results>
