<html>
<head>
<title>TestNG:  Billing Semi Monthly</title>
<link href="../testng.css" rel="stylesheet" type="text/css" />
<link href="../my-testng.css" rel="stylesheet" type="text/css" />

<style type="text/css">
.log { display: none;} 
.stack-trace { display: none;} 
</style>
<script type="text/javascript">
<!--
function flip(e) {
  current = e.style.display;
  if (current == 'block') {
    e.style.display = 'none';
    return 0;
  }
  else {
    e.style.display = 'block';
    return 1;
  }
}

function toggleBox(szDivId, elem, msg1, msg2)
{
  var res = -1;  if (document.getElementById) {
    res = flip(document.getElementById(szDivId));
  }
  else if (document.all) {
    // this is the way old msie versions work
    res = flip(document.all[szDivId]);
  }
  if(elem) {
    if(res == 0) elem.innerHTML = msg1; else elem.innerHTML = msg2;
  }

}

function toggleAllBoxes() {
  if (document.getElementsByTagName) {
    d = document.getElementsByTagName('div');
    for (i = 0; i < d.length; i++) {
      if (d[i].className == 'log') {
        flip(d[i]);
      }
    }
  }
}

// -->
</script>

</head>
<body>
<h2 align='center'>Billing Semi Monthly</h2><table border='1' align="center">
<tr>
<td>Tests passed/Failed/Skipped:</td><td>27/34/0</td>
</tr><tr>
<td>Started on:</td><td>Thu Jan 23 10:14:19 GMT+08:00 2025</td>
</tr>
<tr><td>Total time:</td><td>127 seconds (127402 ms)</td>
</tr><tr>
<td>Included groups:</td><td></td>
</tr><tr>
<td>Excluded groups:</td><td></td>
</tr>
</table><p/>
<small><i>(Hover the method name to see the test class name)</i></small><p/>
<table width='100%' border='1' class='invocation-failed'>
<tr><td colspan='4' align='center'><b>FAILED TESTS</b></td></tr>
<tr><td><b>Test method</b></td>
<td width="30%"><b>Exception</b></td>
<td width="10%"><b>Time (seconds)</b></td>
<td><b>Instance</b></td>
</tr>
<tr>
<td title='AutomationTesting.BillingTestSuite30th31st.SOA01()'><b>SOA01</b><br>Test class: AutomationTesting.BillingTestSuite30th31st<br>Parameters: Jan 01, 2025 - Jan 15, 2025, H10015407<br/>
<a href="#Output-1247348185" onClick='toggleBox("Output-1247348185", this, "Show output", "Hide output");'>Show output</a>

<a href="#Output-1247348185" onClick="toggleAllBoxes();">Show all outputs</a>
<div class='log' id="Output-1247348185">
Start of Test ID (SOA01)<br/>
Navigating to Statement of Account...<br/>
Start of Statement of Account Validation...<br/>
</div>
</td>
<td><div><pre>java.lang.NullPointerException: Cannot invoke &quot;org.openqa.selenium.WebDriver.findElement(org.openqa.selenium.By)&quot; because &quot;this.driver&quot; is null
	at AutomationTesting.BillingTestSuite30th31st.SOA01(BillingTestSuite30th31st.java:1025)
	at java.base/java.util.ArrayList.forEach(ArrayList.java:1597)
... Removed 25 stack frames</pre></div><a href='#' onClick='toggleBox("stack-trace1247348185", this, "Click to show all stack frames", "Click to hide stack frames")'>Click to show all stack frames</a>
<div class='stack-trace' id='stack-trace1247348185'><pre>java.lang.NullPointerException: Cannot invoke &quot;org.openqa.selenium.WebDriver.findElement(org.openqa.selenium.By)&quot; because &quot;this.driver&quot; is null
	at AutomationTesting.BillingTestSuite30th31st.SOA01(BillingTestSuite30th31st.java:1025)
	at java.base/jdk.internal.reflect.DirectMethodHandleAccessor.invoke(DirectMethodHandleAccessor.java:103)
	at java.base/java.lang.reflect.Method.invoke(Method.java:580)
	at org.testng.internal.MethodInvocationHelper.invokeMethod(MethodInvocationHelper.java:133)
	at org.testng.internal.TestInvoker.invokeMethod(TestInvoker.java:598)
	at org.testng.internal.TestInvoker.invokeTestMethod(TestInvoker.java:173)
	at org.testng.internal.MethodRunner.runInSequence(MethodRunner.java:46)
	at org.testng.internal.TestInvoker$MethodInvocationAgent.invoke(TestInvoker.java:824)
	at org.testng.internal.TestInvoker.invokeTestMethods(TestInvoker.java:146)
	at org.testng.internal.TestMethodWorker.invokeTestMethods(TestMethodWorker.java:146)
	at org.testng.internal.TestMethodWorker.run(TestMethodWorker.java:128)
	at java.base/java.util.ArrayList.forEach(ArrayList.java:1597)
	at org.testng.TestRunner.privateRun(TestRunner.java:794)
	at org.testng.TestRunner.run(TestRunner.java:596)
	at org.testng.SuiteRunner.runTest(SuiteRunner.java:377)
	at org.testng.SuiteRunner.runSequentially(SuiteRunner.java:371)
	at org.testng.SuiteRunner.privateRun(SuiteRunner.java:332)
	at org.testng.SuiteRunner.run(SuiteRunner.java:276)
	at org.testng.SuiteRunnerWorker.runSuite(SuiteRunnerWorker.java:53)
	at org.testng.SuiteRunnerWorker.run(SuiteRunnerWorker.java:96)
	at org.testng.TestNG.runSuitesSequentially(TestNG.java:1212)
	at org.testng.TestNG.runSuitesLocally(TestNG.java:1134)
	at org.testng.TestNG.runSuites(TestNG.java:1063)
	at org.testng.TestNG.run(TestNG.java:1031)
	at org.testng.remote.AbstractRemoteTestNG.run(AbstractRemoteTestNG.java:115)
	at org.testng.remote.RemoteTestNG.initAndRun(RemoteTestNG.java:293)
	at org.testng.remote.RemoteTestNG.main(RemoteTestNG.java:91)
</pre></div></td>
<td>0</td>
<td>AutomationTesting.BillingTestSuite30th31st@1d296da</td></tr>
<tr>
<td title='AutomationTesting.BillingTestSuite30th31st.BS06()'><b>BS06</b><br>Test class: AutomationTesting.BillingTestSuite30th31st<br/>
<a href="#Output-1929476736" onClick='toggleBox("Output-1929476736", this, "Show output", "Hide output");'>Show output</a>

<a href="#Output-1929476736" onClick="toggleAllBoxes();">Show all outputs</a>
<div class='log' id="Output-1929476736">
Start of Test ID (BS06)<br/>
</div>
</td>
<td><div><pre>java.lang.NullPointerException: Cannot invoke &quot;org.openqa.selenium.WebDriver.findElement(org.openqa.selenium.By)&quot; because &quot;this.driver&quot; is null
	at AutomationTesting.BillingTestSuite30th31st.BS06(BillingTestSuite30th31st.java:994)
	at java.base/java.util.ArrayList.forEach(ArrayList.java:1597)
... Removed 25 stack frames</pre></div><a href='#' onClick='toggleBox("stack-trace1929476736", this, "Click to show all stack frames", "Click to hide stack frames")'>Click to show all stack frames</a>
<div class='stack-trace' id='stack-trace1929476736'><pre>java.lang.NullPointerException: Cannot invoke &quot;org.openqa.selenium.WebDriver.findElement(org.openqa.selenium.By)&quot; because &quot;this.driver&quot; is null
	at AutomationTesting.BillingTestSuite30th31st.BS06(BillingTestSuite30th31st.java:994)
	at java.base/jdk.internal.reflect.DirectMethodHandleAccessor.invoke(DirectMethodHandleAccessor.java:103)
	at java.base/java.lang.reflect.Method.invoke(Method.java:580)
	at org.testng.internal.MethodInvocationHelper.invokeMethod(MethodInvocationHelper.java:133)
	at org.testng.internal.TestInvoker.invokeMethod(TestInvoker.java:598)
	at org.testng.internal.TestInvoker.invokeTestMethod(TestInvoker.java:173)
	at org.testng.internal.MethodRunner.runInSequence(MethodRunner.java:46)
	at org.testng.internal.TestInvoker$MethodInvocationAgent.invoke(TestInvoker.java:824)
	at org.testng.internal.TestInvoker.invokeTestMethods(TestInvoker.java:146)
	at org.testng.internal.TestMethodWorker.invokeTestMethods(TestMethodWorker.java:146)
	at org.testng.internal.TestMethodWorker.run(TestMethodWorker.java:128)
	at java.base/java.util.ArrayList.forEach(ArrayList.java:1597)
	at org.testng.TestRunner.privateRun(TestRunner.java:794)
	at org.testng.TestRunner.run(TestRunner.java:596)
	at org.testng.SuiteRunner.runTest(SuiteRunner.java:377)
	at org.testng.SuiteRunner.runSequentially(SuiteRunner.java:371)
	at org.testng.SuiteRunner.privateRun(SuiteRunner.java:332)
	at org.testng.SuiteRunner.run(SuiteRunner.java:276)
	at org.testng.SuiteRunnerWorker.runSuite(SuiteRunnerWorker.java:53)
	at org.testng.SuiteRunnerWorker.run(SuiteRunnerWorker.java:96)
	at org.testng.TestNG.runSuitesSequentially(TestNG.java:1212)
	at org.testng.TestNG.runSuitesLocally(TestNG.java:1134)
	at org.testng.TestNG.runSuites(TestNG.java:1063)
	at org.testng.TestNG.run(TestNG.java:1031)
	at org.testng.remote.AbstractRemoteTestNG.run(AbstractRemoteTestNG.java:115)
	at org.testng.remote.RemoteTestNG.initAndRun(RemoteTestNG.java:293)
	at org.testng.remote.RemoteTestNG.main(RemoteTestNG.java:91)
</pre></div></td>
<td>0</td>
<td>AutomationTesting.BillingTestSuite30th31st@1d296da</td></tr>
<tr>
<td title='AutomationTesting.BillingTestSuite30th31st.SOA4()'><b>SOA4</b><br>Test class: AutomationTesting.BillingTestSuite30th31st<br>Parameters: Jan 01, 2025 - Jan 15, 2025<br/>
<a href="#Output-570294012" onClick='toggleBox("Output-570294012", this, "Show output", "Hide output");'>Show output</a>

<a href="#Output-570294012" onClick="toggleAllBoxes();">Show all outputs</a>
<div class='log' id="Output-570294012">
Start of Test ID (SOA04)<br/>
</div>
</td>
<td><div><pre>java.lang.NullPointerException: Cannot invoke &quot;org.openqa.selenium.WebDriver.findElement(org.openqa.selenium.By)&quot; because &quot;this.driver&quot; is null
	at AutomationTesting.BillingTestSuite30th31st.SOA4(BillingTestSuite30th31st.java:1127)
	at java.base/java.util.ArrayList.forEach(ArrayList.java:1597)
... Removed 25 stack frames</pre></div><a href='#' onClick='toggleBox("stack-trace570294012", this, "Click to show all stack frames", "Click to hide stack frames")'>Click to show all stack frames</a>
<div class='stack-trace' id='stack-trace570294012'><pre>java.lang.NullPointerException: Cannot invoke &quot;org.openqa.selenium.WebDriver.findElement(org.openqa.selenium.By)&quot; because &quot;this.driver&quot; is null
	at AutomationTesting.BillingTestSuite30th31st.SOA4(BillingTestSuite30th31st.java:1127)
	at java.base/jdk.internal.reflect.DirectMethodHandleAccessor.invoke(DirectMethodHandleAccessor.java:103)
	at java.base/java.lang.reflect.Method.invoke(Method.java:580)
	at org.testng.internal.MethodInvocationHelper.invokeMethod(MethodInvocationHelper.java:133)
	at org.testng.internal.TestInvoker.invokeMethod(TestInvoker.java:598)
	at org.testng.internal.TestInvoker.invokeTestMethod(TestInvoker.java:173)
	at org.testng.internal.MethodRunner.runInSequence(MethodRunner.java:46)
	at org.testng.internal.TestInvoker$MethodInvocationAgent.invoke(TestInvoker.java:824)
	at org.testng.internal.TestInvoker.invokeTestMethods(TestInvoker.java:146)
	at org.testng.internal.TestMethodWorker.invokeTestMethods(TestMethodWorker.java:146)
	at org.testng.internal.TestMethodWorker.run(TestMethodWorker.java:128)
	at java.base/java.util.ArrayList.forEach(ArrayList.java:1597)
	at org.testng.TestRunner.privateRun(TestRunner.java:794)
	at org.testng.TestRunner.run(TestRunner.java:596)
	at org.testng.SuiteRunner.runTest(SuiteRunner.java:377)
	at org.testng.SuiteRunner.runSequentially(SuiteRunner.java:371)
	at org.testng.SuiteRunner.privateRun(SuiteRunner.java:332)
	at org.testng.SuiteRunner.run(SuiteRunner.java:276)
	at org.testng.SuiteRunnerWorker.runSuite(SuiteRunnerWorker.java:53)
	at org.testng.SuiteRunnerWorker.run(SuiteRunnerWorker.java:96)
	at org.testng.TestNG.runSuitesSequentially(TestNG.java:1212)
	at org.testng.TestNG.runSuitesLocally(TestNG.java:1134)
	at org.testng.TestNG.runSuites(TestNG.java:1063)
	at org.testng.TestNG.run(TestNG.java:1031)
	at org.testng.remote.AbstractRemoteTestNG.run(AbstractRemoteTestNG.java:115)
	at org.testng.remote.RemoteTestNG.initAndRun(RemoteTestNG.java:293)
	at org.testng.remote.RemoteTestNG.main(RemoteTestNG.java:91)
</pre></div></td>
<td>0</td>
<td>AutomationTesting.BillingTestSuite30th31st@1d296da</td></tr>
<tr>
<td title='AutomationTesting.BillingTestSuite30th31st.SOA6()'><b>SOA6</b><br>Test class: AutomationTesting.BillingTestSuite30th31st<br/>
<a href="#Output-1742900195" onClick='toggleBox("Output-1742900195", this, "Show output", "Hide output");'>Show output</a>

<a href="#Output-1742900195" onClick="toggleAllBoxes();">Show all outputs</a>
<div class='log' id="Output-1742900195">
Start of Test ID (SOA06)<br/>
</div>
</td>
<td><div><pre>java.lang.NullPointerException: Cannot invoke &quot;String.replace(java.lang.CharSequence, java.lang.CharSequence)&quot; because &quot;this.totalClaims&quot; is null
	at AutomationTesting.BillingTestSuite30th31st.SOA6(BillingTestSuite30th31st.java:1193)
	at java.base/java.util.ArrayList.forEach(ArrayList.java:1597)
... Removed 25 stack frames</pre></div><a href='#' onClick='toggleBox("stack-trace1742900195", this, "Click to show all stack frames", "Click to hide stack frames")'>Click to show all stack frames</a>
<div class='stack-trace' id='stack-trace1742900195'><pre>java.lang.NullPointerException: Cannot invoke &quot;String.replace(java.lang.CharSequence, java.lang.CharSequence)&quot; because &quot;this.totalClaims&quot; is null
	at AutomationTesting.BillingTestSuite30th31st.SOA6(BillingTestSuite30th31st.java:1193)
	at java.base/jdk.internal.reflect.DirectMethodHandleAccessor.invoke(DirectMethodHandleAccessor.java:103)
	at java.base/java.lang.reflect.Method.invoke(Method.java:580)
	at org.testng.internal.MethodInvocationHelper.invokeMethod(MethodInvocationHelper.java:133)
	at org.testng.internal.TestInvoker.invokeMethod(TestInvoker.java:598)
	at org.testng.internal.TestInvoker.invokeTestMethod(TestInvoker.java:173)
	at org.testng.internal.MethodRunner.runInSequence(MethodRunner.java:46)
	at org.testng.internal.TestInvoker$MethodInvocationAgent.invoke(TestInvoker.java:824)
	at org.testng.internal.TestInvoker.invokeTestMethods(TestInvoker.java:146)
	at org.testng.internal.TestMethodWorker.invokeTestMethods(TestMethodWorker.java:146)
	at org.testng.internal.TestMethodWorker.run(TestMethodWorker.java:128)
	at java.base/java.util.ArrayList.forEach(ArrayList.java:1597)
	at org.testng.TestRunner.privateRun(TestRunner.java:794)
	at org.testng.TestRunner.run(TestRunner.java:596)
	at org.testng.SuiteRunner.runTest(SuiteRunner.java:377)
	at org.testng.SuiteRunner.runSequentially(SuiteRunner.java:371)
	at org.testng.SuiteRunner.privateRun(SuiteRunner.java:332)
	at org.testng.SuiteRunner.run(SuiteRunner.java:276)
	at org.testng.SuiteRunnerWorker.runSuite(SuiteRunnerWorker.java:53)
	at org.testng.SuiteRunnerWorker.run(SuiteRunnerWorker.java:96)
	at org.testng.TestNG.runSuitesSequentially(TestNG.java:1212)
	at org.testng.TestNG.runSuitesLocally(TestNG.java:1134)
	at org.testng.TestNG.runSuites(TestNG.java:1063)
	at org.testng.TestNG.run(TestNG.java:1031)
	at org.testng.remote.AbstractRemoteTestNG.run(AbstractRemoteTestNG.java:115)
	at org.testng.remote.RemoteTestNG.initAndRun(RemoteTestNG.java:293)
	at org.testng.remote.RemoteTestNG.main(RemoteTestNG.java:91)
</pre></div></td>
<td>0</td>
<td>AutomationTesting.BillingTestSuite30th31st@1d296da</td></tr>
<tr>
<td title='AutomationTesting.BillingTestSuite30th31st.CL01()'><b>CL01</b><br>Test class: AutomationTesting.BillingTestSuite30th31st<br>Parameters: H10015407<br/>
<a href="#Output-1690294013" onClick='toggleBox("Output-1690294013", this, "Show output", "Hide output");'>Show output</a>

<a href="#Output-1690294013" onClick="toggleAllBoxes();">Show all outputs</a>
<div class='log' id="Output-1690294013">
Getting Registered Name...<br/>
</div>
</td>
<td><div><pre>java.lang.NullPointerException: Cannot invoke &quot;org.openqa.selenium.WebDriver.findElement(org.openqa.selenium.By)&quot; because &quot;this.driver&quot; is null
	at AutomationTesting.BillingTestSuite30th31st.CL01(BillingTestSuite30th31st.java:102)
	at java.base/java.util.ArrayList.forEach(ArrayList.java:1597)
... Removed 25 stack frames</pre></div><a href='#' onClick='toggleBox("stack-trace1690294013", this, "Click to show all stack frames", "Click to hide stack frames")'>Click to show all stack frames</a>
<div class='stack-trace' id='stack-trace1690294013'><pre>java.lang.NullPointerException: Cannot invoke &quot;org.openqa.selenium.WebDriver.findElement(org.openqa.selenium.By)&quot; because &quot;this.driver&quot; is null
	at AutomationTesting.BillingTestSuite30th31st.CL01(BillingTestSuite30th31st.java:102)
	at java.base/jdk.internal.reflect.DirectMethodHandleAccessor.invoke(DirectMethodHandleAccessor.java:103)
	at java.base/java.lang.reflect.Method.invoke(Method.java:580)
	at org.testng.internal.MethodInvocationHelper.invokeMethod(MethodInvocationHelper.java:133)
	at org.testng.internal.TestInvoker.invokeMethod(TestInvoker.java:598)
	at org.testng.internal.TestInvoker.invokeTestMethod(TestInvoker.java:173)
	at org.testng.internal.MethodRunner.runInSequence(MethodRunner.java:46)
	at org.testng.internal.TestInvoker$MethodInvocationAgent.invoke(TestInvoker.java:824)
	at org.testng.internal.TestInvoker.invokeTestMethods(TestInvoker.java:146)
	at org.testng.internal.TestMethodWorker.invokeTestMethods(TestMethodWorker.java:146)
	at org.testng.internal.TestMethodWorker.run(TestMethodWorker.java:128)
	at java.base/java.util.ArrayList.forEach(ArrayList.java:1597)
	at org.testng.TestRunner.privateRun(TestRunner.java:794)
	at org.testng.TestRunner.run(TestRunner.java:596)
	at org.testng.SuiteRunner.runTest(SuiteRunner.java:377)
	at org.testng.SuiteRunner.runSequentially(SuiteRunner.java:371)
	at org.testng.SuiteRunner.privateRun(SuiteRunner.java:332)
	at org.testng.SuiteRunner.run(SuiteRunner.java:276)
	at org.testng.SuiteRunnerWorker.runSuite(SuiteRunnerWorker.java:53)
	at org.testng.SuiteRunnerWorker.run(SuiteRunnerWorker.java:96)
	at org.testng.TestNG.runSuitesSequentially(TestNG.java:1212)
	at org.testng.TestNG.runSuitesLocally(TestNG.java:1134)
	at org.testng.TestNG.runSuites(TestNG.java:1063)
	at org.testng.TestNG.run(TestNG.java:1031)
	at org.testng.remote.AbstractRemoteTestNG.run(AbstractRemoteTestNG.java:115)
	at org.testng.remote.RemoteTestNG.initAndRun(RemoteTestNG.java:293)
	at org.testng.remote.RemoteTestNG.main(RemoteTestNG.java:91)
</pre></div></td>
<td>0</td>
<td>AutomationTesting.BillingTestSuite30th31st@1d296da</td></tr>
<tr>
<td title='AutomationTesting.BillingTestSuite30th31st.SOA7()'><b>SOA7</b><br>Test class: AutomationTesting.BillingTestSuite30th31st<br/>
<a href="#Output-232886115" onClick='toggleBox("Output-232886115", this, "Show output", "Hide output");'>Show output</a>

<a href="#Output-232886115" onClick="toggleAllBoxes();">Show all outputs</a>
<div class='log' id="Output-232886115">
Start of Test ID (SOA07)<br/>
</div>
</td>
<td><div><pre>java.lang.NullPointerException: Cannot invoke &quot;String.replace(java.lang.CharSequence, java.lang.CharSequence)&quot; because &quot;this.formattedTotalAmount&quot; is null
	at AutomationTesting.BillingTestSuite30th31st.SOA7(BillingTestSuite30th31st.java:1232)
	at java.base/java.util.ArrayList.forEach(ArrayList.java:1597)
... Removed 25 stack frames</pre></div><a href='#' onClick='toggleBox("stack-trace232886115", this, "Click to show all stack frames", "Click to hide stack frames")'>Click to show all stack frames</a>
<div class='stack-trace' id='stack-trace232886115'><pre>java.lang.NullPointerException: Cannot invoke &quot;String.replace(java.lang.CharSequence, java.lang.CharSequence)&quot; because &quot;this.formattedTotalAmount&quot; is null
	at AutomationTesting.BillingTestSuite30th31st.SOA7(BillingTestSuite30th31st.java:1232)
	at java.base/jdk.internal.reflect.DirectMethodHandleAccessor.invoke(DirectMethodHandleAccessor.java:103)
	at java.base/java.lang.reflect.Method.invoke(Method.java:580)
	at org.testng.internal.MethodInvocationHelper.invokeMethod(MethodInvocationHelper.java:133)
	at org.testng.internal.TestInvoker.invokeMethod(TestInvoker.java:598)
	at org.testng.internal.TestInvoker.invokeTestMethod(TestInvoker.java:173)
	at org.testng.internal.MethodRunner.runInSequence(MethodRunner.java:46)
	at org.testng.internal.TestInvoker$MethodInvocationAgent.invoke(TestInvoker.java:824)
	at org.testng.internal.TestInvoker.invokeTestMethods(TestInvoker.java:146)
	at org.testng.internal.TestMethodWorker.invokeTestMethods(TestMethodWorker.java:146)
	at org.testng.internal.TestMethodWorker.run(TestMethodWorker.java:128)
	at java.base/java.util.ArrayList.forEach(ArrayList.java:1597)
	at org.testng.TestRunner.privateRun(TestRunner.java:794)
	at org.testng.TestRunner.run(TestRunner.java:596)
	at org.testng.SuiteRunner.runTest(SuiteRunner.java:377)
	at org.testng.SuiteRunner.runSequentially(SuiteRunner.java:371)
	at org.testng.SuiteRunner.privateRun(SuiteRunner.java:332)
	at org.testng.SuiteRunner.run(SuiteRunner.java:276)
	at org.testng.SuiteRunnerWorker.runSuite(SuiteRunnerWorker.java:53)
	at org.testng.SuiteRunnerWorker.run(SuiteRunnerWorker.java:96)
	at org.testng.TestNG.runSuitesSequentially(TestNG.java:1212)
	at org.testng.TestNG.runSuitesLocally(TestNG.java:1134)
	at org.testng.TestNG.runSuites(TestNG.java:1063)
	at org.testng.TestNG.run(TestNG.java:1031)
	at org.testng.remote.AbstractRemoteTestNG.run(AbstractRemoteTestNG.java:115)
	at org.testng.remote.RemoteTestNG.initAndRun(RemoteTestNG.java:293)
	at org.testng.remote.RemoteTestNG.main(RemoteTestNG.java:91)
</pre></div></td>
<td>0</td>
<td>AutomationTesting.BillingTestSuite30th31st@1d296da</td></tr>
<tr>
<td title='AutomationTesting.BillingTestSuite30th31st.SOA15()'><b>SOA15</b><br>Test class: AutomationTesting.BillingTestSuite30th31st<br>Parameters: https://manager.easyclaimsph.com/SOA, H10015407, Jan 01, 2025 - Jan 15, 2025, Jan 16, 2025<br/>
<a href="#Output-1420599919" onClick='toggleBox("Output-1420599919", this, "Show output", "Hide output");'>Show output</a>

<a href="#Output-1420599919" onClick="toggleAllBoxes();">Show all outputs</a>
<div class='log' id="Output-1420599919">
Start of Test ID (SOA15)<br/>
</div>
</td>
<td><div><pre>java.lang.NullPointerException: Cannot invoke &quot;org.openqa.selenium.WebDriver.get(String)&quot; because &quot;this.driver&quot; is null
	at AutomationTesting.BillingTestSuite30th31st.SOA15(BillingTestSuite30th31st.java:1464)
	at java.base/java.util.ArrayList.forEach(ArrayList.java:1597)
... Removed 25 stack frames</pre></div><a href='#' onClick='toggleBox("stack-trace1420599919", this, "Click to show all stack frames", "Click to hide stack frames")'>Click to show all stack frames</a>
<div class='stack-trace' id='stack-trace1420599919'><pre>java.lang.NullPointerException: Cannot invoke &quot;org.openqa.selenium.WebDriver.get(String)&quot; because &quot;this.driver&quot; is null
	at AutomationTesting.BillingTestSuite30th31st.SOA15(BillingTestSuite30th31st.java:1464)
	at java.base/jdk.internal.reflect.DirectMethodHandleAccessor.invoke(DirectMethodHandleAccessor.java:103)
	at java.base/java.lang.reflect.Method.invoke(Method.java:580)
	at org.testng.internal.MethodInvocationHelper.invokeMethod(MethodInvocationHelper.java:133)
	at org.testng.internal.TestInvoker.invokeMethod(TestInvoker.java:598)
	at org.testng.internal.TestInvoker.invokeTestMethod(TestInvoker.java:173)
	at org.testng.internal.MethodRunner.runInSequence(MethodRunner.java:46)
	at org.testng.internal.TestInvoker$MethodInvocationAgent.invoke(TestInvoker.java:824)
	at org.testng.internal.TestInvoker.invokeTestMethods(TestInvoker.java:146)
	at org.testng.internal.TestMethodWorker.invokeTestMethods(TestMethodWorker.java:146)
	at org.testng.internal.TestMethodWorker.run(TestMethodWorker.java:128)
	at java.base/java.util.ArrayList.forEach(ArrayList.java:1597)
	at org.testng.TestRunner.privateRun(TestRunner.java:794)
	at org.testng.TestRunner.run(TestRunner.java:596)
	at org.testng.SuiteRunner.runTest(SuiteRunner.java:377)
	at org.testng.SuiteRunner.runSequentially(SuiteRunner.java:371)
	at org.testng.SuiteRunner.privateRun(SuiteRunner.java:332)
	at org.testng.SuiteRunner.run(SuiteRunner.java:276)
	at org.testng.SuiteRunnerWorker.runSuite(SuiteRunnerWorker.java:53)
	at org.testng.SuiteRunnerWorker.run(SuiteRunnerWorker.java:96)
	at org.testng.TestNG.runSuitesSequentially(TestNG.java:1212)
	at org.testng.TestNG.runSuitesLocally(TestNG.java:1134)
	at org.testng.TestNG.runSuites(TestNG.java:1063)
	at org.testng.TestNG.run(TestNG.java:1031)
	at org.testng.remote.AbstractRemoteTestNG.run(AbstractRemoteTestNG.java:115)
	at org.testng.remote.RemoteTestNG.initAndRun(RemoteTestNG.java:293)
	at org.testng.remote.RemoteTestNG.main(RemoteTestNG.java:91)
</pre></div></td>
<td>0</td>
<td>AutomationTesting.BillingTestSuite30th31st@1d296da</td></tr>
<tr>
<td title='AutomationTesting.BillingTestSuite30th31st.SOA9()'><b>SOA9</b><br>Test class: AutomationTesting.BillingTestSuite30th31st<br/>
<a href="#Output-1318080469" onClick='toggleBox("Output-1318080469", this, "Show output", "Hide output");'>Show output</a>

<a href="#Output-1318080469" onClick="toggleAllBoxes();">Show all outputs</a>
<div class='log' id="Output-1318080469">
Start of Test ID (SOA09)<br/>
</div>
</td>
<td><div><pre>java.lang.NullPointerException: Cannot invoke &quot;String.replace(java.lang.CharSequence, java.lang.CharSequence)&quot; because &quot;this.vatableSales&quot; is null
	at AutomationTesting.BillingTestSuite30th31st.SOA9(BillingTestSuite30th31st.java:1301)
	at java.base/java.util.ArrayList.forEach(ArrayList.java:1597)
... Removed 25 stack frames</pre></div><a href='#' onClick='toggleBox("stack-trace1318080469", this, "Click to show all stack frames", "Click to hide stack frames")'>Click to show all stack frames</a>
<div class='stack-trace' id='stack-trace1318080469'><pre>java.lang.NullPointerException: Cannot invoke &quot;String.replace(java.lang.CharSequence, java.lang.CharSequence)&quot; because &quot;this.vatableSales&quot; is null
	at AutomationTesting.BillingTestSuite30th31st.SOA9(BillingTestSuite30th31st.java:1301)
	at java.base/jdk.internal.reflect.DirectMethodHandleAccessor.invoke(DirectMethodHandleAccessor.java:103)
	at java.base/java.lang.reflect.Method.invoke(Method.java:580)
	at org.testng.internal.MethodInvocationHelper.invokeMethod(MethodInvocationHelper.java:133)
	at org.testng.internal.TestInvoker.invokeMethod(TestInvoker.java:598)
	at org.testng.internal.TestInvoker.invokeTestMethod(TestInvoker.java:173)
	at org.testng.internal.MethodRunner.runInSequence(MethodRunner.java:46)
	at org.testng.internal.TestInvoker$MethodInvocationAgent.invoke(TestInvoker.java:824)
	at org.testng.internal.TestInvoker.invokeTestMethods(TestInvoker.java:146)
	at org.testng.internal.TestMethodWorker.invokeTestMethods(TestMethodWorker.java:146)
	at org.testng.internal.TestMethodWorker.run(TestMethodWorker.java:128)
	at java.base/java.util.ArrayList.forEach(ArrayList.java:1597)
	at org.testng.TestRunner.privateRun(TestRunner.java:794)
	at org.testng.TestRunner.run(TestRunner.java:596)
	at org.testng.SuiteRunner.runTest(SuiteRunner.java:377)
	at org.testng.SuiteRunner.runSequentially(SuiteRunner.java:371)
	at org.testng.SuiteRunner.privateRun(SuiteRunner.java:332)
	at org.testng.SuiteRunner.run(SuiteRunner.java:276)
	at org.testng.SuiteRunnerWorker.runSuite(SuiteRunnerWorker.java:53)
	at org.testng.SuiteRunnerWorker.run(SuiteRunnerWorker.java:96)
	at org.testng.TestNG.runSuitesSequentially(TestNG.java:1212)
	at org.testng.TestNG.runSuitesLocally(TestNG.java:1134)
	at org.testng.TestNG.runSuites(TestNG.java:1063)
	at org.testng.TestNG.run(TestNG.java:1031)
	at org.testng.remote.AbstractRemoteTestNG.run(AbstractRemoteTestNG.java:115)
	at org.testng.remote.RemoteTestNG.initAndRun(RemoteTestNG.java:293)
	at org.testng.remote.RemoteTestNG.main(RemoteTestNG.java:91)
</pre></div></td>
<td>0</td>
<td>AutomationTesting.BillingTestSuite30th31st@1d296da</td></tr>
<tr>
<td title='AutomationTesting.BillingTestSuite30th31st.LI02()'><b>LI02</b><br>Test class: AutomationTesting.BillingTestSuite30th31st<br/>
<a href="#Output-665846007" onClick='toggleBox("Output-665846007", this, "Show output", "Hide output");'>Show output</a>

<a href="#Output-665846007" onClick="toggleAllBoxes();">Show all outputs</a>
<div class='log' id="Output-665846007">
Start of Test ID (LI02)<br/>
Inputting Valid Credential<br/>
</div>
</td>
<td><div><pre>java.lang.NullPointerException: Cannot invoke &quot;org.openqa.selenium.WebDriver.findElement(org.openqa.selenium.By)&quot; because &quot;this.driver&quot; is null
	at AutomationTesting.BillingTestSuite30th31st.LI02(BillingTestSuite30th31st.java:76)
	at java.base/java.util.ArrayList.forEach(ArrayList.java:1597)
... Removed 25 stack frames</pre></div><a href='#' onClick='toggleBox("stack-trace665846007", this, "Click to show all stack frames", "Click to hide stack frames")'>Click to show all stack frames</a>
<div class='stack-trace' id='stack-trace665846007'><pre>java.lang.NullPointerException: Cannot invoke &quot;org.openqa.selenium.WebDriver.findElement(org.openqa.selenium.By)&quot; because &quot;this.driver&quot; is null
	at AutomationTesting.BillingTestSuite30th31st.LI02(BillingTestSuite30th31st.java:76)
	at java.base/jdk.internal.reflect.DirectMethodHandleAccessor.invoke(DirectMethodHandleAccessor.java:103)
	at java.base/java.lang.reflect.Method.invoke(Method.java:580)
	at org.testng.internal.MethodInvocationHelper.invokeMethod(MethodInvocationHelper.java:133)
	at org.testng.internal.TestInvoker.invokeMethod(TestInvoker.java:598)
	at org.testng.internal.TestInvoker.invokeTestMethod(TestInvoker.java:173)
	at org.testng.internal.MethodRunner.runInSequence(MethodRunner.java:46)
	at org.testng.internal.TestInvoker$MethodInvocationAgent.invoke(TestInvoker.java:824)
	at org.testng.internal.TestInvoker.invokeTestMethods(TestInvoker.java:146)
	at org.testng.internal.TestMethodWorker.invokeTestMethods(TestMethodWorker.java:146)
	at org.testng.internal.TestMethodWorker.run(TestMethodWorker.java:128)
	at java.base/java.util.ArrayList.forEach(ArrayList.java:1597)
	at org.testng.TestRunner.privateRun(TestRunner.java:794)
	at org.testng.TestRunner.run(TestRunner.java:596)
	at org.testng.SuiteRunner.runTest(SuiteRunner.java:377)
	at org.testng.SuiteRunner.runSequentially(SuiteRunner.java:371)
	at org.testng.SuiteRunner.privateRun(SuiteRunner.java:332)
	at org.testng.SuiteRunner.run(SuiteRunner.java:276)
	at org.testng.SuiteRunnerWorker.runSuite(SuiteRunnerWorker.java:53)
	at org.testng.SuiteRunnerWorker.run(SuiteRunnerWorker.java:96)
	at org.testng.TestNG.runSuitesSequentially(TestNG.java:1212)
	at org.testng.TestNG.runSuitesLocally(TestNG.java:1134)
	at org.testng.TestNG.runSuites(TestNG.java:1063)
	at org.testng.TestNG.run(TestNG.java:1031)
	at org.testng.remote.AbstractRemoteTestNG.run(AbstractRemoteTestNG.java:115)
	at org.testng.remote.RemoteTestNG.initAndRun(RemoteTestNG.java:293)
	at org.testng.remote.RemoteTestNG.main(RemoteTestNG.java:91)
</pre></div></td>
<td>0</td>
<td>AutomationTesting.BillingTestSuite30th31st@1d296da</td></tr>
<tr>
<td title='AutomationTesting.BillingTestSuite30th31st.LI01()'><b>LI01</b><br>Test class: AutomationTesting.BillingTestSuite30th31st<br>Parameters: https://manager.easyclaimsph.com<br/>
<a href="#Output-468033320" onClick='toggleBox("Output-468033320", this, "Show output", "Hide output");'>Show output</a>

<a href="#Output-468033320" onClick="toggleAllBoxes();">Show all outputs</a>
<div class='log' id="Output-468033320">
Start of Login Validation...)<br/>
Start of Test ID (LI01)<br/>
Navigating to URL...<br/>
</div>
</td>
<td><div><pre>java.lang.NullPointerException: Cannot invoke &quot;org.openqa.selenium.WebDriver.get(String)&quot; because &quot;this.driver&quot; is null
	at AutomationTesting.BillingTestSuite30th31st.LI01(BillingTestSuite30th31st.java:47)
	at java.base/java.util.ArrayList.forEach(ArrayList.java:1597)
... Removed 25 stack frames</pre></div><a href='#' onClick='toggleBox("stack-trace468033320", this, "Click to show all stack frames", "Click to hide stack frames")'>Click to show all stack frames</a>
<div class='stack-trace' id='stack-trace468033320'><pre>java.lang.NullPointerException: Cannot invoke &quot;org.openqa.selenium.WebDriver.get(String)&quot; because &quot;this.driver&quot; is null
	at AutomationTesting.BillingTestSuite30th31st.LI01(BillingTestSuite30th31st.java:47)
	at java.base/jdk.internal.reflect.DirectMethodHandleAccessor.invoke(DirectMethodHandleAccessor.java:103)
	at java.base/java.lang.reflect.Method.invoke(Method.java:580)
	at org.testng.internal.MethodInvocationHelper.invokeMethod(MethodInvocationHelper.java:133)
	at org.testng.internal.TestInvoker.invokeMethod(TestInvoker.java:598)
	at org.testng.internal.TestInvoker.invokeTestMethod(TestInvoker.java:173)
	at org.testng.internal.MethodRunner.runInSequence(MethodRunner.java:46)
	at org.testng.internal.TestInvoker$MethodInvocationAgent.invoke(TestInvoker.java:824)
	at org.testng.internal.TestInvoker.invokeTestMethods(TestInvoker.java:146)
	at org.testng.internal.TestMethodWorker.invokeTestMethods(TestMethodWorker.java:146)
	at org.testng.internal.TestMethodWorker.run(TestMethodWorker.java:128)
	at java.base/java.util.ArrayList.forEach(ArrayList.java:1597)
	at org.testng.TestRunner.privateRun(TestRunner.java:794)
	at org.testng.TestRunner.run(TestRunner.java:596)
	at org.testng.SuiteRunner.runTest(SuiteRunner.java:377)
	at org.testng.SuiteRunner.runSequentially(SuiteRunner.java:371)
	at org.testng.SuiteRunner.privateRun(SuiteRunner.java:332)
	at org.testng.SuiteRunner.run(SuiteRunner.java:276)
	at org.testng.SuiteRunnerWorker.runSuite(SuiteRunnerWorker.java:53)
	at org.testng.SuiteRunnerWorker.run(SuiteRunnerWorker.java:96)
	at org.testng.TestNG.runSuitesSequentially(TestNG.java:1212)
	at org.testng.TestNG.runSuitesLocally(TestNG.java:1134)
	at org.testng.TestNG.runSuites(TestNG.java:1063)
	at org.testng.TestNG.run(TestNG.java:1031)
	at org.testng.remote.AbstractRemoteTestNG.run(AbstractRemoteTestNG.java:115)
	at org.testng.remote.RemoteTestNG.initAndRun(RemoteTestNG.java:293)
	at org.testng.remote.RemoteTestNG.main(RemoteTestNG.java:91)
</pre></div></td>
<td>0</td>
<td>AutomationTesting.BillingTestSuite30th31st@1d296da</td></tr>
<tr>
<td title='AutomationTesting.BillingTestSuite30th31st.BIL02()'><b>BIL02</b><br>Test class: AutomationTesting.BillingTestSuite30th31st<br>Parameters: Jan 16, 2025<br/>
<a href="#Output-860941277" onClick='toggleBox("Output-860941277", this, "Show output", "Hide output");'>Show output</a>

<a href="#Output-860941277" onClick="toggleAllBoxes();">Show all outputs</a>
<div class='log' id="Output-860941277">
Start of Test ID (BIL02)<br/>
</div>
</td>
<td><div><pre>java.lang.NullPointerException: Cannot invoke &quot;org.openqa.selenium.WebDriver.findElement(org.openqa.selenium.By)&quot; because &quot;this.driver&quot; is null
	at AutomationTesting.BillingTestSuite30th31st.BIL02(BillingTestSuite30th31st.java:296)
	at java.base/java.util.ArrayList.forEach(ArrayList.java:1597)
... Removed 25 stack frames</pre></div><a href='#' onClick='toggleBox("stack-trace860941277", this, "Click to show all stack frames", "Click to hide stack frames")'>Click to show all stack frames</a>
<div class='stack-trace' id='stack-trace860941277'><pre>java.lang.NullPointerException: Cannot invoke &quot;org.openqa.selenium.WebDriver.findElement(org.openqa.selenium.By)&quot; because &quot;this.driver&quot; is null
	at AutomationTesting.BillingTestSuite30th31st.BIL02(BillingTestSuite30th31st.java:296)
	at java.base/jdk.internal.reflect.DirectMethodHandleAccessor.invoke(DirectMethodHandleAccessor.java:103)
	at java.base/java.lang.reflect.Method.invoke(Method.java:580)
	at org.testng.internal.MethodInvocationHelper.invokeMethod(MethodInvocationHelper.java:133)
	at org.testng.internal.TestInvoker.invokeMethod(TestInvoker.java:598)
	at org.testng.internal.TestInvoker.invokeTestMethod(TestInvoker.java:173)
	at org.testng.internal.MethodRunner.runInSequence(MethodRunner.java:46)
	at org.testng.internal.TestInvoker$MethodInvocationAgent.invoke(TestInvoker.java:824)
	at org.testng.internal.TestInvoker.invokeTestMethods(TestInvoker.java:146)
	at org.testng.internal.TestMethodWorker.invokeTestMethods(TestMethodWorker.java:146)
	at org.testng.internal.TestMethodWorker.run(TestMethodWorker.java:128)
	at java.base/java.util.ArrayList.forEach(ArrayList.java:1597)
	at org.testng.TestRunner.privateRun(TestRunner.java:794)
	at org.testng.TestRunner.run(TestRunner.java:596)
	at org.testng.SuiteRunner.runTest(SuiteRunner.java:377)
	at org.testng.SuiteRunner.runSequentially(SuiteRunner.java:371)
	at org.testng.SuiteRunner.privateRun(SuiteRunner.java:332)
	at org.testng.SuiteRunner.run(SuiteRunner.java:276)
	at org.testng.SuiteRunnerWorker.runSuite(SuiteRunnerWorker.java:53)
	at org.testng.SuiteRunnerWorker.run(SuiteRunnerWorker.java:96)
	at org.testng.TestNG.runSuitesSequentially(TestNG.java:1212)
	at org.testng.TestNG.runSuitesLocally(TestNG.java:1134)
	at org.testng.TestNG.runSuites(TestNG.java:1063)
	at org.testng.TestNG.run(TestNG.java:1031)
	at org.testng.remote.AbstractRemoteTestNG.run(AbstractRemoteTestNG.java:115)
	at org.testng.remote.RemoteTestNG.initAndRun(RemoteTestNG.java:293)
	at org.testng.remote.RemoteTestNG.main(RemoteTestNG.java:91)
</pre></div></td>
<td>0</td>
<td>AutomationTesting.BillingTestSuite30th31st@1d296da</td></tr>
<tr>
<td title='AutomationTesting.BillingTestSuite30th31st.SOA02()'><b>SOA02</b><br>Test class: AutomationTesting.BillingTestSuite30th31st<br>Parameters: Jan 16, 2025<br/>
<a href="#Output-1653859230" onClick='toggleBox("Output-1653859230", this, "Show output", "Hide output");'>Show output</a>

<a href="#Output-1653859230" onClick="toggleAllBoxes();">Show all outputs</a>
<div class='log' id="Output-1653859230">
Start of Test ID (SOA02)<br/>
</div>
</td>
<td><div><pre>java.lang.NullPointerException: Cannot invoke &quot;org.openqa.selenium.WebDriver.findElement(org.openqa.selenium.By)&quot; because &quot;this.driver&quot; is null
	at AutomationTesting.BillingTestSuite30th31st.SOA02(BillingTestSuite30th31st.java:1085)
	at java.base/java.util.ArrayList.forEach(ArrayList.java:1597)
... Removed 25 stack frames</pre></div><a href='#' onClick='toggleBox("stack-trace1653859230", this, "Click to show all stack frames", "Click to hide stack frames")'>Click to show all stack frames</a>
<div class='stack-trace' id='stack-trace1653859230'><pre>java.lang.NullPointerException: Cannot invoke &quot;org.openqa.selenium.WebDriver.findElement(org.openqa.selenium.By)&quot; because &quot;this.driver&quot; is null
	at AutomationTesting.BillingTestSuite30th31st.SOA02(BillingTestSuite30th31st.java:1085)
	at java.base/jdk.internal.reflect.DirectMethodHandleAccessor.invoke(DirectMethodHandleAccessor.java:103)
	at java.base/java.lang.reflect.Method.invoke(Method.java:580)
	at org.testng.internal.MethodInvocationHelper.invokeMethod(MethodInvocationHelper.java:133)
	at org.testng.internal.TestInvoker.invokeMethod(TestInvoker.java:598)
	at org.testng.internal.TestInvoker.invokeTestMethod(TestInvoker.java:173)
	at org.testng.internal.MethodRunner.runInSequence(MethodRunner.java:46)
	at org.testng.internal.TestInvoker$MethodInvocationAgent.invoke(TestInvoker.java:824)
	at org.testng.internal.TestInvoker.invokeTestMethods(TestInvoker.java:146)
	at org.testng.internal.TestMethodWorker.invokeTestMethods(TestMethodWorker.java:146)
	at org.testng.internal.TestMethodWorker.run(TestMethodWorker.java:128)
	at java.base/java.util.ArrayList.forEach(ArrayList.java:1597)
	at org.testng.TestRunner.privateRun(TestRunner.java:794)
	at org.testng.TestRunner.run(TestRunner.java:596)
	at org.testng.SuiteRunner.runTest(SuiteRunner.java:377)
	at org.testng.SuiteRunner.runSequentially(SuiteRunner.java:371)
	at org.testng.SuiteRunner.privateRun(SuiteRunner.java:332)
	at org.testng.SuiteRunner.run(SuiteRunner.java:276)
	at org.testng.SuiteRunnerWorker.runSuite(SuiteRunnerWorker.java:53)
	at org.testng.SuiteRunnerWorker.run(SuiteRunnerWorker.java:96)
	at org.testng.TestNG.runSuitesSequentially(TestNG.java:1212)
	at org.testng.TestNG.runSuitesLocally(TestNG.java:1134)
	at org.testng.TestNG.runSuites(TestNG.java:1063)
	at org.testng.TestNG.run(TestNG.java:1031)
	at org.testng.remote.AbstractRemoteTestNG.run(AbstractRemoteTestNG.java:115)
	at org.testng.remote.RemoteTestNG.initAndRun(RemoteTestNG.java:293)
	at org.testng.remote.RemoteTestNG.main(RemoteTestNG.java:91)
</pre></div></td>
<td>0</td>
<td>AutomationTesting.BillingTestSuite30th31st@1d296da</td></tr>
<tr>
<td title='AutomationTesting.BillingTestSuite30th31st.COL01()'><b>COL01</b><br>Test class: AutomationTesting.BillingTestSuite30th31st<br>Parameters: Jan 01, 2025 - Jan 15, 2025, H10015407, Jan 16, 2025<br/>
<a href="#Output-1605190078" onClick='toggleBox("Output-1605190078", this, "Show output", "Hide output");'>Show output</a>

<a href="#Output-1605190078" onClick="toggleAllBoxes();">Show all outputs</a>
<div class='log' id="Output-1605190078">
Start of Test ID (COL01)<br/>
Start of Collection Module Validation...<br/>
Navigate to Collection Module...<br/>
</div>
</td>
<td><div><pre>java.lang.NullPointerException: Cannot invoke &quot;org.openqa.selenium.WebDriver.findElement(org.openqa.selenium.By)&quot; because &quot;this.driver&quot; is null
	at AutomationTesting.BillingTestSuite30th31st.COL01(BillingTestSuite30th31st.java:380)
	at java.base/java.util.ArrayList.forEach(ArrayList.java:1597)
... Removed 25 stack frames</pre></div><a href='#' onClick='toggleBox("stack-trace1605190078", this, "Click to show all stack frames", "Click to hide stack frames")'>Click to show all stack frames</a>
<div class='stack-trace' id='stack-trace1605190078'><pre>java.lang.NullPointerException: Cannot invoke &quot;org.openqa.selenium.WebDriver.findElement(org.openqa.selenium.By)&quot; because &quot;this.driver&quot; is null
	at AutomationTesting.BillingTestSuite30th31st.COL01(BillingTestSuite30th31st.java:380)
	at java.base/jdk.internal.reflect.DirectMethodHandleAccessor.invoke(DirectMethodHandleAccessor.java:103)
	at java.base/java.lang.reflect.Method.invoke(Method.java:580)
	at org.testng.internal.MethodInvocationHelper.invokeMethod(MethodInvocationHelper.java:133)
	at org.testng.internal.TestInvoker.invokeMethod(TestInvoker.java:598)
	at org.testng.internal.TestInvoker.invokeTestMethod(TestInvoker.java:173)
	at org.testng.internal.MethodRunner.runInSequence(MethodRunner.java:46)
	at org.testng.internal.TestInvoker$MethodInvocationAgent.invoke(TestInvoker.java:824)
	at org.testng.internal.TestInvoker.invokeTestMethods(TestInvoker.java:146)
	at org.testng.internal.TestMethodWorker.invokeTestMethods(TestMethodWorker.java:146)
	at org.testng.internal.TestMethodWorker.run(TestMethodWorker.java:128)
	at java.base/java.util.ArrayList.forEach(ArrayList.java:1597)
	at org.testng.TestRunner.privateRun(TestRunner.java:794)
	at org.testng.TestRunner.run(TestRunner.java:596)
	at org.testng.SuiteRunner.runTest(SuiteRunner.java:377)
	at org.testng.SuiteRunner.runSequentially(SuiteRunner.java:371)
	at org.testng.SuiteRunner.privateRun(SuiteRunner.java:332)
	at org.testng.SuiteRunner.run(SuiteRunner.java:276)
	at org.testng.SuiteRunnerWorker.runSuite(SuiteRunnerWorker.java:53)
	at org.testng.SuiteRunnerWorker.run(SuiteRunnerWorker.java:96)
	at org.testng.TestNG.runSuitesSequentially(TestNG.java:1212)
	at org.testng.TestNG.runSuitesLocally(TestNG.java:1134)
	at org.testng.TestNG.runSuites(TestNG.java:1063)
	at org.testng.TestNG.run(TestNG.java:1031)
	at org.testng.remote.AbstractRemoteTestNG.run(AbstractRemoteTestNG.java:115)
	at org.testng.remote.RemoteTestNG.initAndRun(RemoteTestNG.java:293)
	at org.testng.remote.RemoteTestNG.main(RemoteTestNG.java:91)
</pre></div></td>
<td>0</td>
<td>AutomationTesting.BillingTestSuite30th31st@1d296da</td></tr>
<tr>
<td title='AutomationTesting.BillingTestSuite30th31st.SOA12()'><b>SOA12</b><br>Test class: AutomationTesting.BillingTestSuite30th31st<br/>
<a href="#Output-2075899560" onClick='toggleBox("Output-2075899560", this, "Show output", "Hide output");'>Show output</a>

<a href="#Output-2075899560" onClick="toggleAllBoxes();">Show all outputs</a>
<div class='log' id="Output-2075899560">
Start of Test ID (SOA12)<br/>
</div>
</td>
<td><div><pre>java.lang.NullPointerException: Cannot invoke &quot;String.replace(java.lang.CharSequence, java.lang.CharSequence)&quot; because &quot;this.amountDue&quot; is null
	at AutomationTesting.BillingTestSuite30th31st.SOA12(BillingTestSuite30th31st.java:1384)
	at java.base/java.util.ArrayList.forEach(ArrayList.java:1597)
... Removed 25 stack frames</pre></div><a href='#' onClick='toggleBox("stack-trace2075899560", this, "Click to show all stack frames", "Click to hide stack frames")'>Click to show all stack frames</a>
<div class='stack-trace' id='stack-trace2075899560'><pre>java.lang.NullPointerException: Cannot invoke &quot;String.replace(java.lang.CharSequence, java.lang.CharSequence)&quot; because &quot;this.amountDue&quot; is null
	at AutomationTesting.BillingTestSuite30th31st.SOA12(BillingTestSuite30th31st.java:1384)
	at java.base/jdk.internal.reflect.DirectMethodHandleAccessor.invoke(DirectMethodHandleAccessor.java:103)
	at java.base/java.lang.reflect.Method.invoke(Method.java:580)
	at org.testng.internal.MethodInvocationHelper.invokeMethod(MethodInvocationHelper.java:133)
	at org.testng.internal.TestInvoker.invokeMethod(TestInvoker.java:598)
	at org.testng.internal.TestInvoker.invokeTestMethod(TestInvoker.java:173)
	at org.testng.internal.MethodRunner.runInSequence(MethodRunner.java:46)
	at org.testng.internal.TestInvoker$MethodInvocationAgent.invoke(TestInvoker.java:824)
	at org.testng.internal.TestInvoker.invokeTestMethods(TestInvoker.java:146)
	at org.testng.internal.TestMethodWorker.invokeTestMethods(TestMethodWorker.java:146)
	at org.testng.internal.TestMethodWorker.run(TestMethodWorker.java:128)
	at java.base/java.util.ArrayList.forEach(ArrayList.java:1597)
	at org.testng.TestRunner.privateRun(TestRunner.java:794)
	at org.testng.TestRunner.run(TestRunner.java:596)
	at org.testng.SuiteRunner.runTest(SuiteRunner.java:377)
	at org.testng.SuiteRunner.runSequentially(SuiteRunner.java:371)
	at org.testng.SuiteRunner.privateRun(SuiteRunner.java:332)
	at org.testng.SuiteRunner.run(SuiteRunner.java:276)
	at org.testng.SuiteRunnerWorker.runSuite(SuiteRunnerWorker.java:53)
	at org.testng.SuiteRunnerWorker.run(SuiteRunnerWorker.java:96)
	at org.testng.TestNG.runSuitesSequentially(TestNG.java:1212)
	at org.testng.TestNG.runSuitesLocally(TestNG.java:1134)
	at org.testng.TestNG.runSuites(TestNG.java:1063)
	at org.testng.TestNG.run(TestNG.java:1031)
	at org.testng.remote.AbstractRemoteTestNG.run(AbstractRemoteTestNG.java:115)
	at org.testng.remote.RemoteTestNG.initAndRun(RemoteTestNG.java:293)
	at org.testng.remote.RemoteTestNG.main(RemoteTestNG.java:91)
</pre></div></td>
<td>0</td>
<td>AutomationTesting.BillingTestSuite30th31st@1d296da</td></tr>
<tr>
<td title='AutomationTesting.BillingTestSuite30th31st.BS04()'><b>BS04</b><br>Test class: AutomationTesting.BillingTestSuite30th31st<br/>
<a href="#Output-2084486251" onClick='toggleBox("Output-2084486251", this, "Show output", "Hide output");'>Show output</a>

<a href="#Output-2084486251" onClick="toggleAllBoxes();">Show all outputs</a>
<div class='log' id="Output-2084486251">
Start of Test ID (BS04)<br/>
</div>
</td>
<td><div><pre>java.lang.NullPointerException: Cannot invoke &quot;String.replace(java.lang.CharSequence, java.lang.CharSequence)&quot; because &quot;this.formattedTotalBilValue&quot; is null
	at AutomationTesting.BillingTestSuite30th31st.BS04(BillingTestSuite30th31st.java:933)
	at java.base/java.util.ArrayList.forEach(ArrayList.java:1597)
... Removed 25 stack frames</pre></div><a href='#' onClick='toggleBox("stack-trace2084486251", this, "Click to show all stack frames", "Click to hide stack frames")'>Click to show all stack frames</a>
<div class='stack-trace' id='stack-trace2084486251'><pre>java.lang.NullPointerException: Cannot invoke &quot;String.replace(java.lang.CharSequence, java.lang.CharSequence)&quot; because &quot;this.formattedTotalBilValue&quot; is null
	at AutomationTesting.BillingTestSuite30th31st.BS04(BillingTestSuite30th31st.java:933)
	at java.base/jdk.internal.reflect.DirectMethodHandleAccessor.invoke(DirectMethodHandleAccessor.java:103)
	at java.base/java.lang.reflect.Method.invoke(Method.java:580)
	at org.testng.internal.MethodInvocationHelper.invokeMethod(MethodInvocationHelper.java:133)
	at org.testng.internal.TestInvoker.invokeMethod(TestInvoker.java:598)
	at org.testng.internal.TestInvoker.invokeTestMethod(TestInvoker.java:173)
	at org.testng.internal.MethodRunner.runInSequence(MethodRunner.java:46)
	at org.testng.internal.TestInvoker$MethodInvocationAgent.invoke(TestInvoker.java:824)
	at org.testng.internal.TestInvoker.invokeTestMethods(TestInvoker.java:146)
	at org.testng.internal.TestMethodWorker.invokeTestMethods(TestMethodWorker.java:146)
	at org.testng.internal.TestMethodWorker.run(TestMethodWorker.java:128)
	at java.base/java.util.ArrayList.forEach(ArrayList.java:1597)
	at org.testng.TestRunner.privateRun(TestRunner.java:794)
	at org.testng.TestRunner.run(TestRunner.java:596)
	at org.testng.SuiteRunner.runTest(SuiteRunner.java:377)
	at org.testng.SuiteRunner.runSequentially(SuiteRunner.java:371)
	at org.testng.SuiteRunner.privateRun(SuiteRunner.java:332)
	at org.testng.SuiteRunner.run(SuiteRunner.java:276)
	at org.testng.SuiteRunnerWorker.runSuite(SuiteRunnerWorker.java:53)
	at org.testng.SuiteRunnerWorker.run(SuiteRunnerWorker.java:96)
	at org.testng.TestNG.runSuitesSequentially(TestNG.java:1212)
	at org.testng.TestNG.runSuitesLocally(TestNG.java:1134)
	at org.testng.TestNG.runSuites(TestNG.java:1063)
	at org.testng.TestNG.run(TestNG.java:1031)
	at org.testng.remote.AbstractRemoteTestNG.run(AbstractRemoteTestNG.java:115)
	at org.testng.remote.RemoteTestNG.initAndRun(RemoteTestNG.java:293)
	at org.testng.remote.RemoteTestNG.main(RemoteTestNG.java:91)
</pre></div></td>
<td>0</td>
<td>AutomationTesting.BillingTestSuite30th31st@1d296da</td></tr>
<tr>
<td title='AutomationTesting.BillingTestSuite30th31st.COL03()'><b>COL03</b><br>Test class: AutomationTesting.BillingTestSuite30th31st<br/>
<a href="#Output-103394942" onClick='toggleBox("Output-103394942", this, "Show output", "Hide output");'>Show output</a>

<a href="#Output-103394942" onClick="toggleAllBoxes();">Show all outputs</a>
<div class='log' id="Output-103394942">
Start of Test ID (COL03)<br/>
</div>
</td>
<td><div><pre>java.lang.NullPointerException: Cannot invoke &quot;org.openqa.selenium.WebDriver.switchTo()&quot; because &quot;this.driver&quot; is null
	at AutomationTesting.BillingTestSuite30th31st.COL03(BillingTestSuite30th31st.java:636)
	at java.base/java.util.ArrayList.forEach(ArrayList.java:1597)
... Removed 25 stack frames</pre></div><a href='#' onClick='toggleBox("stack-trace103394942", this, "Click to show all stack frames", "Click to hide stack frames")'>Click to show all stack frames</a>
<div class='stack-trace' id='stack-trace103394942'><pre>java.lang.NullPointerException: Cannot invoke &quot;org.openqa.selenium.WebDriver.switchTo()&quot; because &quot;this.driver&quot; is null
	at AutomationTesting.BillingTestSuite30th31st.COL03(BillingTestSuite30th31st.java:636)
	at java.base/jdk.internal.reflect.DirectMethodHandleAccessor.invoke(DirectMethodHandleAccessor.java:103)
	at java.base/java.lang.reflect.Method.invoke(Method.java:580)
	at org.testng.internal.MethodInvocationHelper.invokeMethod(MethodInvocationHelper.java:133)
	at org.testng.internal.TestInvoker.invokeMethod(TestInvoker.java:598)
	at org.testng.internal.TestInvoker.invokeTestMethod(TestInvoker.java:173)
	at org.testng.internal.MethodRunner.runInSequence(MethodRunner.java:46)
	at org.testng.internal.TestInvoker$MethodInvocationAgent.invoke(TestInvoker.java:824)
	at org.testng.internal.TestInvoker.invokeTestMethods(TestInvoker.java:146)
	at org.testng.internal.TestMethodWorker.invokeTestMethods(TestMethodWorker.java:146)
	at org.testng.internal.TestMethodWorker.run(TestMethodWorker.java:128)
	at java.base/java.util.ArrayList.forEach(ArrayList.java:1597)
	at org.testng.TestRunner.privateRun(TestRunner.java:794)
	at org.testng.TestRunner.run(TestRunner.java:596)
	at org.testng.SuiteRunner.runTest(SuiteRunner.java:377)
	at org.testng.SuiteRunner.runSequentially(SuiteRunner.java:371)
	at org.testng.SuiteRunner.privateRun(SuiteRunner.java:332)
	at org.testng.SuiteRunner.run(SuiteRunner.java:276)
	at org.testng.SuiteRunnerWorker.runSuite(SuiteRunnerWorker.java:53)
	at org.testng.SuiteRunnerWorker.run(SuiteRunnerWorker.java:96)
	at org.testng.TestNG.runSuitesSequentially(TestNG.java:1212)
	at org.testng.TestNG.runSuitesLocally(TestNG.java:1134)
	at org.testng.TestNG.runSuites(TestNG.java:1063)
	at org.testng.TestNG.run(TestNG.java:1031)
	at org.testng.remote.AbstractRemoteTestNG.run(AbstractRemoteTestNG.java:115)
	at org.testng.remote.RemoteTestNG.initAndRun(RemoteTestNG.java:293)
	at org.testng.remote.RemoteTestNG.main(RemoteTestNG.java:91)
</pre></div></td>
<td>0</td>
<td>AutomationTesting.BillingTestSuite30th31st@1d296da</td></tr>
<tr>
<td title='AutomationTesting.BillingTestSuite30th31st.AR03()'><b>AR03</b><br>Test class: AutomationTesting.BillingTestSuite30th31st<br/>
<a href="#Output-1242427797" onClick='toggleBox("Output-1242427797", this, "Show output", "Hide output");'>Show output</a>

<a href="#Output-1242427797" onClick="toggleAllBoxes();">Show all outputs</a>
<div class='log' id="Output-1242427797">
Start of Test ID (AR03)<br/>
</div>
</td>
<td><div><pre>java.lang.NullPointerException: Cannot invoke &quot;org.openqa.selenium.WebDriver.findElement(org.openqa.selenium.By)&quot; because &quot;this.driver&quot; is null
	at AutomationTesting.BillingTestSuite30th31st.AR03(BillingTestSuite30th31st.java:751)
	at java.base/java.util.ArrayList.forEach(ArrayList.java:1597)
... Removed 25 stack frames</pre></div><a href='#' onClick='toggleBox("stack-trace1242427797", this, "Click to show all stack frames", "Click to hide stack frames")'>Click to show all stack frames</a>
<div class='stack-trace' id='stack-trace1242427797'><pre>java.lang.NullPointerException: Cannot invoke &quot;org.openqa.selenium.WebDriver.findElement(org.openqa.selenium.By)&quot; because &quot;this.driver&quot; is null
	at AutomationTesting.BillingTestSuite30th31st.AR03(BillingTestSuite30th31st.java:751)
	at java.base/jdk.internal.reflect.DirectMethodHandleAccessor.invoke(DirectMethodHandleAccessor.java:103)
	at java.base/java.lang.reflect.Method.invoke(Method.java:580)
	at org.testng.internal.MethodInvocationHelper.invokeMethod(MethodInvocationHelper.java:133)
	at org.testng.internal.TestInvoker.invokeMethod(TestInvoker.java:598)
	at org.testng.internal.TestInvoker.invokeTestMethod(TestInvoker.java:173)
	at org.testng.internal.MethodRunner.runInSequence(MethodRunner.java:46)
	at org.testng.internal.TestInvoker$MethodInvocationAgent.invoke(TestInvoker.java:824)
	at org.testng.internal.TestInvoker.invokeTestMethods(TestInvoker.java:146)
	at org.testng.internal.TestMethodWorker.invokeTestMethods(TestMethodWorker.java:146)
	at org.testng.internal.TestMethodWorker.run(TestMethodWorker.java:128)
	at java.base/java.util.ArrayList.forEach(ArrayList.java:1597)
	at org.testng.TestRunner.privateRun(TestRunner.java:794)
	at org.testng.TestRunner.run(TestRunner.java:596)
	at org.testng.SuiteRunner.runTest(SuiteRunner.java:377)
	at org.testng.SuiteRunner.runSequentially(SuiteRunner.java:371)
	at org.testng.SuiteRunner.privateRun(SuiteRunner.java:332)
	at org.testng.SuiteRunner.run(SuiteRunner.java:276)
	at org.testng.SuiteRunnerWorker.runSuite(SuiteRunnerWorker.java:53)
	at org.testng.SuiteRunnerWorker.run(SuiteRunnerWorker.java:96)
	at org.testng.TestNG.runSuitesSequentially(TestNG.java:1212)
	at org.testng.TestNG.runSuitesLocally(TestNG.java:1134)
	at org.testng.TestNG.runSuites(TestNG.java:1063)
	at org.testng.TestNG.run(TestNG.java:1031)
	at org.testng.remote.AbstractRemoteTestNG.run(AbstractRemoteTestNG.java:115)
	at org.testng.remote.RemoteTestNG.initAndRun(RemoteTestNG.java:293)
	at org.testng.remote.RemoteTestNG.main(RemoteTestNG.java:91)
</pre></div></td>
<td>0</td>
<td>AutomationTesting.BillingTestSuite30th31st@1d296da</td></tr>
<tr>
<td title='AutomationTesting.BillingTestSuite30th31st.BS02()'><b>BS02</b><br>Test class: AutomationTesting.BillingTestSuite30th31st<br/>
<a href="#Output-2021854618" onClick='toggleBox("Output-2021854618", this, "Show output", "Hide output");'>Show output</a>

<a href="#Output-2021854618" onClick="toggleAllBoxes();">Show all outputs</a>
<div class='log' id="Output-2021854618">
Start of Test ID (BS02)<br/>
</div>
</td>
<td><div><pre>java.lang.NullPointerException: Cannot invoke &quot;org.openqa.selenium.WebDriver.findElement(org.openqa.selenium.By)&quot; because &quot;this.driver&quot; is null
	at AutomationTesting.BillingTestSuite30th31st.BS02(BillingTestSuite30th31st.java:867)
	at java.base/java.util.ArrayList.forEach(ArrayList.java:1597)
... Removed 25 stack frames</pre></div><a href='#' onClick='toggleBox("stack-trace2021854618", this, "Click to show all stack frames", "Click to hide stack frames")'>Click to show all stack frames</a>
<div class='stack-trace' id='stack-trace2021854618'><pre>java.lang.NullPointerException: Cannot invoke &quot;org.openqa.selenium.WebDriver.findElement(org.openqa.selenium.By)&quot; because &quot;this.driver&quot; is null
	at AutomationTesting.BillingTestSuite30th31st.BS02(BillingTestSuite30th31st.java:867)
	at java.base/jdk.internal.reflect.DirectMethodHandleAccessor.invoke(DirectMethodHandleAccessor.java:103)
	at java.base/java.lang.reflect.Method.invoke(Method.java:580)
	at org.testng.internal.MethodInvocationHelper.invokeMethod(MethodInvocationHelper.java:133)
	at org.testng.internal.TestInvoker.invokeMethod(TestInvoker.java:598)
	at org.testng.internal.TestInvoker.invokeTestMethod(TestInvoker.java:173)
	at org.testng.internal.MethodRunner.runInSequence(MethodRunner.java:46)
	at org.testng.internal.TestInvoker$MethodInvocationAgent.invoke(TestInvoker.java:824)
	at org.testng.internal.TestInvoker.invokeTestMethods(TestInvoker.java:146)
	at org.testng.internal.TestMethodWorker.invokeTestMethods(TestMethodWorker.java:146)
	at org.testng.internal.TestMethodWorker.run(TestMethodWorker.java:128)
	at java.base/java.util.ArrayList.forEach(ArrayList.java:1597)
	at org.testng.TestRunner.privateRun(TestRunner.java:794)
	at org.testng.TestRunner.run(TestRunner.java:596)
	at org.testng.SuiteRunner.runTest(SuiteRunner.java:377)
	at org.testng.SuiteRunner.runSequentially(SuiteRunner.java:371)
	at org.testng.SuiteRunner.privateRun(SuiteRunner.java:332)
	at org.testng.SuiteRunner.run(SuiteRunner.java:276)
	at org.testng.SuiteRunnerWorker.runSuite(SuiteRunnerWorker.java:53)
	at org.testng.SuiteRunnerWorker.run(SuiteRunnerWorker.java:96)
	at org.testng.TestNG.runSuitesSequentially(TestNG.java:1212)
	at org.testng.TestNG.runSuitesLocally(TestNG.java:1134)
	at org.testng.TestNG.runSuites(TestNG.java:1063)
	at org.testng.TestNG.run(TestNG.java:1031)
	at org.testng.remote.AbstractRemoteTestNG.run(AbstractRemoteTestNG.java:115)
	at org.testng.remote.RemoteTestNG.initAndRun(RemoteTestNG.java:293)
	at org.testng.remote.RemoteTestNG.main(RemoteTestNG.java:91)
</pre></div></td>
<td>0</td>
<td>AutomationTesting.BillingTestSuite30th31st@1d296da</td></tr>
<tr>
<td title='AutomationTesting.BillingTestSuite30th31st.BIL04()'><b>BIL04</b><br>Test class: AutomationTesting.BillingTestSuite30th31st<br>Parameters: Jan 01, 2025 - Jan 15, 2025, Jan 16, 2025<br/>
<a href="#Output-521746054" onClick='toggleBox("Output-521746054", this, "Show output", "Hide output");'>Show output</a>

<a href="#Output-521746054" onClick="toggleAllBoxes();">Show all outputs</a>
<div class='log' id="Output-521746054">
Start of Test ID (BIL04)<br/>
</div>
</td>
<td><div><pre>java.lang.NullPointerException: Cannot invoke &quot;org.openqa.selenium.WebDriver.findElement(org.openqa.selenium.By)&quot; because &quot;this.driver&quot; is null
	at AutomationTesting.BillingTestSuite30th31st.BIL04(BillingTestSuite30th31st.java:354)
	at java.base/java.util.ArrayList.forEach(ArrayList.java:1597)
... Removed 25 stack frames</pre></div><a href='#' onClick='toggleBox("stack-trace521746054", this, "Click to show all stack frames", "Click to hide stack frames")'>Click to show all stack frames</a>
<div class='stack-trace' id='stack-trace521746054'><pre>java.lang.NullPointerException: Cannot invoke &quot;org.openqa.selenium.WebDriver.findElement(org.openqa.selenium.By)&quot; because &quot;this.driver&quot; is null
	at AutomationTesting.BillingTestSuite30th31st.BIL04(BillingTestSuite30th31st.java:354)
	at java.base/jdk.internal.reflect.DirectMethodHandleAccessor.invoke(DirectMethodHandleAccessor.java:103)
	at java.base/java.lang.reflect.Method.invoke(Method.java:580)
	at org.testng.internal.MethodInvocationHelper.invokeMethod(MethodInvocationHelper.java:133)
	at org.testng.internal.TestInvoker.invokeMethod(TestInvoker.java:598)
	at org.testng.internal.TestInvoker.invokeTestMethod(TestInvoker.java:173)
	at org.testng.internal.MethodRunner.runInSequence(MethodRunner.java:46)
	at org.testng.internal.TestInvoker$MethodInvocationAgent.invoke(TestInvoker.java:824)
	at org.testng.internal.TestInvoker.invokeTestMethods(TestInvoker.java:146)
	at org.testng.internal.TestMethodWorker.invokeTestMethods(TestMethodWorker.java:146)
	at org.testng.internal.TestMethodWorker.run(TestMethodWorker.java:128)
	at java.base/java.util.ArrayList.forEach(ArrayList.java:1597)
	at org.testng.TestRunner.privateRun(TestRunner.java:794)
	at org.testng.TestRunner.run(TestRunner.java:596)
	at org.testng.SuiteRunner.runTest(SuiteRunner.java:377)
	at org.testng.SuiteRunner.runSequentially(SuiteRunner.java:371)
	at org.testng.SuiteRunner.privateRun(SuiteRunner.java:332)
	at org.testng.SuiteRunner.run(SuiteRunner.java:276)
	at org.testng.SuiteRunnerWorker.runSuite(SuiteRunnerWorker.java:53)
	at org.testng.SuiteRunnerWorker.run(SuiteRunnerWorker.java:96)
	at org.testng.TestNG.runSuitesSequentially(TestNG.java:1212)
	at org.testng.TestNG.runSuitesLocally(TestNG.java:1134)
	at org.testng.TestNG.runSuites(TestNG.java:1063)
	at org.testng.TestNG.run(TestNG.java:1031)
	at org.testng.remote.AbstractRemoteTestNG.run(AbstractRemoteTestNG.java:115)
	at org.testng.remote.RemoteTestNG.initAndRun(RemoteTestNG.java:293)
	at org.testng.remote.RemoteTestNG.main(RemoteTestNG.java:91)
</pre></div></td>
<td>0</td>
<td>AutomationTesting.BillingTestSuite30th31st@1d296da</td></tr>
<tr>
<td title='AutomationTesting.BillingTestSuite30th31st.SOA11()'><b>SOA11</b><br>Test class: AutomationTesting.BillingTestSuite30th31st<br/>
<a href="#Output-366828226" onClick='toggleBox("Output-366828226", this, "Show output", "Hide output");'>Show output</a>

<a href="#Output-366828226" onClick="toggleAllBoxes();">Show all outputs</a>
<div class='log' id="Output-366828226">
Start of Test ID (SOA11)<br/>
</div>
</td>
<td><div><pre>java.lang.NullPointerException: Cannot invoke &quot;org.openqa.selenium.WebDriver.findElement(org.openqa.selenium.By)&quot; because &quot;this.driver&quot; is null
	at AutomationTesting.BillingTestSuite30th31st.SOA11(BillingTestSuite30th31st.java:1363)
	at java.base/java.util.ArrayList.forEach(ArrayList.java:1597)
... Removed 25 stack frames</pre></div><a href='#' onClick='toggleBox("stack-trace366828226", this, "Click to show all stack frames", "Click to hide stack frames")'>Click to show all stack frames</a>
<div class='stack-trace' id='stack-trace366828226'><pre>java.lang.NullPointerException: Cannot invoke &quot;org.openqa.selenium.WebDriver.findElement(org.openqa.selenium.By)&quot; because &quot;this.driver&quot; is null
	at AutomationTesting.BillingTestSuite30th31st.SOA11(BillingTestSuite30th31st.java:1363)
	at java.base/jdk.internal.reflect.DirectMethodHandleAccessor.invoke(DirectMethodHandleAccessor.java:103)
	at java.base/java.lang.reflect.Method.invoke(Method.java:580)
	at org.testng.internal.MethodInvocationHelper.invokeMethod(MethodInvocationHelper.java:133)
	at org.testng.internal.TestInvoker.invokeMethod(TestInvoker.java:598)
	at org.testng.internal.TestInvoker.invokeTestMethod(TestInvoker.java:173)
	at org.testng.internal.MethodRunner.runInSequence(MethodRunner.java:46)
	at org.testng.internal.TestInvoker$MethodInvocationAgent.invoke(TestInvoker.java:824)
	at org.testng.internal.TestInvoker.invokeTestMethods(TestInvoker.java:146)
	at org.testng.internal.TestMethodWorker.invokeTestMethods(TestMethodWorker.java:146)
	at org.testng.internal.TestMethodWorker.run(TestMethodWorker.java:128)
	at java.base/java.util.ArrayList.forEach(ArrayList.java:1597)
	at org.testng.TestRunner.privateRun(TestRunner.java:794)
	at org.testng.TestRunner.run(TestRunner.java:596)
	at org.testng.SuiteRunner.runTest(SuiteRunner.java:377)
	at org.testng.SuiteRunner.runSequentially(SuiteRunner.java:371)
	at org.testng.SuiteRunner.privateRun(SuiteRunner.java:332)
	at org.testng.SuiteRunner.run(SuiteRunner.java:276)
	at org.testng.SuiteRunnerWorker.runSuite(SuiteRunnerWorker.java:53)
	at org.testng.SuiteRunnerWorker.run(SuiteRunnerWorker.java:96)
	at org.testng.TestNG.runSuitesSequentially(TestNG.java:1212)
	at org.testng.TestNG.runSuitesLocally(TestNG.java:1134)
	at org.testng.TestNG.runSuites(TestNG.java:1063)
	at org.testng.TestNG.run(TestNG.java:1031)
	at org.testng.remote.AbstractRemoteTestNG.run(AbstractRemoteTestNG.java:115)
	at org.testng.remote.RemoteTestNG.initAndRun(RemoteTestNG.java:293)
	at org.testng.remote.RemoteTestNG.main(RemoteTestNG.java:91)
</pre></div></td>
<td>0</td>
<td>AutomationTesting.BillingTestSuite30th31st@1d296da</td></tr>
<tr>
<td title='AutomationTesting.BillingTestSuite30th31st.BS01()'><b>BS01</b><br>Test class: AutomationTesting.BillingTestSuite30th31st<br>Parameters: Dec 31, 2024, H10015407<br/>
<a href="#Output-153443333" onClick='toggleBox("Output-153443333", this, "Show output", "Hide output");'>Show output</a>

<a href="#Output-153443333" onClick="toggleAllBoxes();">Show all outputs</a>
<div class='log' id="Output-153443333">
Start of Test ID (BS01)<br/>
Navigating to Billing Statement Module...<br/>
Start of Billing Statement Validation...<br/>
</div>
</td>
<td><div><pre>java.lang.NullPointerException: Cannot invoke &quot;org.openqa.selenium.WebDriver.findElement(org.openqa.selenium.By)&quot; because &quot;this.driver&quot; is null
	at AutomationTesting.BillingTestSuite30th31st.BS01(BillingTestSuite30th31st.java:776)
	at java.base/java.util.ArrayList.forEach(ArrayList.java:1597)
... Removed 25 stack frames</pre></div><a href='#' onClick='toggleBox("stack-trace153443333", this, "Click to show all stack frames", "Click to hide stack frames")'>Click to show all stack frames</a>
<div class='stack-trace' id='stack-trace153443333'><pre>java.lang.NullPointerException: Cannot invoke &quot;org.openqa.selenium.WebDriver.findElement(org.openqa.selenium.By)&quot; because &quot;this.driver&quot; is null
	at AutomationTesting.BillingTestSuite30th31st.BS01(BillingTestSuite30th31st.java:776)
	at java.base/jdk.internal.reflect.DirectMethodHandleAccessor.invoke(DirectMethodHandleAccessor.java:103)
	at java.base/java.lang.reflect.Method.invoke(Method.java:580)
	at org.testng.internal.MethodInvocationHelper.invokeMethod(MethodInvocationHelper.java:133)
	at org.testng.internal.TestInvoker.invokeMethod(TestInvoker.java:598)
	at org.testng.internal.TestInvoker.invokeTestMethod(TestInvoker.java:173)
	at org.testng.internal.MethodRunner.runInSequence(MethodRunner.java:46)
	at org.testng.internal.TestInvoker$MethodInvocationAgent.invoke(TestInvoker.java:824)
	at org.testng.internal.TestInvoker.invokeTestMethods(TestInvoker.java:146)
	at org.testng.internal.TestMethodWorker.invokeTestMethods(TestMethodWorker.java:146)
	at org.testng.internal.TestMethodWorker.run(TestMethodWorker.java:128)
	at java.base/java.util.ArrayList.forEach(ArrayList.java:1597)
	at org.testng.TestRunner.privateRun(TestRunner.java:794)
	at org.testng.TestRunner.run(TestRunner.java:596)
	at org.testng.SuiteRunner.runTest(SuiteRunner.java:377)
	at org.testng.SuiteRunner.runSequentially(SuiteRunner.java:371)
	at org.testng.SuiteRunner.privateRun(SuiteRunner.java:332)
	at org.testng.SuiteRunner.run(SuiteRunner.java:276)
	at org.testng.SuiteRunnerWorker.runSuite(SuiteRunnerWorker.java:53)
	at org.testng.SuiteRunnerWorker.run(SuiteRunnerWorker.java:96)
	at org.testng.TestNG.runSuitesSequentially(TestNG.java:1212)
	at org.testng.TestNG.runSuitesLocally(TestNG.java:1134)
	at org.testng.TestNG.runSuites(TestNG.java:1063)
	at org.testng.TestNG.run(TestNG.java:1031)
	at org.testng.remote.AbstractRemoteTestNG.run(AbstractRemoteTestNG.java:115)
	at org.testng.remote.RemoteTestNG.initAndRun(RemoteTestNG.java:293)
	at org.testng.remote.RemoteTestNG.main(RemoteTestNG.java:91)
</pre></div></td>
<td>0</td>
<td>AutomationTesting.BillingTestSuite30th31st@1d296da</td></tr>
<tr>
<td title='AutomationTesting.BillingTestSuite30th31st.SOA3()'><b>SOA3</b><br>Test class: AutomationTesting.BillingTestSuite30th31st<br/>
<a href="#Output-882962176" onClick='toggleBox("Output-882962176", this, "Show output", "Hide output");'>Show output</a>

<a href="#Output-882962176" onClick="toggleAllBoxes();">Show all outputs</a>
<div class='log' id="Output-882962176">
Start of Test ID (SOA03)<br/>
</div>
</td>
<td><div><pre>java.lang.NullPointerException: Cannot invoke &quot;org.openqa.selenium.WebDriver.findElement(org.openqa.selenium.By)&quot; because &quot;this.driver&quot; is null
	at AutomationTesting.BillingTestSuite30th31st.SOA3(BillingTestSuite30th31st.java:1106)
	at java.base/java.util.ArrayList.forEach(ArrayList.java:1597)
... Removed 25 stack frames</pre></div><a href='#' onClick='toggleBox("stack-trace882962176", this, "Click to show all stack frames", "Click to hide stack frames")'>Click to show all stack frames</a>
<div class='stack-trace' id='stack-trace882962176'><pre>java.lang.NullPointerException: Cannot invoke &quot;org.openqa.selenium.WebDriver.findElement(org.openqa.selenium.By)&quot; because &quot;this.driver&quot; is null
	at AutomationTesting.BillingTestSuite30th31st.SOA3(BillingTestSuite30th31st.java:1106)
	at java.base/jdk.internal.reflect.DirectMethodHandleAccessor.invoke(DirectMethodHandleAccessor.java:103)
	at java.base/java.lang.reflect.Method.invoke(Method.java:580)
	at org.testng.internal.MethodInvocationHelper.invokeMethod(MethodInvocationHelper.java:133)
	at org.testng.internal.TestInvoker.invokeMethod(TestInvoker.java:598)
	at org.testng.internal.TestInvoker.invokeTestMethod(TestInvoker.java:173)
	at org.testng.internal.MethodRunner.runInSequence(MethodRunner.java:46)
	at org.testng.internal.TestInvoker$MethodInvocationAgent.invoke(TestInvoker.java:824)
	at org.testng.internal.TestInvoker.invokeTestMethods(TestInvoker.java:146)
	at org.testng.internal.TestMethodWorker.invokeTestMethods(TestMethodWorker.java:146)
	at org.testng.internal.TestMethodWorker.run(TestMethodWorker.java:128)
	at java.base/java.util.ArrayList.forEach(ArrayList.java:1597)
	at org.testng.TestRunner.privateRun(TestRunner.java:794)
	at org.testng.TestRunner.run(TestRunner.java:596)
	at org.testng.SuiteRunner.runTest(SuiteRunner.java:377)
	at org.testng.SuiteRunner.runSequentially(SuiteRunner.java:371)
	at org.testng.SuiteRunner.privateRun(SuiteRunner.java:332)
	at org.testng.SuiteRunner.run(SuiteRunner.java:276)
	at org.testng.SuiteRunnerWorker.runSuite(SuiteRunnerWorker.java:53)
	at org.testng.SuiteRunnerWorker.run(SuiteRunnerWorker.java:96)
	at org.testng.TestNG.runSuitesSequentially(TestNG.java:1212)
	at org.testng.TestNG.runSuitesLocally(TestNG.java:1134)
	at org.testng.TestNG.runSuites(TestNG.java:1063)
	at org.testng.TestNG.run(TestNG.java:1031)
	at org.testng.remote.AbstractRemoteTestNG.run(AbstractRemoteTestNG.java:115)
	at org.testng.remote.RemoteTestNG.initAndRun(RemoteTestNG.java:293)
	at org.testng.remote.RemoteTestNG.main(RemoteTestNG.java:91)
</pre></div></td>
<td>0</td>
<td>AutomationTesting.BillingTestSuite30th31st@1d296da</td></tr>
<tr>
<td title='AutomationTesting.BillingTestSuite30th31st.SOA5()'><b>SOA5</b><br>Test class: AutomationTesting.BillingTestSuite30th31st<br>Parameters: Jan 01, 2025 - Jan 15, 2025<br/>
<a href="#Output-247575268" onClick='toggleBox("Output-247575268", this, "Show output", "Hide output");'>Show output</a>

<a href="#Output-247575268" onClick="toggleAllBoxes();">Show all outputs</a>
<div class='log' id="Output-247575268">
Start of Test ID (SOA05)<br/>
</div>
</td>
<td><div><pre>java.lang.NullPointerException: Cannot invoke &quot;org.openqa.selenium.WebDriver.findElement(org.openqa.selenium.By)&quot; because &quot;this.driver&quot; is null
	at AutomationTesting.BillingTestSuite30th31st.SOA5(BillingTestSuite30th31st.java:1169)
	at java.base/java.util.ArrayList.forEach(ArrayList.java:1597)
... Removed 25 stack frames</pre></div><a href='#' onClick='toggleBox("stack-trace247575268", this, "Click to show all stack frames", "Click to hide stack frames")'>Click to show all stack frames</a>
<div class='stack-trace' id='stack-trace247575268'><pre>java.lang.NullPointerException: Cannot invoke &quot;org.openqa.selenium.WebDriver.findElement(org.openqa.selenium.By)&quot; because &quot;this.driver&quot; is null
	at AutomationTesting.BillingTestSuite30th31st.SOA5(BillingTestSuite30th31st.java:1169)
	at java.base/jdk.internal.reflect.DirectMethodHandleAccessor.invoke(DirectMethodHandleAccessor.java:103)
	at java.base/java.lang.reflect.Method.invoke(Method.java:580)
	at org.testng.internal.MethodInvocationHelper.invokeMethod(MethodInvocationHelper.java:133)
	at org.testng.internal.TestInvoker.invokeMethod(TestInvoker.java:598)
	at org.testng.internal.TestInvoker.invokeTestMethod(TestInvoker.java:173)
	at org.testng.internal.MethodRunner.runInSequence(MethodRunner.java:46)
	at org.testng.internal.TestInvoker$MethodInvocationAgent.invoke(TestInvoker.java:824)
	at org.testng.internal.TestInvoker.invokeTestMethods(TestInvoker.java:146)
	at org.testng.internal.TestMethodWorker.invokeTestMethods(TestMethodWorker.java:146)
	at org.testng.internal.TestMethodWorker.run(TestMethodWorker.java:128)
	at java.base/java.util.ArrayList.forEach(ArrayList.java:1597)
	at org.testng.TestRunner.privateRun(TestRunner.java:794)
	at org.testng.TestRunner.run(TestRunner.java:596)
	at org.testng.SuiteRunner.runTest(SuiteRunner.java:377)
	at org.testng.SuiteRunner.runSequentially(SuiteRunner.java:371)
	at org.testng.SuiteRunner.privateRun(SuiteRunner.java:332)
	at org.testng.SuiteRunner.run(SuiteRunner.java:276)
	at org.testng.SuiteRunnerWorker.runSuite(SuiteRunnerWorker.java:53)
	at org.testng.SuiteRunnerWorker.run(SuiteRunnerWorker.java:96)
	at org.testng.TestNG.runSuitesSequentially(TestNG.java:1212)
	at org.testng.TestNG.runSuitesLocally(TestNG.java:1134)
	at org.testng.TestNG.runSuites(TestNG.java:1063)
	at org.testng.TestNG.run(TestNG.java:1031)
	at org.testng.remote.AbstractRemoteTestNG.run(AbstractRemoteTestNG.java:115)
	at org.testng.remote.RemoteTestNG.initAndRun(RemoteTestNG.java:293)
	at org.testng.remote.RemoteTestNG.main(RemoteTestNG.java:91)
</pre></div></td>
<td>0</td>
<td>AutomationTesting.BillingTestSuite30th31st@1d296da</td></tr>
<tr>
<td title='AutomationTesting.BillingTestSuite30th31st.AR02()'><b>AR02</b><br>Test class: AutomationTesting.BillingTestSuite30th31st<br>Parameters: Jan 01, 2025 - Jan 15, 2025<br/>
<a href="#Output-274426173" onClick='toggleBox("Output-274426173", this, "Show output", "Hide output");'>Show output</a>

<a href="#Output-274426173" onClick="toggleAllBoxes();">Show all outputs</a>
<div class='log' id="Output-274426173">
Start of Test ID (AR02)<br/>
</div>
</td>
<td><div><pre>java.lang.NullPointerException: Cannot invoke &quot;org.openqa.selenium.WebDriver.findElement(org.openqa.selenium.By)&quot; because &quot;this.driver&quot; is null
	at AutomationTesting.BillingTestSuite30th31st.AR02(BillingTestSuite30th31st.java:734)
	at java.base/java.util.ArrayList.forEach(ArrayList.java:1597)
... Removed 25 stack frames</pre></div><a href='#' onClick='toggleBox("stack-trace274426173", this, "Click to show all stack frames", "Click to hide stack frames")'>Click to show all stack frames</a>
<div class='stack-trace' id='stack-trace274426173'><pre>java.lang.NullPointerException: Cannot invoke &quot;org.openqa.selenium.WebDriver.findElement(org.openqa.selenium.By)&quot; because &quot;this.driver&quot; is null
	at AutomationTesting.BillingTestSuite30th31st.AR02(BillingTestSuite30th31st.java:734)
	at java.base/jdk.internal.reflect.DirectMethodHandleAccessor.invoke(DirectMethodHandleAccessor.java:103)
	at java.base/java.lang.reflect.Method.invoke(Method.java:580)
	at org.testng.internal.MethodInvocationHelper.invokeMethod(MethodInvocationHelper.java:133)
	at org.testng.internal.TestInvoker.invokeMethod(TestInvoker.java:598)
	at org.testng.internal.TestInvoker.invokeTestMethod(TestInvoker.java:173)
	at org.testng.internal.MethodRunner.runInSequence(MethodRunner.java:46)
	at org.testng.internal.TestInvoker$MethodInvocationAgent.invoke(TestInvoker.java:824)
	at org.testng.internal.TestInvoker.invokeTestMethods(TestInvoker.java:146)
	at org.testng.internal.TestMethodWorker.invokeTestMethods(TestMethodWorker.java:146)
	at org.testng.internal.TestMethodWorker.run(TestMethodWorker.java:128)
	at java.base/java.util.ArrayList.forEach(ArrayList.java:1597)
	at org.testng.TestRunner.privateRun(TestRunner.java:794)
	at org.testng.TestRunner.run(TestRunner.java:596)
	at org.testng.SuiteRunner.runTest(SuiteRunner.java:377)
	at org.testng.SuiteRunner.runSequentially(SuiteRunner.java:371)
	at org.testng.SuiteRunner.privateRun(SuiteRunner.java:332)
	at org.testng.SuiteRunner.run(SuiteRunner.java:276)
	at org.testng.SuiteRunnerWorker.runSuite(SuiteRunnerWorker.java:53)
	at org.testng.SuiteRunnerWorker.run(SuiteRunnerWorker.java:96)
	at org.testng.TestNG.runSuitesSequentially(TestNG.java:1212)
	at org.testng.TestNG.runSuitesLocally(TestNG.java:1134)
	at org.testng.TestNG.runSuites(TestNG.java:1063)
	at org.testng.TestNG.run(TestNG.java:1031)
	at org.testng.remote.AbstractRemoteTestNG.run(AbstractRemoteTestNG.java:115)
	at org.testng.remote.RemoteTestNG.initAndRun(RemoteTestNG.java:293)
	at org.testng.remote.RemoteTestNG.main(RemoteTestNG.java:91)
</pre></div></td>
<td>0</td>
<td>AutomationTesting.BillingTestSuite30th31st@1d296da</td></tr>
<tr>
<td title='AutomationTesting.BillingTestSuite30th31st.BS05()'><b>BS05</b><br>Test class: AutomationTesting.BillingTestSuite30th31st<br/>
<a href="#Output-1788432625" onClick='toggleBox("Output-1788432625", this, "Show output", "Hide output");'>Show output</a>

<a href="#Output-1788432625" onClick="toggleAllBoxes();">Show all outputs</a>
<div class='log' id="Output-1788432625">
Start of Test ID (BS05)<br/>
</div>
</td>
<td><div><pre>java.lang.NullPointerException: Cannot invoke &quot;org.openqa.selenium.WebDriver.findElement(org.openqa.selenium.By)&quot; because &quot;this.driver&quot; is null
	at AutomationTesting.BillingTestSuite30th31st.BS05(BillingTestSuite30th31st.java:970)
	at java.base/java.util.ArrayList.forEach(ArrayList.java:1597)
... Removed 25 stack frames</pre></div><a href='#' onClick='toggleBox("stack-trace1788432625", this, "Click to show all stack frames", "Click to hide stack frames")'>Click to show all stack frames</a>
<div class='stack-trace' id='stack-trace1788432625'><pre>java.lang.NullPointerException: Cannot invoke &quot;org.openqa.selenium.WebDriver.findElement(org.openqa.selenium.By)&quot; because &quot;this.driver&quot; is null
	at AutomationTesting.BillingTestSuite30th31st.BS05(BillingTestSuite30th31st.java:970)
	at java.base/jdk.internal.reflect.DirectMethodHandleAccessor.invoke(DirectMethodHandleAccessor.java:103)
	at java.base/java.lang.reflect.Method.invoke(Method.java:580)
	at org.testng.internal.MethodInvocationHelper.invokeMethod(MethodInvocationHelper.java:133)
	at org.testng.internal.TestInvoker.invokeMethod(TestInvoker.java:598)
	at org.testng.internal.TestInvoker.invokeTestMethod(TestInvoker.java:173)
	at org.testng.internal.MethodRunner.runInSequence(MethodRunner.java:46)
	at org.testng.internal.TestInvoker$MethodInvocationAgent.invoke(TestInvoker.java:824)
	at org.testng.internal.TestInvoker.invokeTestMethods(TestInvoker.java:146)
	at org.testng.internal.TestMethodWorker.invokeTestMethods(TestMethodWorker.java:146)
	at org.testng.internal.TestMethodWorker.run(TestMethodWorker.java:128)
	at java.base/java.util.ArrayList.forEach(ArrayList.java:1597)
	at org.testng.TestRunner.privateRun(TestRunner.java:794)
	at org.testng.TestRunner.run(TestRunner.java:596)
	at org.testng.SuiteRunner.runTest(SuiteRunner.java:377)
	at org.testng.SuiteRunner.runSequentially(SuiteRunner.java:371)
	at org.testng.SuiteRunner.privateRun(SuiteRunner.java:332)
	at org.testng.SuiteRunner.run(SuiteRunner.java:276)
	at org.testng.SuiteRunnerWorker.runSuite(SuiteRunnerWorker.java:53)
	at org.testng.SuiteRunnerWorker.run(SuiteRunnerWorker.java:96)
	at org.testng.TestNG.runSuitesSequentially(TestNG.java:1212)
	at org.testng.TestNG.runSuitesLocally(TestNG.java:1134)
	at org.testng.TestNG.runSuites(TestNG.java:1063)
	at org.testng.TestNG.run(TestNG.java:1031)
	at org.testng.remote.AbstractRemoteTestNG.run(AbstractRemoteTestNG.java:115)
	at org.testng.remote.RemoteTestNG.initAndRun(RemoteTestNG.java:293)
	at org.testng.remote.RemoteTestNG.main(RemoteTestNG.java:91)
</pre></div></td>
<td>0</td>
<td>AutomationTesting.BillingTestSuite30th31st@1d296da</td></tr>
<tr>
<td title='AutomationTesting.BillingTestSuite30th31st.SOA10()'><b>SOA10</b><br>Test class: AutomationTesting.BillingTestSuite30th31st<br/>
<a href="#Output-1287606099" onClick='toggleBox("Output-1287606099", this, "Show output", "Hide output");'>Show output</a>

<a href="#Output-1287606099" onClick="toggleAllBoxes();">Show all outputs</a>
<div class='log' id="Output-1287606099">
Start of Test ID (SOA10)<br/>
</div>
</td>
<td><div><pre>java.lang.NullPointerException: Cannot invoke &quot;String.replace(java.lang.CharSequence, java.lang.CharSequence)&quot; because &quot;this.vatableSales&quot; is null
	at AutomationTesting.BillingTestSuite30th31st.SOA10(BillingTestSuite30th31st.java:1329)
	at java.base/java.util.ArrayList.forEach(ArrayList.java:1597)
... Removed 25 stack frames</pre></div><a href='#' onClick='toggleBox("stack-trace1287606099", this, "Click to show all stack frames", "Click to hide stack frames")'>Click to show all stack frames</a>
<div class='stack-trace' id='stack-trace1287606099'><pre>java.lang.NullPointerException: Cannot invoke &quot;String.replace(java.lang.CharSequence, java.lang.CharSequence)&quot; because &quot;this.vatableSales&quot; is null
	at AutomationTesting.BillingTestSuite30th31st.SOA10(BillingTestSuite30th31st.java:1329)
	at java.base/jdk.internal.reflect.DirectMethodHandleAccessor.invoke(DirectMethodHandleAccessor.java:103)
	at java.base/java.lang.reflect.Method.invoke(Method.java:580)
	at org.testng.internal.MethodInvocationHelper.invokeMethod(MethodInvocationHelper.java:133)
	at org.testng.internal.TestInvoker.invokeMethod(TestInvoker.java:598)
	at org.testng.internal.TestInvoker.invokeTestMethod(TestInvoker.java:173)
	at org.testng.internal.MethodRunner.runInSequence(MethodRunner.java:46)
	at org.testng.internal.TestInvoker$MethodInvocationAgent.invoke(TestInvoker.java:824)
	at org.testng.internal.TestInvoker.invokeTestMethods(TestInvoker.java:146)
	at org.testng.internal.TestMethodWorker.invokeTestMethods(TestMethodWorker.java:146)
	at org.testng.internal.TestMethodWorker.run(TestMethodWorker.java:128)
	at java.base/java.util.ArrayList.forEach(ArrayList.java:1597)
	at org.testng.TestRunner.privateRun(TestRunner.java:794)
	at org.testng.TestRunner.run(TestRunner.java:596)
	at org.testng.SuiteRunner.runTest(SuiteRunner.java:377)
	at org.testng.SuiteRunner.runSequentially(SuiteRunner.java:371)
	at org.testng.SuiteRunner.privateRun(SuiteRunner.java:332)
	at org.testng.SuiteRunner.run(SuiteRunner.java:276)
	at org.testng.SuiteRunnerWorker.runSuite(SuiteRunnerWorker.java:53)
	at org.testng.SuiteRunnerWorker.run(SuiteRunnerWorker.java:96)
	at org.testng.TestNG.runSuitesSequentially(TestNG.java:1212)
	at org.testng.TestNG.runSuitesLocally(TestNG.java:1134)
	at org.testng.TestNG.runSuites(TestNG.java:1063)
	at org.testng.TestNG.run(TestNG.java:1031)
	at org.testng.remote.AbstractRemoteTestNG.run(AbstractRemoteTestNG.java:115)
	at org.testng.remote.RemoteTestNG.initAndRun(RemoteTestNG.java:293)
	at org.testng.remote.RemoteTestNG.main(RemoteTestNG.java:91)
</pre></div></td>
<td>0</td>
<td>AutomationTesting.BillingTestSuite30th31st@1d296da</td></tr>
<tr>
<td title='AutomationTesting.BillingTestSuite30th31st.AR01()'><b>AR01</b><br>Test class: AutomationTesting.BillingTestSuite30th31st<br>Parameters: Jan 16, 2025, H10015407<br/>
<a href="#Output-233343686" onClick='toggleBox("Output-233343686", this, "Show output", "Hide output");'>Show output</a>

<a href="#Output-233343686" onClick="toggleAllBoxes();">Show all outputs</a>
<div class='log' id="Output-233343686">
Start of Test ID (AR01)<br/>
Navigating to Account Receivable Module...<br/>
Start of Account Receivable Module Validation...<br/>
</div>
</td>
<td><div><pre>java.lang.NullPointerException: Cannot invoke &quot;org.openqa.selenium.WebDriver.findElement(org.openqa.selenium.By)&quot; because &quot;this.driver&quot; is null
	at AutomationTesting.BillingTestSuite30th31st.AR01(BillingTestSuite30th31st.java:672)
	at java.base/java.util.ArrayList.forEach(ArrayList.java:1597)
... Removed 25 stack frames</pre></div><a href='#' onClick='toggleBox("stack-trace233343686", this, "Click to show all stack frames", "Click to hide stack frames")'>Click to show all stack frames</a>
<div class='stack-trace' id='stack-trace233343686'><pre>java.lang.NullPointerException: Cannot invoke &quot;org.openqa.selenium.WebDriver.findElement(org.openqa.selenium.By)&quot; because &quot;this.driver&quot; is null
	at AutomationTesting.BillingTestSuite30th31st.AR01(BillingTestSuite30th31st.java:672)
	at java.base/jdk.internal.reflect.DirectMethodHandleAccessor.invoke(DirectMethodHandleAccessor.java:103)
	at java.base/java.lang.reflect.Method.invoke(Method.java:580)
	at org.testng.internal.MethodInvocationHelper.invokeMethod(MethodInvocationHelper.java:133)
	at org.testng.internal.TestInvoker.invokeMethod(TestInvoker.java:598)
	at org.testng.internal.TestInvoker.invokeTestMethod(TestInvoker.java:173)
	at org.testng.internal.MethodRunner.runInSequence(MethodRunner.java:46)
	at org.testng.internal.TestInvoker$MethodInvocationAgent.invoke(TestInvoker.java:824)
	at org.testng.internal.TestInvoker.invokeTestMethods(TestInvoker.java:146)
	at org.testng.internal.TestMethodWorker.invokeTestMethods(TestMethodWorker.java:146)
	at org.testng.internal.TestMethodWorker.run(TestMethodWorker.java:128)
	at java.base/java.util.ArrayList.forEach(ArrayList.java:1597)
	at org.testng.TestRunner.privateRun(TestRunner.java:794)
	at org.testng.TestRunner.run(TestRunner.java:596)
	at org.testng.SuiteRunner.runTest(SuiteRunner.java:377)
	at org.testng.SuiteRunner.runSequentially(SuiteRunner.java:371)
	at org.testng.SuiteRunner.privateRun(SuiteRunner.java:332)
	at org.testng.SuiteRunner.run(SuiteRunner.java:276)
	at org.testng.SuiteRunnerWorker.runSuite(SuiteRunnerWorker.java:53)
	at org.testng.SuiteRunnerWorker.run(SuiteRunnerWorker.java:96)
	at org.testng.TestNG.runSuitesSequentially(TestNG.java:1212)
	at org.testng.TestNG.runSuitesLocally(TestNG.java:1134)
	at org.testng.TestNG.runSuites(TestNG.java:1063)
	at org.testng.TestNG.run(TestNG.java:1031)
	at org.testng.remote.AbstractRemoteTestNG.run(AbstractRemoteTestNG.java:115)
	at org.testng.remote.RemoteTestNG.initAndRun(RemoteTestNG.java:293)
	at org.testng.remote.RemoteTestNG.main(RemoteTestNG.java:91)
</pre></div></td>
<td>0</td>
<td>AutomationTesting.BillingTestSuite30th31st@1d296da</td></tr>
<tr>
<td title='AutomationTesting.BillingTestSuite30th31st.BIL01()'><b>BIL01</b><br>Test class: AutomationTesting.BillingTestSuite30th31st<br>Parameters: Jan 01, 2025 - Jan 15, 2025, H10015407, Dec 01, 2024 - Dec 15, 2024, Dec 16, 2024 - Dec 31, 2024<br/>
<a href="#Output-624637962" onClick='toggleBox("Output-624637962", this, "Show output", "Hide output");'>Show output</a>

<a href="#Output-624637962" onClick="toggleAllBoxes();">Show all outputs</a>
<div class='log' id="Output-624637962">
Start of Billing Module Validation...<br/>
Navigate to Billing Module...<br/>
</div>
</td>
<td><div><pre>java.lang.NullPointerException: Cannot invoke &quot;org.openqa.selenium.WebDriver.findElement(org.openqa.selenium.By)&quot; because &quot;this.driver&quot; is null
	at AutomationTesting.BillingTestSuite30th31st.BIL01(BillingTestSuite30th31st.java:169)
	at java.base/java.util.ArrayList.forEach(ArrayList.java:1597)
... Removed 25 stack frames</pre></div><a href='#' onClick='toggleBox("stack-trace624637962", this, "Click to show all stack frames", "Click to hide stack frames")'>Click to show all stack frames</a>
<div class='stack-trace' id='stack-trace624637962'><pre>java.lang.NullPointerException: Cannot invoke &quot;org.openqa.selenium.WebDriver.findElement(org.openqa.selenium.By)&quot; because &quot;this.driver&quot; is null
	at AutomationTesting.BillingTestSuite30th31st.BIL01(BillingTestSuite30th31st.java:169)
	at java.base/jdk.internal.reflect.DirectMethodHandleAccessor.invoke(DirectMethodHandleAccessor.java:103)
	at java.base/java.lang.reflect.Method.invoke(Method.java:580)
	at org.testng.internal.MethodInvocationHelper.invokeMethod(MethodInvocationHelper.java:133)
	at org.testng.internal.TestInvoker.invokeMethod(TestInvoker.java:598)
	at org.testng.internal.TestInvoker.invokeTestMethod(TestInvoker.java:173)
	at org.testng.internal.MethodRunner.runInSequence(MethodRunner.java:46)
	at org.testng.internal.TestInvoker$MethodInvocationAgent.invoke(TestInvoker.java:824)
	at org.testng.internal.TestInvoker.invokeTestMethods(TestInvoker.java:146)
	at org.testng.internal.TestMethodWorker.invokeTestMethods(TestMethodWorker.java:146)
	at org.testng.internal.TestMethodWorker.run(TestMethodWorker.java:128)
	at java.base/java.util.ArrayList.forEach(ArrayList.java:1597)
	at org.testng.TestRunner.privateRun(TestRunner.java:794)
	at org.testng.TestRunner.run(TestRunner.java:596)
	at org.testng.SuiteRunner.runTest(SuiteRunner.java:377)
	at org.testng.SuiteRunner.runSequentially(SuiteRunner.java:371)
	at org.testng.SuiteRunner.privateRun(SuiteRunner.java:332)
	at org.testng.SuiteRunner.run(SuiteRunner.java:276)
	at org.testng.SuiteRunnerWorker.runSuite(SuiteRunnerWorker.java:53)
	at org.testng.SuiteRunnerWorker.run(SuiteRunnerWorker.java:96)
	at org.testng.TestNG.runSuitesSequentially(TestNG.java:1212)
	at org.testng.TestNG.runSuitesLocally(TestNG.java:1134)
	at org.testng.TestNG.runSuites(TestNG.java:1063)
	at org.testng.TestNG.run(TestNG.java:1031)
	at org.testng.remote.AbstractRemoteTestNG.run(AbstractRemoteTestNG.java:115)
	at org.testng.remote.RemoteTestNG.initAndRun(RemoteTestNG.java:293)
	at org.testng.remote.RemoteTestNG.main(RemoteTestNG.java:91)
</pre></div></td>
<td>0</td>
<td>AutomationTesting.BillingTestSuite30th31st@1d296da</td></tr>
<tr>
<td title='AutomationTesting.BillingTestSuite30th31st.BS03()'><b>BS03</b><br>Test class: AutomationTesting.BillingTestSuite30th31st<br>Parameters: Dec 01, 2024 - Dec 15, 2024, Dec 16, 2024 - Dec 31, 2024<br/>
<a href="#Output-2139266166" onClick='toggleBox("Output-2139266166", this, "Show output", "Hide output");'>Show output</a>

<a href="#Output-2139266166" onClick="toggleAllBoxes();">Show all outputs</a>
<div class='log' id="Output-2139266166">
Start of Test ID (BS03)<br/>
</div>
</td>
<td><div><pre>java.lang.NullPointerException: Cannot invoke &quot;org.openqa.selenium.WebDriver.findElement(org.openqa.selenium.By)&quot; because &quot;this.driver&quot; is null
	at AutomationTesting.BillingTestSuite30th31st.BS03(BillingTestSuite30th31st.java:909)
	at java.base/java.util.ArrayList.forEach(ArrayList.java:1597)
... Removed 25 stack frames</pre></div><a href='#' onClick='toggleBox("stack-trace2139266166", this, "Click to show all stack frames", "Click to hide stack frames")'>Click to show all stack frames</a>
<div class='stack-trace' id='stack-trace2139266166'><pre>java.lang.NullPointerException: Cannot invoke &quot;org.openqa.selenium.WebDriver.findElement(org.openqa.selenium.By)&quot; because &quot;this.driver&quot; is null
	at AutomationTesting.BillingTestSuite30th31st.BS03(BillingTestSuite30th31st.java:909)
	at java.base/jdk.internal.reflect.DirectMethodHandleAccessor.invoke(DirectMethodHandleAccessor.java:103)
	at java.base/java.lang.reflect.Method.invoke(Method.java:580)
	at org.testng.internal.MethodInvocationHelper.invokeMethod(MethodInvocationHelper.java:133)
	at org.testng.internal.TestInvoker.invokeMethod(TestInvoker.java:598)
	at org.testng.internal.TestInvoker.invokeTestMethod(TestInvoker.java:173)
	at org.testng.internal.MethodRunner.runInSequence(MethodRunner.java:46)
	at org.testng.internal.TestInvoker$MethodInvocationAgent.invoke(TestInvoker.java:824)
	at org.testng.internal.TestInvoker.invokeTestMethods(TestInvoker.java:146)
	at org.testng.internal.TestMethodWorker.invokeTestMethods(TestMethodWorker.java:146)
	at org.testng.internal.TestMethodWorker.run(TestMethodWorker.java:128)
	at java.base/java.util.ArrayList.forEach(ArrayList.java:1597)
	at org.testng.TestRunner.privateRun(TestRunner.java:794)
	at org.testng.TestRunner.run(TestRunner.java:596)
	at org.testng.SuiteRunner.runTest(SuiteRunner.java:377)
	at org.testng.SuiteRunner.runSequentially(SuiteRunner.java:371)
	at org.testng.SuiteRunner.privateRun(SuiteRunner.java:332)
	at org.testng.SuiteRunner.run(SuiteRunner.java:276)
	at org.testng.SuiteRunnerWorker.runSuite(SuiteRunnerWorker.java:53)
	at org.testng.SuiteRunnerWorker.run(SuiteRunnerWorker.java:96)
	at org.testng.TestNG.runSuitesSequentially(TestNG.java:1212)
	at org.testng.TestNG.runSuitesLocally(TestNG.java:1134)
	at org.testng.TestNG.runSuites(TestNG.java:1063)
	at org.testng.TestNG.run(TestNG.java:1031)
	at org.testng.remote.AbstractRemoteTestNG.run(AbstractRemoteTestNG.java:115)
	at org.testng.remote.RemoteTestNG.initAndRun(RemoteTestNG.java:293)
	at org.testng.remote.RemoteTestNG.main(RemoteTestNG.java:91)
</pre></div></td>
<td>0</td>
<td>AutomationTesting.BillingTestSuite30th31st@1d296da</td></tr>
<tr>
<td title='AutomationTesting.BillingTestSuite30th31st.COL02()'><b>COL02</b><br>Test class: AutomationTesting.BillingTestSuite30th31st<br>Parameters: Jan 01, 2025 - Jan 15, 2025<br/>
<a href="#Output-993452032" onClick='toggleBox("Output-993452032", this, "Show output", "Hide output");'>Show output</a>

<a href="#Output-993452032" onClick="toggleAllBoxes();">Show all outputs</a>
<div class='log' id="Output-993452032">
Start of Test ID (COL02)<br/>
</div>
</td>
<td><div><pre>java.lang.NullPointerException: Cannot invoke &quot;org.openqa.selenium.WebDriver.switchTo()&quot; because &quot;this.driver&quot; is null
	at AutomationTesting.BillingTestSuite30th31st.COL02(BillingTestSuite30th31st.java:581)
	at java.base/java.util.ArrayList.forEach(ArrayList.java:1597)
... Removed 25 stack frames</pre></div><a href='#' onClick='toggleBox("stack-trace993452032", this, "Click to show all stack frames", "Click to hide stack frames")'>Click to show all stack frames</a>
<div class='stack-trace' id='stack-trace993452032'><pre>java.lang.NullPointerException: Cannot invoke &quot;org.openqa.selenium.WebDriver.switchTo()&quot; because &quot;this.driver&quot; is null
	at AutomationTesting.BillingTestSuite30th31st.COL02(BillingTestSuite30th31st.java:581)
	at java.base/jdk.internal.reflect.DirectMethodHandleAccessor.invoke(DirectMethodHandleAccessor.java:103)
	at java.base/java.lang.reflect.Method.invoke(Method.java:580)
	at org.testng.internal.MethodInvocationHelper.invokeMethod(MethodInvocationHelper.java:133)
	at org.testng.internal.TestInvoker.invokeMethod(TestInvoker.java:598)
	at org.testng.internal.TestInvoker.invokeTestMethod(TestInvoker.java:173)
	at org.testng.internal.MethodRunner.runInSequence(MethodRunner.java:46)
	at org.testng.internal.TestInvoker$MethodInvocationAgent.invoke(TestInvoker.java:824)
	at org.testng.internal.TestInvoker.invokeTestMethods(TestInvoker.java:146)
	at org.testng.internal.TestMethodWorker.invokeTestMethods(TestMethodWorker.java:146)
	at org.testng.internal.TestMethodWorker.run(TestMethodWorker.java:128)
	at java.base/java.util.ArrayList.forEach(ArrayList.java:1597)
	at org.testng.TestRunner.privateRun(TestRunner.java:794)
	at org.testng.TestRunner.run(TestRunner.java:596)
	at org.testng.SuiteRunner.runTest(SuiteRunner.java:377)
	at org.testng.SuiteRunner.runSequentially(SuiteRunner.java:371)
	at org.testng.SuiteRunner.privateRun(SuiteRunner.java:332)
	at org.testng.SuiteRunner.run(SuiteRunner.java:276)
	at org.testng.SuiteRunnerWorker.runSuite(SuiteRunnerWorker.java:53)
	at org.testng.SuiteRunnerWorker.run(SuiteRunnerWorker.java:96)
	at org.testng.TestNG.runSuitesSequentially(TestNG.java:1212)
	at org.testng.TestNG.runSuitesLocally(TestNG.java:1134)
	at org.testng.TestNG.runSuites(TestNG.java:1063)
	at org.testng.TestNG.run(TestNG.java:1031)
	at org.testng.remote.AbstractRemoteTestNG.run(AbstractRemoteTestNG.java:115)
	at org.testng.remote.RemoteTestNG.initAndRun(RemoteTestNG.java:293)
	at org.testng.remote.RemoteTestNG.main(RemoteTestNG.java:91)
</pre></div></td>
<td>0</td>
<td>AutomationTesting.BillingTestSuite30th31st@1d296da</td></tr>
<tr>
<td title='AutomationTesting.BillingTestSuite30th31st.SOA14()'><b>SOA14</b><br>Test class: AutomationTesting.BillingTestSuite30th31st<br/>
<a href="#Output-164733543" onClick='toggleBox("Output-164733543", this, "Show output", "Hide output");'>Show output</a>

<a href="#Output-164733543" onClick="toggleAllBoxes();">Show all outputs</a>
<div class='log' id="Output-164733543">
Start of Test ID (SOA14)<br/>
</div>
</td>
<td><div><pre>java.lang.NullPointerException: Cannot invoke &quot;String.replace(java.lang.CharSequence, java.lang.CharSequence)&quot; because &quot;this.formattedAllCurrentBalance&quot; is null
	at AutomationTesting.BillingTestSuite30th31st.SOA14(BillingTestSuite30th31st.java:1430)
	at java.base/java.util.ArrayList.forEach(ArrayList.java:1597)
... Removed 25 stack frames</pre></div><a href='#' onClick='toggleBox("stack-trace164733543", this, "Click to show all stack frames", "Click to hide stack frames")'>Click to show all stack frames</a>
<div class='stack-trace' id='stack-trace164733543'><pre>java.lang.NullPointerException: Cannot invoke &quot;String.replace(java.lang.CharSequence, java.lang.CharSequence)&quot; because &quot;this.formattedAllCurrentBalance&quot; is null
	at AutomationTesting.BillingTestSuite30th31st.SOA14(BillingTestSuite30th31st.java:1430)
	at java.base/jdk.internal.reflect.DirectMethodHandleAccessor.invoke(DirectMethodHandleAccessor.java:103)
	at java.base/java.lang.reflect.Method.invoke(Method.java:580)
	at org.testng.internal.MethodInvocationHelper.invokeMethod(MethodInvocationHelper.java:133)
	at org.testng.internal.TestInvoker.invokeMethod(TestInvoker.java:598)
	at org.testng.internal.TestInvoker.invokeTestMethod(TestInvoker.java:173)
	at org.testng.internal.MethodRunner.runInSequence(MethodRunner.java:46)
	at org.testng.internal.TestInvoker$MethodInvocationAgent.invoke(TestInvoker.java:824)
	at org.testng.internal.TestInvoker.invokeTestMethods(TestInvoker.java:146)
	at org.testng.internal.TestMethodWorker.invokeTestMethods(TestMethodWorker.java:146)
	at org.testng.internal.TestMethodWorker.run(TestMethodWorker.java:128)
	at java.base/java.util.ArrayList.forEach(ArrayList.java:1597)
	at org.testng.TestRunner.privateRun(TestRunner.java:794)
	at org.testng.TestRunner.run(TestRunner.java:596)
	at org.testng.SuiteRunner.runTest(SuiteRunner.java:377)
	at org.testng.SuiteRunner.runSequentially(SuiteRunner.java:371)
	at org.testng.SuiteRunner.privateRun(SuiteRunner.java:332)
	at org.testng.SuiteRunner.run(SuiteRunner.java:276)
	at org.testng.SuiteRunnerWorker.runSuite(SuiteRunnerWorker.java:53)
	at org.testng.SuiteRunnerWorker.run(SuiteRunnerWorker.java:96)
	at org.testng.TestNG.runSuitesSequentially(TestNG.java:1212)
	at org.testng.TestNG.runSuitesLocally(TestNG.java:1134)
	at org.testng.TestNG.runSuites(TestNG.java:1063)
	at org.testng.TestNG.run(TestNG.java:1031)
	at org.testng.remote.AbstractRemoteTestNG.run(AbstractRemoteTestNG.java:115)
	at org.testng.remote.RemoteTestNG.initAndRun(RemoteTestNG.java:293)
	at org.testng.remote.RemoteTestNG.main(RemoteTestNG.java:91)
</pre></div></td>
<td>0</td>
<td>AutomationTesting.BillingTestSuite30th31st@1d296da</td></tr>
<tr>
<td title='AutomationTesting.BillingTestSuite30th31st.SOA13()'><b>SOA13</b><br>Test class: AutomationTesting.BillingTestSuite30th31st<br/>
<a href="#Output-668301868" onClick='toggleBox("Output-668301868", this, "Show output", "Hide output");'>Show output</a>

<a href="#Output-668301868" onClick="toggleAllBoxes();">Show all outputs</a>
<div class='log' id="Output-668301868">
Start of Test ID (SOA13)<br/>
</div>
</td>
<td><div><pre>java.lang.NullPointerException: Cannot invoke &quot;org.openqa.selenium.WebDriver.findElement(org.openqa.selenium.By)&quot; because &quot;this.driver&quot; is null
	at AutomationTesting.BillingTestSuite30th31st.SOA13(BillingTestSuite30th31st.java:1405)
	at java.base/java.util.ArrayList.forEach(ArrayList.java:1597)
... Removed 25 stack frames</pre></div><a href='#' onClick='toggleBox("stack-trace668301868", this, "Click to show all stack frames", "Click to hide stack frames")'>Click to show all stack frames</a>
<div class='stack-trace' id='stack-trace668301868'><pre>java.lang.NullPointerException: Cannot invoke &quot;org.openqa.selenium.WebDriver.findElement(org.openqa.selenium.By)&quot; because &quot;this.driver&quot; is null
	at AutomationTesting.BillingTestSuite30th31st.SOA13(BillingTestSuite30th31st.java:1405)
	at java.base/jdk.internal.reflect.DirectMethodHandleAccessor.invoke(DirectMethodHandleAccessor.java:103)
	at java.base/java.lang.reflect.Method.invoke(Method.java:580)
	at org.testng.internal.MethodInvocationHelper.invokeMethod(MethodInvocationHelper.java:133)
	at org.testng.internal.TestInvoker.invokeMethod(TestInvoker.java:598)
	at org.testng.internal.TestInvoker.invokeTestMethod(TestInvoker.java:173)
	at org.testng.internal.MethodRunner.runInSequence(MethodRunner.java:46)
	at org.testng.internal.TestInvoker$MethodInvocationAgent.invoke(TestInvoker.java:824)
	at org.testng.internal.TestInvoker.invokeTestMethods(TestInvoker.java:146)
	at org.testng.internal.TestMethodWorker.invokeTestMethods(TestMethodWorker.java:146)
	at org.testng.internal.TestMethodWorker.run(TestMethodWorker.java:128)
	at java.base/java.util.ArrayList.forEach(ArrayList.java:1597)
	at org.testng.TestRunner.privateRun(TestRunner.java:794)
	at org.testng.TestRunner.run(TestRunner.java:596)
	at org.testng.SuiteRunner.runTest(SuiteRunner.java:377)
	at org.testng.SuiteRunner.runSequentially(SuiteRunner.java:371)
	at org.testng.SuiteRunner.privateRun(SuiteRunner.java:332)
	at org.testng.SuiteRunner.run(SuiteRunner.java:276)
	at org.testng.SuiteRunnerWorker.runSuite(SuiteRunnerWorker.java:53)
	at org.testng.SuiteRunnerWorker.run(SuiteRunnerWorker.java:96)
	at org.testng.TestNG.runSuitesSequentially(TestNG.java:1212)
	at org.testng.TestNG.runSuitesLocally(TestNG.java:1134)
	at org.testng.TestNG.runSuites(TestNG.java:1063)
	at org.testng.TestNG.run(TestNG.java:1031)
	at org.testng.remote.AbstractRemoteTestNG.run(AbstractRemoteTestNG.java:115)
	at org.testng.remote.RemoteTestNG.initAndRun(RemoteTestNG.java:293)
	at org.testng.remote.RemoteTestNG.main(RemoteTestNG.java:91)
</pre></div></td>
<td>0</td>
<td>AutomationTesting.BillingTestSuite30th31st@1d296da</td></tr>
<tr>
<td title='AutomationTesting.BillingTestSuite30th31st.SOA8()'><b>SOA8</b><br>Test class: AutomationTesting.BillingTestSuite30th31st<br/>
<a href="#Output-1665525689" onClick='toggleBox("Output-1665525689", this, "Show output", "Hide output");'>Show output</a>

<a href="#Output-1665525689" onClick="toggleAllBoxes();">Show all outputs</a>
<div class='log' id="Output-1665525689">
Start of Test ID (SOA08)<br/>
</div>
</td>
<td><div><pre>java.lang.NullPointerException: Cannot invoke &quot;String.replace(java.lang.CharSequence, java.lang.CharSequence)&quot; because &quot;this.formattedTotalAmount&quot; is null
	at AutomationTesting.BillingTestSuite30th31st.SOA8(BillingTestSuite30th31st.java:1270)
	at java.base/java.util.ArrayList.forEach(ArrayList.java:1597)
... Removed 25 stack frames</pre></div><a href='#' onClick='toggleBox("stack-trace1665525689", this, "Click to show all stack frames", "Click to hide stack frames")'>Click to show all stack frames</a>
<div class='stack-trace' id='stack-trace1665525689'><pre>java.lang.NullPointerException: Cannot invoke &quot;String.replace(java.lang.CharSequence, java.lang.CharSequence)&quot; because &quot;this.formattedTotalAmount&quot; is null
	at AutomationTesting.BillingTestSuite30th31st.SOA8(BillingTestSuite30th31st.java:1270)
	at java.base/jdk.internal.reflect.DirectMethodHandleAccessor.invoke(DirectMethodHandleAccessor.java:103)
	at java.base/java.lang.reflect.Method.invoke(Method.java:580)
	at org.testng.internal.MethodInvocationHelper.invokeMethod(MethodInvocationHelper.java:133)
	at org.testng.internal.TestInvoker.invokeMethod(TestInvoker.java:598)
	at org.testng.internal.TestInvoker.invokeTestMethod(TestInvoker.java:173)
	at org.testng.internal.MethodRunner.runInSequence(MethodRunner.java:46)
	at org.testng.internal.TestInvoker$MethodInvocationAgent.invoke(TestInvoker.java:824)
	at org.testng.internal.TestInvoker.invokeTestMethods(TestInvoker.java:146)
	at org.testng.internal.TestMethodWorker.invokeTestMethods(TestMethodWorker.java:146)
	at org.testng.internal.TestMethodWorker.run(TestMethodWorker.java:128)
	at java.base/java.util.ArrayList.forEach(ArrayList.java:1597)
	at org.testng.TestRunner.privateRun(TestRunner.java:794)
	at org.testng.TestRunner.run(TestRunner.java:596)
	at org.testng.SuiteRunner.runTest(SuiteRunner.java:377)
	at org.testng.SuiteRunner.runSequentially(SuiteRunner.java:371)
	at org.testng.SuiteRunner.privateRun(SuiteRunner.java:332)
	at org.testng.SuiteRunner.run(SuiteRunner.java:276)
	at org.testng.SuiteRunnerWorker.runSuite(SuiteRunnerWorker.java:53)
	at org.testng.SuiteRunnerWorker.run(SuiteRunnerWorker.java:96)
	at org.testng.TestNG.runSuitesSequentially(TestNG.java:1212)
	at org.testng.TestNG.runSuitesLocally(TestNG.java:1134)
	at org.testng.TestNG.runSuites(TestNG.java:1063)
	at org.testng.TestNG.run(TestNG.java:1031)
	at org.testng.remote.AbstractRemoteTestNG.run(AbstractRemoteTestNG.java:115)
	at org.testng.remote.RemoteTestNG.initAndRun(RemoteTestNG.java:293)
	at org.testng.remote.RemoteTestNG.main(RemoteTestNG.java:91)
</pre></div></td>
<td>0</td>
<td>AutomationTesting.BillingTestSuite30th31st@1d296da</td></tr>
<tr>
<td title='AutomationTesting.BillingTestSuite30th31st.BIL03()'><b>BIL03</b><br>Test class: AutomationTesting.BillingTestSuite30th31st<br/>
<a href="#Output-345986913" onClick='toggleBox("Output-345986913", this, "Show output", "Hide output");'>Show output</a>

<a href="#Output-345986913" onClick="toggleAllBoxes();">Show all outputs</a>
<div class='log' id="Output-345986913">
Start of Test ID (BIL03)<br/>
</div>
</td>
<td><div><pre>java.lang.NullPointerException: Cannot invoke &quot;org.openqa.selenium.WebDriver.findElement(org.openqa.selenium.By)&quot; because &quot;this.driver&quot; is null
	at AutomationTesting.BillingTestSuite30th31st.BIL03(BillingTestSuite30th31st.java:315)
	at java.base/java.util.ArrayList.forEach(ArrayList.java:1597)
... Removed 25 stack frames</pre></div><a href='#' onClick='toggleBox("stack-trace345986913", this, "Click to show all stack frames", "Click to hide stack frames")'>Click to show all stack frames</a>
<div class='stack-trace' id='stack-trace345986913'><pre>java.lang.NullPointerException: Cannot invoke &quot;org.openqa.selenium.WebDriver.findElement(org.openqa.selenium.By)&quot; because &quot;this.driver&quot; is null
	at AutomationTesting.BillingTestSuite30th31st.BIL03(BillingTestSuite30th31st.java:315)
	at java.base/jdk.internal.reflect.DirectMethodHandleAccessor.invoke(DirectMethodHandleAccessor.java:103)
	at java.base/java.lang.reflect.Method.invoke(Method.java:580)
	at org.testng.internal.MethodInvocationHelper.invokeMethod(MethodInvocationHelper.java:133)
	at org.testng.internal.TestInvoker.invokeMethod(TestInvoker.java:598)
	at org.testng.internal.TestInvoker.invokeTestMethod(TestInvoker.java:173)
	at org.testng.internal.MethodRunner.runInSequence(MethodRunner.java:46)
	at org.testng.internal.TestInvoker$MethodInvocationAgent.invoke(TestInvoker.java:824)
	at org.testng.internal.TestInvoker.invokeTestMethods(TestInvoker.java:146)
	at org.testng.internal.TestMethodWorker.invokeTestMethods(TestMethodWorker.java:146)
	at org.testng.internal.TestMethodWorker.run(TestMethodWorker.java:128)
	at java.base/java.util.ArrayList.forEach(ArrayList.java:1597)
	at org.testng.TestRunner.privateRun(TestRunner.java:794)
	at org.testng.TestRunner.run(TestRunner.java:596)
	at org.testng.SuiteRunner.runTest(SuiteRunner.java:377)
	at org.testng.SuiteRunner.runSequentially(SuiteRunner.java:371)
	at org.testng.SuiteRunner.privateRun(SuiteRunner.java:332)
	at org.testng.SuiteRunner.run(SuiteRunner.java:276)
	at org.testng.SuiteRunnerWorker.runSuite(SuiteRunnerWorker.java:53)
	at org.testng.SuiteRunnerWorker.run(SuiteRunnerWorker.java:96)
	at org.testng.TestNG.runSuitesSequentially(TestNG.java:1212)
	at org.testng.TestNG.runSuitesLocally(TestNG.java:1134)
	at org.testng.TestNG.runSuites(TestNG.java:1063)
	at org.testng.TestNG.run(TestNG.java:1031)
	at org.testng.remote.AbstractRemoteTestNG.run(AbstractRemoteTestNG.java:115)
	at org.testng.remote.RemoteTestNG.initAndRun(RemoteTestNG.java:293)
	at org.testng.remote.RemoteTestNG.main(RemoteTestNG.java:91)
</pre></div></td>
<td>0</td>
<td>AutomationTesting.BillingTestSuite30th31st@1d296da</td></tr>
</table><p>
<table width='100%' border='1' class='invocation-passed'>
<tr><td colspan='4' align='center'><b>PASSED TESTS</b></td></tr>
<tr><td><b>Test method</b></td>
<td width="30%"><b>Exception</b></td>
<td width="10%"><b>Time (seconds)</b></td>
<td><b>Instance</b></td>
</tr>
<tr>
<td title='AutomationTesting.BillingTestSuite16th.BIL04()'><b>BIL04</b><br>Test class: AutomationTesting.BillingTestSuite16th<br>Parameters: Jan 01, 2025 - Jan 15, 2025, Jan 16, 2025<br/>
<a href="#Output-1220806149" onClick='toggleBox("Output-1220806149", this, "Show output", "Hide output");'>Show output</a>

<a href="#Output-1220806149" onClick="toggleAllBoxes();">Show all outputs</a>
<div class='log' id="Output-1220806149">
Start of Test ID (BIL04)<br/>
Test ID (BIL04) Passed <br/>
Soa Date is Valid which is: Jan 16, 2025<br/>
End of Billing Module Validation<br/>
</div>
</td>
<td></td>
<td>0</td>
<td>AutomationTesting.BillingTestSuite16th@28701274</td></tr>
<tr>
<td title='AutomationTesting.BillingTestSuite16th.LI02()'><b>LI02</b><br>Test class: AutomationTesting.BillingTestSuite16th<br/>
<a href="#Output-1591161296" onClick='toggleBox("Output-1591161296", this, "Show output", "Hide output");'>Show output</a>

<a href="#Output-1591161296" onClick="toggleAllBoxes();">Show all outputs</a>
<div class='log' id="Output-1591161296">
Start of Test ID (LI02)<br/>
Inputting Valid Credential<br/>
Test ID (LI02) Passed <br/>
End of Login Validation!<br/>
</div>
</td>
<td></td>
<td>0</td>
<td>AutomationTesting.BillingTestSuite16th@28701274</td></tr>
<tr>
<td title='AutomationTesting.BillingTestSuite16th.COL01()'><b>COL01</b><br>Test class: AutomationTesting.BillingTestSuite16th<br>Parameters: Jan 01, 2025 - Jan 15, 2025, H10015407, Jan 16, 2025<br/>
<a href="#Output-2121317689" onClick='toggleBox("Output-2121317689", this, "Show output", "Hide output");'>Show output</a>

<a href="#Output-2121317689" onClick="toggleAllBoxes();">Show all outputs</a>
<div class='log' id="Output-2121317689">
Start of Test ID (COL01)<br/>
Start of Collection Module Validation...<br/>
Navigate to Collection Module...<br/>
'Unlock' button found. Clicking to unlock...<br/>
'Details' button found. Clicking to proceed...<br/>
Successfully clicked 'Details' button. Proceeding to the new tab...<br/>
Test ID (COL01) Passed <br/>
Billing Period is Valid which is: Jan 01, 2025 - Jan 15, 2025<br/>
Total Claims is Valid which is: 15<br/>
Total Amount is Valid which is: PHP 150.00<br/>
</div>
</td>
<td></td>
<td>43</td>
<td>AutomationTesting.BillingTestSuite16th@28701274</td></tr>
<tr>
<td title='AutomationTesting.BillingTestSuite16th.SOA13()'><b>SOA13</b><br>Test class: AutomationTesting.BillingTestSuite16th<br/>
<a href="#Output-2141932519" onClick='toggleBox("Output-2141932519", this, "Show output", "Hide output");'>Show output</a>

<a href="#Output-2141932519" onClick="toggleAllBoxes();">Show all outputs</a>
<div class='log' id="Output-2141932519">
Start of Test ID (SOA13)<br/>
Test ID (SOA13) Passed <br/>
Total Payment: ( 0.00)<br/>
Total Payment covered in generated billing: ( 0.00)<br/>
</div>
</td>
<td></td>
<td>0</td>
<td>AutomationTesting.BillingTestSuite16th@28701274</td></tr>
<tr>
<td title='AutomationTesting.BillingTestSuite16th.SOA14()'><b>SOA14</b><br>Test class: AutomationTesting.BillingTestSuite16th<br/>
<a href="#Output-1949672824" onClick='toggleBox("Output-1949672824", this, "Show output", "Hide output");'>Show output</a>

<a href="#Output-1949672824" onClick="toggleAllBoxes();">Show all outputs</a>
<div class='log' id="Output-1949672824">
Start of Test ID (SOA14)<br/>
Test ID (SOA14) Passed <br/>
Overdue: 2100.0<br/>
Current Amount Due: 150.0<br/>
Total Payment: (0.0)<br/>
TAD:  2,250.00<br/>
</div>
</td>
<td></td>
<td>0</td>
<td>AutomationTesting.BillingTestSuite16th@28701274</td></tr>
<tr>
<td title='AutomationTesting.BillingTestSuite16th.AR02()'><b>AR02</b><br>Test class: AutomationTesting.BillingTestSuite16th<br>Parameters: Jan 01, 2025 - Jan 15, 2025<br/>
<a href="#Output-1482344533" onClick='toggleBox("Output-1482344533", this, "Show output", "Hide output");'>Show output</a>

<a href="#Output-1482344533" onClick="toggleAllBoxes();">Show all outputs</a>
<div class='log' id="Output-1482344533">
Start of Test ID (AR02)<br/>
Test ID (AR02) Passed <br/>
Billing Period is correct which is: Jan 01, 2025 - Jan 15, 2025<br/>
</div>
</td>
<td></td>
<td>0</td>
<td>AutomationTesting.BillingTestSuite16th@28701274</td></tr>
<tr>
<td title='AutomationTesting.BillingTestSuite16th.SOA3()'><b>SOA3</b><br>Test class: AutomationTesting.BillingTestSuite16th<br/>
<a href="#Output-806572546" onClick='toggleBox("Output-806572546", this, "Show output", "Hide output");'>Show output</a>

<a href="#Output-806572546" onClick="toggleAllBoxes();">Show all outputs</a>
<div class='log' id="Output-806572546">
Start of Test ID (SOA03)<br/>
Test ID (SOA03) Passed <br/>
Total Claims is correct which is: 15<br/>
</div>
</td>
<td></td>
<td>0</td>
<td>AutomationTesting.BillingTestSuite16th@28701274</td></tr>
<tr>
<td title='AutomationTesting.BillingTestSuite16th.SOA9()'><b>SOA9</b><br>Test class: AutomationTesting.BillingTestSuite16th<br/>
<a href="#Output-2113273959" onClick='toggleBox("Output-2113273959", this, "Show output", "Hide output");'>Show output</a>

<a href="#Output-2113273959" onClick="toggleAllBoxes();">Show all outputs</a>
<div class='log' id="Output-2113273959">
Start of Test ID (SOA09)<br/>
Test ID (SOA09) Passed <br/>
Vatable Sales: 133.93<br/>
Vatable Sales * 0.12:  16.07<br/>
</div>
</td>
<td></td>
<td>0</td>
<td>AutomationTesting.BillingTestSuite16th@28701274</td></tr>
<tr>
<td title='AutomationTesting.BillingTestSuite16th.BIL03()'><b>BIL03</b><br>Test class: AutomationTesting.BillingTestSuite16th<br/>
<a href="#Output-925803196" onClick='toggleBox("Output-925803196", this, "Show output", "Hide output");'>Show output</a>

<a href="#Output-925803196" onClick="toggleAllBoxes();">Show all outputs</a>
<div class='log' id="Output-925803196">
Start of Test ID (BIL03)<br/>
Total Amount is: Php 150.00<br/>
Test ID (BIL03) Passed <br/>
</div>
</td>
<td></td>
<td>0</td>
<td>AutomationTesting.BillingTestSuite16th@28701274</td></tr>
<tr>
<td title='AutomationTesting.BillingTestSuite16th.SOA6()'><b>SOA6</b><br>Test class: AutomationTesting.BillingTestSuite16th<br/>
<a href="#Output-1832657711" onClick='toggleBox("Output-1832657711", this, "Show output", "Hide output");'>Show output</a>

<a href="#Output-1832657711" onClick="toggleAllBoxes();">Show all outputs</a>
<div class='log' id="Output-1832657711">
Start of Test ID (SOA06)<br/>
Test ID (SOA06) Passed <br/>
Total of Free trial claims: 0.0<br/>
Total Claims without free trial: 15.0<br/>
Total Claims that deducted free trial: 15<br/>
</div>
</td>
<td></td>
<td>0</td>
<td>AutomationTesting.BillingTestSuite16th@28701274</td></tr>
<tr>
<td title='AutomationTesting.BillingTestSuite16th.SOA7()'><b>SOA7</b><br>Test class: AutomationTesting.BillingTestSuite16th<br/>
<a href="#Output-1489946715" onClick='toggleBox("Output-1489946715", this, "Show output", "Hide output");'>Show output</a>

<a href="#Output-1489946715" onClick="toggleAllBoxes();">Show all outputs</a>
<div class='log' id="Output-1489946715">
Start of Test ID (SOA07)<br/>
Test ID (SOA07) Passed <br/>
Total Claims: 15.00<br/>
Service Fee: 10.00<br/>
Total Claims * Service Fee:  150.00<br/>
</div>
</td>
<td></td>
<td>0</td>
<td>AutomationTesting.BillingTestSuite16th@28701274</td></tr>
<tr>
<td title='AutomationTesting.BillingTestSuite16th.SOA01()'><b>SOA01</b><br>Test class: AutomationTesting.BillingTestSuite16th<br>Parameters: Jan 01, 2025 - Jan 15, 2025, H10015407<br/>
<a href="#Output-410958248" onClick='toggleBox("Output-410958248", this, "Show output", "Hide output");'>Show output</a>

<a href="#Output-410958248" onClick="toggleAllBoxes();">Show all outputs</a>
<div class='log' id="Output-410958248">
Start of Test ID (SOA01)<br/>
Navigating to Statement of Account...<br/>
Start of Statement of Account Validation...<br/>
Test ID (SOA01) Passed <br/>
Billing Period is correct which is: Jan 01, 2025 - Jan 15, 2025<br/>
</div>
</td>
<td></td>
<td>9</td>
<td>AutomationTesting.BillingTestSuite16th@28701274</td></tr>
<tr>
<td title='AutomationTesting.BillingTestSuite16th.BIL01()'><b>BIL01</b><br>Test class: AutomationTesting.BillingTestSuite16th<br>Parameters: Jan 01, 2025 - Jan 15, 2025, H10015407<br/>
<a href="#Output-1483145520" onClick='toggleBox("Output-1483145520", this, "Show output", "Hide output");'>Show output</a>

<a href="#Output-1483145520" onClick="toggleAllBoxes();">Show all outputs</a>
<div class='log' id="Output-1483145520">
Start of Billing Module Validation...<br/>
Navigate to Billing Module...<br/>
Kebab Icon successfully clicked<br/>
Navigating to Hospital...<br/>
Start of Test ID (BIL01)<br/>
Test ID (BIL01) Passed <br/>
Billing Period is Valid which is: Jan 01, 2025 - Jan 15, 2025<br/>
</div>
</td>
<td></td>
<td>25</td>
<td>AutomationTesting.BillingTestSuite16th@28701274</td></tr>
<tr>
<td title='AutomationTesting.BillingTestSuite16th.SOA11()'><b>SOA11</b><br>Test class: AutomationTesting.BillingTestSuite16th<br/>
<a href="#Output-353580491" onClick='toggleBox("Output-353580491", this, "Show output", "Hide output");'>Show output</a>

<a href="#Output-353580491" onClick="toggleAllBoxes();">Show all outputs</a>
<div class='log' id="Output-353580491">
Start of Test ID (SOA11)<br/>
Test ID (SOA11) Passed <br/>
Current Balance in Payment History  0.00<br/>
Total amount in Periodical History: ( 0.00)<br/>
</div>
</td>
<td></td>
<td>0</td>
<td>AutomationTesting.BillingTestSuite16th@28701274</td></tr>
<tr>
<td title='AutomationTesting.BillingTestSuite16th.SOA15()'><b>SOA15</b><br>Test class: AutomationTesting.BillingTestSuite16th<br>Parameters: https://manager.easyclaimsph.com/SOA, H10015407, Jan 01, 2025 - Jan 15, 2025, Jan 16, 2025<br/>
<a href="#Output-810576909" onClick='toggleBox("Output-810576909", this, "Show output", "Hide output");'>Show output</a>

<a href="#Output-810576909" onClick="toggleAllBoxes();">Show all outputs</a>
<div class='log' id="Output-810576909">
Start of Test ID (SOA15)<br/>
Test ID (SOA15) Passed <br/>
Total Claims: 15<br/>
Billing Period: Jan 01, 2025 - Jan 15, 2025<br/>
Statement Date: Jan 16, 2025<br/>
</div>
</td>
<td></td>
<td>9</td>
<td>AutomationTesting.BillingTestSuite16th@28701274</td></tr>
<tr>
<td title='AutomationTesting.BillingTestSuite16th.SOA12()'><b>SOA12</b><br>Test class: AutomationTesting.BillingTestSuite16th<br/>
<a href="#Output-2025955363" onClick='toggleBox("Output-2025955363", this, "Show output", "Hide output");'>Show output</a>

<a href="#Output-2025955363" onClick="toggleAllBoxes();">Show all outputs</a>
<div class='log' id="Output-2025955363">
Start of Test ID (SOA12)<br/>
Test ID (SOA12) Passed <br/>
Total Amount Due:  2,100.00<br/>
Total Amount Due in SOA:  2,100.00<br/>
</div>
</td>
<td></td>
<td>0</td>
<td>AutomationTesting.BillingTestSuite16th@28701274</td></tr>
<tr>
<td title='AutomationTesting.BillingTestSuite16th.AR01()'><b>AR01</b><br>Test class: AutomationTesting.BillingTestSuite16th<br>Parameters: Jan 16, 2025, H10015407<br/>
<a href="#Output-1340086277" onClick='toggleBox("Output-1340086277", this, "Show output", "Hide output");'>Show output</a>

<a href="#Output-1340086277" onClick="toggleAllBoxes();">Show all outputs</a>
<div class='log' id="Output-1340086277">
Start of Test ID (AR01)<br/>
Navigating to Account Receivable Module...<br/>
Start of Account Receivable Module Validation...<br/>
Test ID (AR01) Passed <br/>
Statement Date is correct which is: Jan 16, 2025<br/>
</div>
</td>
<td></td>
<td>10</td>
<td>AutomationTesting.BillingTestSuite16th@28701274</td></tr>
<tr>
<td title='AutomationTesting.BillingTestSuite16th.LI01()'><b>LI01</b><br>Test class: AutomationTesting.BillingTestSuite16th<br>Parameters: https://manager.easyclaimsph.com<br/>
<a href="#Output-1455204443" onClick='toggleBox("Output-1455204443", this, "Show output", "Hide output");'>Show output</a>

<a href="#Output-1455204443" onClick="toggleAllBoxes();">Show all outputs</a>
<div class='log' id="Output-1455204443">
Start of Login Validation...)<br/>
Start of Test ID (LI01)<br/>
Navigating to URL...<br/>
All Elements are loaded!<br/>
Test ID (LI01) Passed <br/>
</div>
</td>
<td></td>
<td>4</td>
<td>AutomationTesting.BillingTestSuite16th@28701274</td></tr>
<tr>
<td title='AutomationTesting.BillingTestSuite16th.SOA4()'><b>SOA4</b><br>Test class: AutomationTesting.BillingTestSuite16th<br>Parameters: Jan 01, 2025 - Jan 15, 2025<br/>
<a href="#Output-1223303171" onClick='toggleBox("Output-1223303171", this, "Show output", "Hide output");'>Show output</a>

<a href="#Output-1223303171" onClick="toggleAllBoxes();">Show all outputs</a>
<div class='log' id="Output-1223303171">
Start of Test ID (SOA04)<br/>
Successfully navigated to the report page.<br/>
</div>
</td>
<td></td>
<td>9</td>
<td>AutomationTesting.BillingTestSuite16th@28701274</td></tr>
<tr>
<td title='AutomationTesting.BillingTestSuite16th.COL02()'><b>COL02</b><br>Test class: AutomationTesting.BillingTestSuite16th<br>Parameters: Jan 01, 2025 - Jan 15, 2025<br/>
<a href="#Output-2115087165" onClick='toggleBox("Output-2115087165", this, "Show output", "Hide output");'>Show output</a>

<a href="#Output-2115087165" onClick="toggleAllBoxes();">Show all outputs</a>
<div class='log' id="Output-2115087165">
Start of Test ID (COL02)<br/>
Test ID (COL02) Passed <br/>
Billing Period is Valid which is: JAN 01, 2025 - JAN 15, 2025<br/>
</div>
</td>
<td></td>
<td>10</td>
<td>AutomationTesting.BillingTestSuite16th@28701274</td></tr>
<tr>
<td title='AutomationTesting.BillingTestSuite16th.AR03()'><b>AR03</b><br>Test class: AutomationTesting.BillingTestSuite16th<br/>
<a href="#Output-1450712470" onClick='toggleBox("Output-1450712470", this, "Show output", "Hide output");'>Show output</a>

<a href="#Output-1450712470" onClick="toggleAllBoxes();">Show all outputs</a>
<div class='log' id="Output-1450712470">
Start of Test ID (AR03)<br/>
Test ID (AR03) Passed <br/>
Total Amount in Billing : Php 150.00<br/>
Total Amount in Account Receivable: Php 150.00<br/>
End of Account Receivable Validation Php 150.00<br/>
</div>
</td>
<td></td>
<td>0</td>
<td>AutomationTesting.BillingTestSuite16th@28701274</td></tr>
<tr>
<td title='AutomationTesting.BillingTestSuite16th.SOA02()'><b>SOA02</b><br>Test class: AutomationTesting.BillingTestSuite16th<br>Parameters: Jan 16, 2025<br/>
<a href="#Output-716972621" onClick='toggleBox("Output-716972621", this, "Show output", "Hide output");'>Show output</a>

<a href="#Output-716972621" onClick="toggleAllBoxes();">Show all outputs</a>
<div class='log' id="Output-716972621">
Start of Test ID (SOA02)<br/>
Test ID (SOA02) Passed <br/>
Billing Date is correct which is: Jan 16, 2025<br/>
</div>
</td>
<td></td>
<td>0</td>
<td>AutomationTesting.BillingTestSuite16th@28701274</td></tr>
<tr>
<td title='AutomationTesting.BillingTestSuite16th.BIL02()'><b>BIL02</b><br>Test class: AutomationTesting.BillingTestSuite16th<br>Parameters: Jan 16, 2025<br/>
<a href="#Output-1653751526" onClick='toggleBox("Output-1653751526", this, "Show output", "Hide output");'>Show output</a>

<a href="#Output-1653751526" onClick="toggleAllBoxes();">Show all outputs</a>
<div class='log' id="Output-1653751526">
Start of Test ID (BIL02)<br/>
Test ID (BIL02) Passed <br/>
Billing Date is Valid which is: Jan 16, 2025<br/>
</div>
</td>
<td></td>
<td>0</td>
<td>AutomationTesting.BillingTestSuite16th@28701274</td></tr>
<tr>
<td title='AutomationTesting.BillingTestSuite16th.COL03()'><b>COL03</b><br>Test class: AutomationTesting.BillingTestSuite16th<br/>
<a href="#Output-2112135199" onClick='toggleBox("Output-2112135199", this, "Show output", "Hide output");'>Show output</a>

<a href="#Output-2112135199" onClick="toggleAllBoxes();">Show all outputs</a>
<div class='log' id="Output-2112135199">
Start of Test ID (COL03)<br/>
Test ID (COL03) Passed <br/>
Current Balance is correct which is: Php 150.00<br/>
End of Collection Module Validation<br/>
</div>
</td>
<td></td>
<td>3</td>
<td>AutomationTesting.BillingTestSuite16th@28701274</td></tr>
<tr>
<td title='AutomationTesting.BillingTestSuite16th.SOA10()'><b>SOA10</b><br>Test class: AutomationTesting.BillingTestSuite16th<br/>
<a href="#Output-1247127272" onClick='toggleBox("Output-1247127272", this, "Show output", "Hide output");'>Show output</a>

<a href="#Output-1247127272" onClick="toggleAllBoxes();">Show all outputs</a>
<div class='log' id="Output-1247127272">
Start of Test ID (SOA10)<br/>
Test ID (SOA10) Passed <br/>
Vatable Sales:  133.93<br/>
Value Added Tax:  16.07<br/>
Current Amount Due:  150.00<br/>
</div>
</td>
<td></td>
<td>0</td>
<td>AutomationTesting.BillingTestSuite16th@28701274</td></tr>
<tr>
<td title='AutomationTesting.BillingTestSuite16th.SOA5()'><b>SOA5</b><br>Test class: AutomationTesting.BillingTestSuite16th<br>Parameters: Jan 01, 2025 - Jan 15, 2025<br/>
<a href="#Output-78816013" onClick='toggleBox("Output-78816013", this, "Show output", "Hide output");'>Show output</a>

<a href="#Output-78816013" onClick="toggleAllBoxes();">Show all outputs</a>
<div class='log' id="Output-78816013">
Start of Test ID (SOA05)<br/>
Jan 01, 2025 - Jan 15, 2025<br/>
Test ID (SOA05) Passed <br/>
Billing Period is valid which is: Jan 01, 2025 - Jan 15, 2025<br/>
</div>
</td>
<td></td>
<td>0</td>
<td>AutomationTesting.BillingTestSuite16th@28701274</td></tr>
<tr>
<td title='AutomationTesting.BillingTestSuite16th.SOA8()'><b>SOA8</b><br>Test class: AutomationTesting.BillingTestSuite16th<br/>
<a href="#Output-1294139740" onClick='toggleBox("Output-1294139740", this, "Show output", "Hide output");'>Show output</a>

<a href="#Output-1294139740" onClick="toggleAllBoxes();">Show all outputs</a>
<div class='log' id="Output-1294139740">
Start of Test ID (SOA08)<br/>
Test ID (SOA08) Passed <br/>
Total Amount: 150.0<br/>
Total Amount / 1.12:  133.93<br/>
</div>
</td>
<td></td>
<td>0</td>
<td>AutomationTesting.BillingTestSuite16th@28701274</td></tr>
</table><p>
</body>
</html>