<?xml version="1.0" encoding="UTF-8"?>
<!-- Generated by org.testng.reporters.JUnitXMLReporter -->
<testsuite ignored="2" hostname="ENIC-LDUERO" failures="34" tests="61" name="Billing Semi Monthly" time="127.402" errors="0" timestamp="2025-01-23T10:16:27 GMT+08:00">
  <testcase classname="AutomationTesting.BillingTestSuite16th" name="LI01" time="4.342"/>
  <testcase classname="AutomationTesting.BillingTestSuite16th" name="LI02" time="0.677"/>
  <testcase classname="AutomationTesting.BillingTestSuite16th" name="BIL01" time="25.066"/>
  <testcase classname="AutomationTesting.BillingTestSuite16th" name="BIL02" time="0.021"/>
  <testcase classname="AutomationTesting.BillingTestSuite16th" name="BIL03" time="0.073"/>
  <testcase classname="AutomationTesting.BillingTestSuite16th" name="BIL04" time="0.034"/>
  <testcase classname="AutomationTesting.BillingTestSuite16th" name="COL01" time="43.258"/>
  <testcase classname="AutomationTesting.BillingTestSuite16th" name="COL02" time="10.154"/>
  <testcase classname="AutomationTesting.BillingTestSuite16th" name="COL03" time="3.068"/>
  <testcase classname="AutomationTesting.BillingTestSuite16th" name="AR01" time="10.281"/>
  <testcase classname="AutomationTesting.BillingTestSuite16th" name="AR02" time="0.016"/>
  <testcase classname="AutomationTesting.BillingTestSuite16th" name="AR03" time="0.016"/>
  <testcase classname="AutomationTesting.BillingTestSuite16th" name="SOA01" time="9.594"/>
  <testcase classname="AutomationTesting.BillingTestSuite16th" name="SOA02" time="0.018"/>
  <testcase classname="AutomationTesting.BillingTestSuite16th" name="SOA3" time="0.017"/>
  <testcase classname="AutomationTesting.BillingTestSuite16th" name="SOA4" time="9.236"/>
  <testcase classname="AutomationTesting.BillingTestSuite16th" name="SOA5" time="0.019"/>
  <testcase classname="AutomationTesting.BillingTestSuite16th" name="SOA6" time="0.036"/>
  <testcase classname="AutomationTesting.BillingTestSuite16th" name="SOA7" time="0.018"/>
  <testcase classname="AutomationTesting.BillingTestSuite16th" name="SOA8" time="0.018"/>
  <testcase classname="AutomationTesting.BillingTestSuite16th" name="SOA9" time="0.023"/>
  <testcase classname="AutomationTesting.BillingTestSuite16th" name="SOA10" time="0.022"/>
  <testcase classname="AutomationTesting.BillingTestSuite16th" name="SOA11" time="0.022"/>
  <testcase classname="AutomationTesting.BillingTestSuite16th" name="SOA12" time="0.021"/>
  <testcase classname="AutomationTesting.BillingTestSuite16th" name="SOA13" time="0.016"/>
  <testcase classname="AutomationTesting.BillingTestSuite16th" name="SOA14" time="0.027"/>
  <testcase classname="AutomationTesting.BillingTestSuite16th" name="SOA15" time="9.69"/>
  <testcase classname="AutomationTesting.BillingTestSuite30th31st" name="LI01" time="0.002">
    <failure type="java.lang.NullPointerException" message="Cannot invoke &amp;quot;org.openqa.selenium.WebDriver.get(String)&amp;quot; because &amp;quot;this.driver&amp;quot; is null">
      <![CDATA[java.lang.NullPointerException: Cannot invoke "org.openqa.selenium.WebDriver.get(String)" because "this.driver" is null
at AutomationTesting.BillingTestSuite30th31st.LI01(BillingTestSuite30th31st.java:47)
at java.base/java.util.ArrayList.forEach(ArrayList.java:1597)
... Removed 25 stack frames]]>
    </failure>
  </testcase> <!-- LI01 -->
  <testcase classname="AutomationTesting.BillingTestSuite30th31st" name="LI02" time="0.001">
    <failure type="java.lang.NullPointerException" message="Cannot invoke &amp;quot;org.openqa.selenium.WebDriver.findElement(org.openqa.selenium.By)&amp;quot; because &amp;quot;this.driver&amp;quot; is null">
      <![CDATA[java.lang.NullPointerException: Cannot invoke "org.openqa.selenium.WebDriver.findElement(org.openqa.selenium.By)" because "this.driver" is null
at AutomationTesting.BillingTestSuite30th31st.LI02(BillingTestSuite30th31st.java:76)
at java.base/java.util.ArrayList.forEach(ArrayList.java:1597)
... Removed 25 stack frames]]>
    </failure>
  </testcase> <!-- LI02 -->
  <testcase classname="AutomationTesting.BillingTestSuite30th31st" name="CL01" time="0.0">
    <failure type="java.lang.NullPointerException" message="Cannot invoke &amp;quot;org.openqa.selenium.WebDriver.findElement(org.openqa.selenium.By)&amp;quot; because &amp;quot;this.driver&amp;quot; is null">
      <![CDATA[java.lang.NullPointerException: Cannot invoke "org.openqa.selenium.WebDriver.findElement(org.openqa.selenium.By)" because "this.driver" is null
at AutomationTesting.BillingTestSuite30th31st.CL01(BillingTestSuite30th31st.java:102)
at java.base/java.util.ArrayList.forEach(ArrayList.java:1597)
... Removed 25 stack frames]]>
    </failure>
  </testcase> <!-- CL01 -->
  <testcase classname="AutomationTesting.BillingTestSuite30th31st" name="BIL01" time="0.001">
    <failure type="java.lang.NullPointerException" message="Cannot invoke &amp;quot;org.openqa.selenium.WebDriver.findElement(org.openqa.selenium.By)&amp;quot; because &amp;quot;this.driver&amp;quot; is null">
      <![CDATA[java.lang.NullPointerException: Cannot invoke "org.openqa.selenium.WebDriver.findElement(org.openqa.selenium.By)" because "this.driver" is null
at AutomationTesting.BillingTestSuite30th31st.BIL01(BillingTestSuite30th31st.java:169)
at java.base/java.util.ArrayList.forEach(ArrayList.java:1597)
... Removed 25 stack frames]]>
    </failure>
  </testcase> <!-- BIL01 -->
  <testcase classname="AutomationTesting.BillingTestSuite30th31st" name="BIL02" time="0.001">
    <failure type="java.lang.NullPointerException" message="Cannot invoke &amp;quot;org.openqa.selenium.WebDriver.findElement(org.openqa.selenium.By)&amp;quot; because &amp;quot;this.driver&amp;quot; is null">
      <![CDATA[java.lang.NullPointerException: Cannot invoke "org.openqa.selenium.WebDriver.findElement(org.openqa.selenium.By)" because "this.driver" is null
at AutomationTesting.BillingTestSuite30th31st.BIL02(BillingTestSuite30th31st.java:296)
at java.base/java.util.ArrayList.forEach(ArrayList.java:1597)
... Removed 25 stack frames]]>
    </failure>
  </testcase> <!-- BIL02 -->
  <testcase classname="AutomationTesting.BillingTestSuite30th31st" name="BIL03" time="0.001">
    <failure type="java.lang.NullPointerException" message="Cannot invoke &amp;quot;org.openqa.selenium.WebDriver.findElement(org.openqa.selenium.By)&amp;quot; because &amp;quot;this.driver&amp;quot; is null">
      <![CDATA[java.lang.NullPointerException: Cannot invoke "org.openqa.selenium.WebDriver.findElement(org.openqa.selenium.By)" because "this.driver" is null
at AutomationTesting.BillingTestSuite30th31st.BIL03(BillingTestSuite30th31st.java:315)
at java.base/java.util.ArrayList.forEach(ArrayList.java:1597)
... Removed 25 stack frames]]>
    </failure>
  </testcase> <!-- BIL03 -->
  <testcase classname="AutomationTesting.BillingTestSuite30th31st" name="BIL04" time="0.001">
    <failure type="java.lang.NullPointerException" message="Cannot invoke &amp;quot;org.openqa.selenium.WebDriver.findElement(org.openqa.selenium.By)&amp;quot; because &amp;quot;this.driver&amp;quot; is null">
      <![CDATA[java.lang.NullPointerException: Cannot invoke "org.openqa.selenium.WebDriver.findElement(org.openqa.selenium.By)" because "this.driver" is null
at AutomationTesting.BillingTestSuite30th31st.BIL04(BillingTestSuite30th31st.java:354)
at java.base/java.util.ArrayList.forEach(ArrayList.java:1597)
... Removed 25 stack frames]]>
    </failure>
  </testcase> <!-- BIL04 -->
  <testcase classname="AutomationTesting.BillingTestSuite30th31st" name="COL01" time="0.002">
    <failure type="java.lang.NullPointerException" message="Cannot invoke &amp;quot;org.openqa.selenium.WebDriver.findElement(org.openqa.selenium.By)&amp;quot; because &amp;quot;this.driver&amp;quot; is null">
      <![CDATA[java.lang.NullPointerException: Cannot invoke "org.openqa.selenium.WebDriver.findElement(org.openqa.selenium.By)" because "this.driver" is null
at AutomationTesting.BillingTestSuite30th31st.COL01(BillingTestSuite30th31st.java:380)
at java.base/java.util.ArrayList.forEach(ArrayList.java:1597)
... Removed 25 stack frames]]>
    </failure>
  </testcase> <!-- COL01 -->
  <testcase classname="AutomationTesting.BillingTestSuite30th31st" name="COL02" time="0.001">
    <failure type="java.lang.NullPointerException" message="Cannot invoke &amp;quot;org.openqa.selenium.WebDriver.switchTo()&amp;quot; because &amp;quot;this.driver&amp;quot; is null">
      <![CDATA[java.lang.NullPointerException: Cannot invoke "org.openqa.selenium.WebDriver.switchTo()" because "this.driver" is null
at AutomationTesting.BillingTestSuite30th31st.COL02(BillingTestSuite30th31st.java:581)
at java.base/java.util.ArrayList.forEach(ArrayList.java:1597)
... Removed 25 stack frames]]>
    </failure>
  </testcase> <!-- COL02 -->
  <testcase classname="AutomationTesting.BillingTestSuite30th31st" name="COL03" time="0.001">
    <failure type="java.lang.NullPointerException" message="Cannot invoke &amp;quot;org.openqa.selenium.WebDriver.switchTo()&amp;quot; because &amp;quot;this.driver&amp;quot; is null">
      <![CDATA[java.lang.NullPointerException: Cannot invoke "org.openqa.selenium.WebDriver.switchTo()" because "this.driver" is null
at AutomationTesting.BillingTestSuite30th31st.COL03(BillingTestSuite30th31st.java:636)
at java.base/java.util.ArrayList.forEach(ArrayList.java:1597)
... Removed 25 stack frames]]>
    </failure>
  </testcase> <!-- COL03 -->
  <testcase classname="AutomationTesting.BillingTestSuite30th31st" name="AR01" time="0.001">
    <failure type="java.lang.NullPointerException" message="Cannot invoke &amp;quot;org.openqa.selenium.WebDriver.findElement(org.openqa.selenium.By)&amp;quot; because &amp;quot;this.driver&amp;quot; is null">
      <![CDATA[java.lang.NullPointerException: Cannot invoke "org.openqa.selenium.WebDriver.findElement(org.openqa.selenium.By)" because "this.driver" is null
at AutomationTesting.BillingTestSuite30th31st.AR01(BillingTestSuite30th31st.java:672)
at java.base/java.util.ArrayList.forEach(ArrayList.java:1597)
... Removed 25 stack frames]]>
    </failure>
  </testcase> <!-- AR01 -->
  <testcase classname="AutomationTesting.BillingTestSuite30th31st" name="AR02" time="0.0">
    <failure type="java.lang.NullPointerException" message="Cannot invoke &amp;quot;org.openqa.selenium.WebDriver.findElement(org.openqa.selenium.By)&amp;quot; because &amp;quot;this.driver&amp;quot; is null">
      <![CDATA[java.lang.NullPointerException: Cannot invoke "org.openqa.selenium.WebDriver.findElement(org.openqa.selenium.By)" because "this.driver" is null
at AutomationTesting.BillingTestSuite30th31st.AR02(BillingTestSuite30th31st.java:734)
at java.base/java.util.ArrayList.forEach(ArrayList.java:1597)
... Removed 25 stack frames]]>
    </failure>
  </testcase> <!-- AR02 -->
  <testcase classname="AutomationTesting.BillingTestSuite30th31st" name="AR03" time="0.001">
    <failure type="java.lang.NullPointerException" message="Cannot invoke &amp;quot;org.openqa.selenium.WebDriver.findElement(org.openqa.selenium.By)&amp;quot; because &amp;quot;this.driver&amp;quot; is null">
      <![CDATA[java.lang.NullPointerException: Cannot invoke "org.openqa.selenium.WebDriver.findElement(org.openqa.selenium.By)" because "this.driver" is null
at AutomationTesting.BillingTestSuite30th31st.AR03(BillingTestSuite30th31st.java:751)
at java.base/java.util.ArrayList.forEach(ArrayList.java:1597)
... Removed 25 stack frames]]>
    </failure>
  </testcase> <!-- AR03 -->
  <testcase classname="AutomationTesting.BillingTestSuite30th31st" name="BS01" time="0.0">
    <failure type="java.lang.NullPointerException" message="Cannot invoke &amp;quot;org.openqa.selenium.WebDriver.findElement(org.openqa.selenium.By)&amp;quot; because &amp;quot;this.driver&amp;quot; is null">
      <![CDATA[java.lang.NullPointerException: Cannot invoke "org.openqa.selenium.WebDriver.findElement(org.openqa.selenium.By)" because "this.driver" is null
at AutomationTesting.BillingTestSuite30th31st.BS01(BillingTestSuite30th31st.java:776)
at java.base/java.util.ArrayList.forEach(ArrayList.java:1597)
... Removed 25 stack frames]]>
    </failure>
  </testcase> <!-- BS01 -->
  <testcase classname="AutomationTesting.BillingTestSuite30th31st" name="BS02" time="0.001">
    <failure type="java.lang.NullPointerException" message="Cannot invoke &amp;quot;org.openqa.selenium.WebDriver.findElement(org.openqa.selenium.By)&amp;quot; because &amp;quot;this.driver&amp;quot; is null">
      <![CDATA[java.lang.NullPointerException: Cannot invoke "org.openqa.selenium.WebDriver.findElement(org.openqa.selenium.By)" because "this.driver" is null
at AutomationTesting.BillingTestSuite30th31st.BS02(BillingTestSuite30th31st.java:867)
at java.base/java.util.ArrayList.forEach(ArrayList.java:1597)
... Removed 25 stack frames]]>
    </failure>
  </testcase> <!-- BS02 -->
  <testcase classname="AutomationTesting.BillingTestSuite30th31st" name="BS03" time="0.002">
    <failure type="java.lang.NullPointerException" message="Cannot invoke &amp;quot;org.openqa.selenium.WebDriver.findElement(org.openqa.selenium.By)&amp;quot; because &amp;quot;this.driver&amp;quot; is null">
      <![CDATA[java.lang.NullPointerException: Cannot invoke "org.openqa.selenium.WebDriver.findElement(org.openqa.selenium.By)" because "this.driver" is null
at AutomationTesting.BillingTestSuite30th31st.BS03(BillingTestSuite30th31st.java:909)
at java.base/java.util.ArrayList.forEach(ArrayList.java:1597)
... Removed 25 stack frames]]>
    </failure>
  </testcase> <!-- BS03 -->
  <testcase classname="AutomationTesting.BillingTestSuite30th31st" name="BS04" time="0.001">
    <failure type="java.lang.NullPointerException" message="Cannot invoke &amp;quot;String.replace(java.lang.CharSequence, java.lang.CharSequence)&amp;quot; because &amp;quot;this.formattedTotalBilValue&amp;quot; is null">
      <![CDATA[java.lang.NullPointerException: Cannot invoke "String.replace(java.lang.CharSequence, java.lang.CharSequence)" because "this.formattedTotalBilValue" is null
at AutomationTesting.BillingTestSuite30th31st.BS04(BillingTestSuite30th31st.java:933)
at java.base/java.util.ArrayList.forEach(ArrayList.java:1597)
... Removed 25 stack frames]]>
    </failure>
  </testcase> <!-- BS04 -->
  <testcase classname="AutomationTesting.BillingTestSuite30th31st" name="BS05" time="0.001">
    <failure type="java.lang.NullPointerException" message="Cannot invoke &amp;quot;org.openqa.selenium.WebDriver.findElement(org.openqa.selenium.By)&amp;quot; because &amp;quot;this.driver&amp;quot; is null">
      <![CDATA[java.lang.NullPointerException: Cannot invoke "org.openqa.selenium.WebDriver.findElement(org.openqa.selenium.By)" because "this.driver" is null
at AutomationTesting.BillingTestSuite30th31st.BS05(BillingTestSuite30th31st.java:970)
at java.base/java.util.ArrayList.forEach(ArrayList.java:1597)
... Removed 25 stack frames]]>
    </failure>
  </testcase> <!-- BS05 -->
  <testcase classname="AutomationTesting.BillingTestSuite30th31st" name="BS06" time="0.001">
    <failure type="java.lang.NullPointerException" message="Cannot invoke &amp;quot;org.openqa.selenium.WebDriver.findElement(org.openqa.selenium.By)&amp;quot; because &amp;quot;this.driver&amp;quot; is null">
      <![CDATA[java.lang.NullPointerException: Cannot invoke "org.openqa.selenium.WebDriver.findElement(org.openqa.selenium.By)" because "this.driver" is null
at AutomationTesting.BillingTestSuite30th31st.BS06(BillingTestSuite30th31st.java:994)
at java.base/java.util.ArrayList.forEach(ArrayList.java:1597)
... Removed 25 stack frames]]>
    </failure>
  </testcase> <!-- BS06 -->
  <testcase classname="AutomationTesting.BillingTestSuite30th31st" name="SOA01" time="0.001">
    <failure type="java.lang.NullPointerException" message="Cannot invoke &amp;quot;org.openqa.selenium.WebDriver.findElement(org.openqa.selenium.By)&amp;quot; because &amp;quot;this.driver&amp;quot; is null">
      <![CDATA[java.lang.NullPointerException: Cannot invoke "org.openqa.selenium.WebDriver.findElement(org.openqa.selenium.By)" because "this.driver" is null
at AutomationTesting.BillingTestSuite30th31st.SOA01(BillingTestSuite30th31st.java:1025)
at java.base/java.util.ArrayList.forEach(ArrayList.java:1597)
... Removed 25 stack frames]]>
    </failure>
  </testcase> <!-- SOA01 -->
  <testcase classname="AutomationTesting.BillingTestSuite30th31st" name="SOA02" time="0.001">
    <failure type="java.lang.NullPointerException" message="Cannot invoke &amp;quot;org.openqa.selenium.WebDriver.findElement(org.openqa.selenium.By)&amp;quot; because &amp;quot;this.driver&amp;quot; is null">
      <![CDATA[java.lang.NullPointerException: Cannot invoke "org.openqa.selenium.WebDriver.findElement(org.openqa.selenium.By)" because "this.driver" is null
at AutomationTesting.BillingTestSuite30th31st.SOA02(BillingTestSuite30th31st.java:1085)
at java.base/java.util.ArrayList.forEach(ArrayList.java:1597)
... Removed 25 stack frames]]>
    </failure>
  </testcase> <!-- SOA02 -->
  <testcase classname="AutomationTesting.BillingTestSuite30th31st" name="SOA3" time="0.001">
    <failure type="java.lang.NullPointerException" message="Cannot invoke &amp;quot;org.openqa.selenium.WebDriver.findElement(org.openqa.selenium.By)&amp;quot; because &amp;quot;this.driver&amp;quot; is null">
      <![CDATA[java.lang.NullPointerException: Cannot invoke "org.openqa.selenium.WebDriver.findElement(org.openqa.selenium.By)" because "this.driver" is null
at AutomationTesting.BillingTestSuite30th31st.SOA3(BillingTestSuite30th31st.java:1106)
at java.base/java.util.ArrayList.forEach(ArrayList.java:1597)
... Removed 25 stack frames]]>
    </failure>
  </testcase> <!-- SOA3 -->
  <testcase classname="AutomationTesting.BillingTestSuite30th31st" name="SOA4" time="0.0">
    <failure type="java.lang.NullPointerException" message="Cannot invoke &amp;quot;org.openqa.selenium.WebDriver.findElement(org.openqa.selenium.By)&amp;quot; because &amp;quot;this.driver&amp;quot; is null">
      <![CDATA[java.lang.NullPointerException: Cannot invoke "org.openqa.selenium.WebDriver.findElement(org.openqa.selenium.By)" because "this.driver" is null
at AutomationTesting.BillingTestSuite30th31st.SOA4(BillingTestSuite30th31st.java:1127)
at java.base/java.util.ArrayList.forEach(ArrayList.java:1597)
... Removed 25 stack frames]]>
    </failure>
  </testcase> <!-- SOA4 -->
  <testcase classname="AutomationTesting.BillingTestSuite30th31st" name="SOA5" time="0.001">
    <failure type="java.lang.NullPointerException" message="Cannot invoke &amp;quot;org.openqa.selenium.WebDriver.findElement(org.openqa.selenium.By)&amp;quot; because &amp;quot;this.driver&amp;quot; is null">
      <![CDATA[java.lang.NullPointerException: Cannot invoke "org.openqa.selenium.WebDriver.findElement(org.openqa.selenium.By)" because "this.driver" is null
at AutomationTesting.BillingTestSuite30th31st.SOA5(BillingTestSuite30th31st.java:1169)
at java.base/java.util.ArrayList.forEach(ArrayList.java:1597)
... Removed 25 stack frames]]>
    </failure>
  </testcase> <!-- SOA5 -->
  <testcase classname="AutomationTesting.BillingTestSuite30th31st" name="SOA6" time="0.001">
    <failure type="java.lang.NullPointerException" message="Cannot invoke &amp;quot;String.replace(java.lang.CharSequence, java.lang.CharSequence)&amp;quot; because &amp;quot;this.totalClaims&amp;quot; is null">
      <![CDATA[java.lang.NullPointerException: Cannot invoke "String.replace(java.lang.CharSequence, java.lang.CharSequence)" because "this.totalClaims" is null
at AutomationTesting.BillingTestSuite30th31st.SOA6(BillingTestSuite30th31st.java:1193)
at java.base/java.util.ArrayList.forEach(ArrayList.java:1597)
... Removed 25 stack frames]]>
    </failure>
  </testcase> <!-- SOA6 -->
  <testcase classname="AutomationTesting.BillingTestSuite30th31st" name="SOA7" time="0.001">
    <failure type="java.lang.NullPointerException" message="Cannot invoke &amp;quot;String.replace(java.lang.CharSequence, java.lang.CharSequence)&amp;quot; because &amp;quot;this.formattedTotalAmount&amp;quot; is null">
      <![CDATA[java.lang.NullPointerException: Cannot invoke "String.replace(java.lang.CharSequence, java.lang.CharSequence)" because "this.formattedTotalAmount" is null
at AutomationTesting.BillingTestSuite30th31st.SOA7(BillingTestSuite30th31st.java:1232)
at java.base/java.util.ArrayList.forEach(ArrayList.java:1597)
... Removed 25 stack frames]]>
    </failure>
  </testcase> <!-- SOA7 -->
  <testcase classname="AutomationTesting.BillingTestSuite30th31st" name="SOA8" time="0.0">
    <failure type="java.lang.NullPointerException" message="Cannot invoke &amp;quot;String.replace(java.lang.CharSequence, java.lang.CharSequence)&amp;quot; because &amp;quot;this.formattedTotalAmount&amp;quot; is null">
      <![CDATA[java.lang.NullPointerException: Cannot invoke "String.replace(java.lang.CharSequence, java.lang.CharSequence)" because "this.formattedTotalAmount" is null
at AutomationTesting.BillingTestSuite30th31st.SOA8(BillingTestSuite30th31st.java:1270)
at java.base/java.util.ArrayList.forEach(ArrayList.java:1597)
... Removed 25 stack frames]]>
    </failure>
  </testcase> <!-- SOA8 -->
  <testcase classname="AutomationTesting.BillingTestSuite30th31st" name="SOA9" time="0.001">
    <failure type="java.lang.NullPointerException" message="Cannot invoke &amp;quot;String.replace(java.lang.CharSequence, java.lang.CharSequence)&amp;quot; because &amp;quot;this.vatableSales&amp;quot; is null">
      <![CDATA[java.lang.NullPointerException: Cannot invoke "String.replace(java.lang.CharSequence, java.lang.CharSequence)" because "this.vatableSales" is null
at AutomationTesting.BillingTestSuite30th31st.SOA9(BillingTestSuite30th31st.java:1301)
at java.base/java.util.ArrayList.forEach(ArrayList.java:1597)
... Removed 25 stack frames]]>
    </failure>
  </testcase> <!-- SOA9 -->
  <testcase classname="AutomationTesting.BillingTestSuite30th31st" name="SOA10" time="0.001">
    <failure type="java.lang.NullPointerException" message="Cannot invoke &amp;quot;String.replace(java.lang.CharSequence, java.lang.CharSequence)&amp;quot; because &amp;quot;this.vatableSales&amp;quot; is null">
      <![CDATA[java.lang.NullPointerException: Cannot invoke "String.replace(java.lang.CharSequence, java.lang.CharSequence)" because "this.vatableSales" is null
at AutomationTesting.BillingTestSuite30th31st.SOA10(BillingTestSuite30th31st.java:1329)
at java.base/java.util.ArrayList.forEach(ArrayList.java:1597)
... Removed 25 stack frames]]>
    </failure>
  </testcase> <!-- SOA10 -->
  <testcase classname="AutomationTesting.BillingTestSuite30th31st" name="SOA11" time="0.0">
    <failure type="java.lang.NullPointerException" message="Cannot invoke &amp;quot;org.openqa.selenium.WebDriver.findElement(org.openqa.selenium.By)&amp;quot; because &amp;quot;this.driver&amp;quot; is null">
      <![CDATA[java.lang.NullPointerException: Cannot invoke "org.openqa.selenium.WebDriver.findElement(org.openqa.selenium.By)" because "this.driver" is null
at AutomationTesting.BillingTestSuite30th31st.SOA11(BillingTestSuite30th31st.java:1363)
at java.base/java.util.ArrayList.forEach(ArrayList.java:1597)
... Removed 25 stack frames]]>
    </failure>
  </testcase> <!-- SOA11 -->
  <testcase classname="AutomationTesting.BillingTestSuite30th31st" name="SOA12" time="0.001">
    <failure type="java.lang.NullPointerException" message="Cannot invoke &amp;quot;String.replace(java.lang.CharSequence, java.lang.CharSequence)&amp;quot; because &amp;quot;this.amountDue&amp;quot; is null">
      <![CDATA[java.lang.NullPointerException: Cannot invoke "String.replace(java.lang.CharSequence, java.lang.CharSequence)" because "this.amountDue" is null
at AutomationTesting.BillingTestSuite30th31st.SOA12(BillingTestSuite30th31st.java:1384)
at java.base/java.util.ArrayList.forEach(ArrayList.java:1597)
... Removed 25 stack frames]]>
    </failure>
  </testcase> <!-- SOA12 -->
  <testcase classname="AutomationTesting.BillingTestSuite30th31st" name="SOA13" time="0.0">
    <failure type="java.lang.NullPointerException" message="Cannot invoke &amp;quot;org.openqa.selenium.WebDriver.findElement(org.openqa.selenium.By)&amp;quot; because &amp;quot;this.driver&amp;quot; is null">
      <![CDATA[java.lang.NullPointerException: Cannot invoke "org.openqa.selenium.WebDriver.findElement(org.openqa.selenium.By)" because "this.driver" is null
at AutomationTesting.BillingTestSuite30th31st.SOA13(BillingTestSuite30th31st.java:1405)
at java.base/java.util.ArrayList.forEach(ArrayList.java:1597)
... Removed 25 stack frames]]>
    </failure>
  </testcase> <!-- SOA13 -->
  <testcase classname="AutomationTesting.BillingTestSuite30th31st" name="SOA14" time="0.001">
    <failure type="java.lang.NullPointerException" message="Cannot invoke &amp;quot;String.replace(java.lang.CharSequence, java.lang.CharSequence)&amp;quot; because &amp;quot;this.formattedAllCurrentBalance&amp;quot; is null">
      <![CDATA[java.lang.NullPointerException: Cannot invoke "String.replace(java.lang.CharSequence, java.lang.CharSequence)" because "this.formattedAllCurrentBalance" is null
at AutomationTesting.BillingTestSuite30th31st.SOA14(BillingTestSuite30th31st.java:1430)
at java.base/java.util.ArrayList.forEach(ArrayList.java:1597)
... Removed 25 stack frames]]>
    </failure>
  </testcase> <!-- SOA14 -->
  <testcase classname="AutomationTesting.BillingTestSuite30th31st" name="SOA15" time="0.001">
    <failure type="java.lang.NullPointerException" message="Cannot invoke &amp;quot;org.openqa.selenium.WebDriver.get(String)&amp;quot; because &amp;quot;this.driver&amp;quot; is null">
      <![CDATA[java.lang.NullPointerException: Cannot invoke "org.openqa.selenium.WebDriver.get(String)" because "this.driver" is null
at AutomationTesting.BillingTestSuite30th31st.SOA15(BillingTestSuite30th31st.java:1464)
at java.base/java.util.ArrayList.forEach(ArrayList.java:1597)
... Removed 25 stack frames]]>
    </failure>
  </testcase> <!-- SOA15 -->
  <testcase classname="AutomationTesting.SettingClass" name="@AfterTest tearDown" time="0.0">
    <ignored/>
  </testcase> <!-- @AfterTest tearDown -->
  <testcase classname="AutomationTesting.SettingClass" name="@BeforeTest setUp" time="0.0">
    <ignored/>
  </testcase> <!-- @BeforeTest setUp -->
</testsuite> <!-- Billing Semi Monthly -->
