<?xml version="1.0" encoding="UTF-8"?>
<!-- Generated by org.testng.reporters.JUnitXMLReporter -->
<testsuite ignored="0" hostname="ENIC-LDUERO" failures="0" tests="27" name="Billing Semi Monthly" time="0.044" errors="0" timestamp="2025-01-16T16:47:12 GMT+08:00">
  <testcase classname="AutomationTesting.SettingClass" name="@BeforeTest setUp" time="0.008">
    <failure type="java.lang.NoClassDefFoundError" message="org/openqa/selenium/WebDriver">
      <![CDATA[java.lang.NoClassDefFoundError: org/openqa/selenium/WebDriver
at AutomationTesting.SettingClass.setUp(SettingClass.java:13)
Caused by: java.lang.ClassNotFoundException: org.openqa.selenium.WebDriver
at java.base/jdk.internal.loader.BuiltinClassLoader.loadClass(BuiltinClassLoader.java:641)
at java.base/jdk.internal.loader.ClassLoaders$AppClassLoader.loadClass(ClassLoaders.java:188)
at java.base/java.lang.ClassLoader.loadClass(ClassLoader.java:528)
... 22 more
... Removed 21 stack frames]]>
    </failure>
  </testcase> <!-- @BeforeTest setUp -->
  <testcase classname="AutomationTesting.SettingClass" name="@AfterTest tearDown" time="-1.737017232889E9">
    <skipped/>
  </testcase> <!-- @AfterTest tearDown -->
  <testcase classname="AutomationTesting.BillingTestSuite16th" name="LI01" time="0.0">
    <skipped/>
  </testcase> <!-- LI01 -->
  <testcase classname="AutomationTesting.BillingTestSuite16th" name="LI02" time="0.0">
    <skipped/>
  </testcase> <!-- LI02 -->
  <testcase classname="AutomationTesting.BillingTestSuite16th" name="BIL01" time="0.0">
    <skipped/>
  </testcase> <!-- BIL01 -->
  <testcase classname="AutomationTesting.BillingTestSuite16th" name="BIL02" time="0.0">
    <skipped/>
  </testcase> <!-- BIL02 -->
  <testcase classname="AutomationTesting.BillingTestSuite16th" name="BIL03" time="0.0">
    <skipped/>
  </testcase> <!-- BIL03 -->
  <testcase classname="AutomationTesting.BillingTestSuite16th" name="BIL04" time="0.0">
    <skipped/>
  </testcase> <!-- BIL04 -->
  <testcase classname="AutomationTesting.BillingTestSuite16th" name="COL01" time="0.0">
    <skipped/>
  </testcase> <!-- COL01 -->
  <testcase classname="AutomationTesting.BillingTestSuite16th" name="COL02" time="0.0">
    <skipped/>
  </testcase> <!-- COL02 -->
  <testcase classname="AutomationTesting.BillingTestSuite16th" name="COL03" time="0.0">
    <skipped/>
  </testcase> <!-- COL03 -->
  <testcase classname="AutomationTesting.BillingTestSuite16th" name="AR01" time="0.0">
    <skipped/>
  </testcase> <!-- AR01 -->
  <testcase classname="AutomationTesting.BillingTestSuite16th" name="AR02" time="0.0">
    <skipped/>
  </testcase> <!-- AR02 -->
  <testcase classname="AutomationTesting.BillingTestSuite16th" name="AR03" time="0.0">
    <skipped/>
  </testcase> <!-- AR03 -->
  <testcase classname="AutomationTesting.BillingTestSuite16th" name="SOA01" time="0.0">
    <skipped/>
  </testcase> <!-- SOA01 -->
  <testcase classname="AutomationTesting.BillingTestSuite16th" name="SOA02" time="0.0">
    <skipped/>
  </testcase> <!-- SOA02 -->
  <testcase classname="AutomationTesting.BillingTestSuite16th" name="SOA3" time="0.0">
    <skipped/>
  </testcase> <!-- SOA3 -->
  <testcase classname="AutomationTesting.BillingTestSuite16th" name="SOA4" time="0.0">
    <skipped/>
  </testcase> <!-- SOA4 -->
  <testcase classname="AutomationTesting.BillingTestSuite16th" name="SOA5" time="0.0">
    <skipped/>
  </testcase> <!-- SOA5 -->
  <testcase classname="AutomationTesting.BillingTestSuite16th" name="SOA6" time="0.0">
    <skipped/>
  </testcase> <!-- SOA6 -->
  <testcase classname="AutomationTesting.BillingTestSuite16th" name="SOA7" time="0.0">
    <skipped/>
  </testcase> <!-- SOA7 -->
  <testcase classname="AutomationTesting.BillingTestSuite16th" name="SOA8" time="0.0">
    <skipped/>
  </testcase> <!-- SOA8 -->
  <testcase classname="AutomationTesting.BillingTestSuite16th" name="SOA9" time="0.0">
    <skipped/>
  </testcase> <!-- SOA9 -->
  <testcase classname="AutomationTesting.BillingTestSuite16th" name="SOA10" time="0.0">
    <skipped/>
  </testcase> <!-- SOA10 -->
  <testcase classname="AutomationTesting.BillingTestSuite16th" name="SOA11" time="0.0">
    <skipped/>
  </testcase> <!-- SOA11 -->
  <testcase classname="AutomationTesting.BillingTestSuite16th" name="SOA12" time="0.0">
    <skipped/>
  </testcase> <!-- SOA12 -->
  <testcase classname="AutomationTesting.BillingTestSuite16th" name="SOA13" time="0.0">
    <skipped/>
  </testcase> <!-- SOA13 -->
  <testcase classname="AutomationTesting.BillingTestSuite16th" name="SOA14" time="0.0">
    <skipped/>
  </testcase> <!-- SOA14 -->
  <testcase classname="AutomationTesting.BillingTestSuite16th" name="SOA15" time="0.0">
    <skipped/>
  </testcase> <!-- SOA15 -->
</testsuite> <!-- Billing Semi Monthly -->
