<?xml version="1.0" encoding="UTF-8"?>
<!-- Generated by org.testng.reporters.JUnitXMLReporter -->
<testsuite ignored="0" hostname="ENIC-LDUERO" failures="0" tests="7" name="Default test" time="38.85" errors="0" timestamp="2025-01-07T17:01:23 GMT+08:00">
  <testcase classname="AutomationTesting.BillingTestSuite16th" name="LI01" time="0.899"/>
  <testcase classname="AutomationTesting.BillingTestSuite16th" name="LI02" time="0.681"/>
  <testcase classname="AutomationTesting.BillingTestSuite16th" name="BIL01" time="20.919"/>
  <testcase classname="AutomationTesting.BillingTestSuite16th" name="BIL02" time="0.019"/>
  <testcase classname="AutomationTesting.BillingTestSuite16th" name="BIL03" time="0.053"/>
  <testcase classname="AutomationTesting.BillingTestSuite16th" name="BIL04" time="0.038"/>
  <testcase classname="AutomationTesting.BillingTestSuite16th" name="COL01" time="14.701"/>
</testsuite> <!-- Default test -->
